[00:18:25.356] [INFO ] - Starting the browser... (Browser:212) 
[00:18:25.393] [INFO ] - Setting up Chrome driver... (Browser:75) 
[00:18:33.828] [INFO ] - Setting screen size of Browser to NORMAL... (Browser:253) 
[00:18:33.829] [INFO ] - Setting screen resolution to [ScreenResolution{height=768, width=1280}]... (Browser:264) 
[00:18:34.996] [INFO ] - Finding elements available on the page. (PageFactory:51) 
[00:18:35.019] [INFO ] - Finding element signInLink using locator By.linkText: Sign in. (PageFactory:83) 
[00:18:35.101] [INFO ] - Navigating to [http://automationpractice.com/index.php]... (DriverListner:299) 
[00:18:43.398] [TRACE] - Navigated to url [http://automationpractice.com/index.php]... (DriverListner:154) 
[00:18:43.440] [INFO ] - Finding elements available on the page. (PageFactory:51) 
[00:18:43.441] [INFO ] - Finding element signInLink using locator By.linkText: Sign in. (PageFactory:83) 
[00:18:43.448] [TRACE] - Finding element by [By.linkText: Sign in] (DriverListner:236) 
[00:18:43.501] [TRACE] - Element found using [By.linkText: Sign in]... (DriverListner:91) 
[00:18:44.208] [INFO ] - Clicking on Element... (DriverListner:224) 
[00:18:46.538] [TRACE] - Clicked on element... (DriverListner:79) 
[00:18:46.616] [INFO ] - Finding elements available on the page. (PageFactory:51) 
[00:18:46.617] [INFO ] - Finding element createAccountButton using locator By.id: SubmitCreate. (PageFactory:83) 
[00:18:46.619] [INFO ] - Finding element emailId using locator By.id: email_create. (PageFactory:83) 
[00:18:46.620] [INFO ] - Finding element password using locator By.id: passwd. (PageFactory:83) 
[00:18:46.621] [INFO ] - Finding element signInButton using locator By.id: SubmitLogin. (PageFactory:83) 
[00:18:46.622] [INFO ] - Finding element signInEmail using locator By.id: email. (PageFactory:83) 
[00:18:46.713] [TRACE] - Finding element by [By.id: email_create] (DriverListner:236) 
[00:18:46.761] [TRACE] - Element found using [By.id: email_create]... (DriverListner:91) 
[00:18:47.399] [INFO ] - Clicking on Element... (DriverListner:224) 
[00:18:47.543] [TRACE] - Clicked on element... (DriverListner:79) 
[00:18:47.546] [TRACE] - Finding element by [By.id: email_create] (DriverListner:236) 
[00:18:47.586] [TRACE] - Element found using [By.id: email_create]... (DriverListner:91) 
[00:18:48.378] [TRACE] - Finding element by [By.id: email_create] (DriverListner:236) 
[00:18:48.404] [TRACE] - Element found using [By.id: email_create]... (DriverListner:91) 
[00:18:48.949] [INFO ] - Writing text [quentin.jast@yahoo.com]... (DriverListner:212) 
[00:18:49.217] [TRACE] - Text [quentin.jast@yahoo.com] has been entered... (DriverListner:67) 
[00:18:49.218] [TRACE] - Finding element by [By.id: SubmitCreate] (DriverListner:236) 
[00:18:49.259] [TRACE] - Element found using [By.id: SubmitCreate]... (DriverListner:91) 
[00:18:49.913] [INFO ] - Clicking on Element... (DriverListner:224) 
[00:18:50.081] [TRACE] - Clicked on element... (DriverListner:79) 
[00:18:50.084] [INFO ] - Finding elements available on the page. (PageFactory:51) 
[00:18:50.085] [INFO ] - Finding element addressLine1 using locator By.id: address1. (PageFactory:83) 
[00:18:50.086] [INFO ] - Finding element addressLine2 using locator By.id: address2. (PageFactory:83) 
[00:18:50.087] [INFO ] - Finding element city using locator By.id: city. (PageFactory:83) 
[00:18:50.088] [INFO ] - Finding element company using locator By.id: company. (PageFactory:83) 
[00:18:50.089] [INFO ] - Finding element country using locator By.id: id_country. (PageFactory:83) 
[00:18:50.090] [INFO ] - Finding element parentOfDay using locator By.id: uniform-days. (PageFactory:83) 
[00:18:50.091] [INFO ] - Finding element day using locator By.id: days. (PageFactory:83) 
[00:18:50.092] [TRACE] - Finding element by [By.id: uniform-days] (DriverListner:236) 
[00:18:52.449] [TRACE] - Element found using [By.id: uniform-days]... (DriverListner:91) 
[00:18:53.075] [TRACE] - Finding element by [By.id: days] (DriverListner:236) 
[00:18:53.127] [TRACE] - Element found using [By.id: days]... (DriverListner:91) 
[00:18:53.128] [INFO ] - Finding element firstName using locator By.name: customer_firstname. (PageFactory:83) 
[00:18:53.129] [INFO ] - Finding element lastName using locator By.name: customer_lastname. (PageFactory:83) 
[00:18:53.132] [INFO ] - Finding element mobilePhone using locator By.id: phone_mobile. (PageFactory:83) 
[00:18:53.133] [INFO ] - Finding element parentOfMonths using locator By.id: uniform-months. (PageFactory:83) 
[00:18:53.135] [INFO ] - Finding element month using locator By.id: months. (PageFactory:83) 
[00:18:53.135] [TRACE] - Finding element by [By.id: uniform-months] (DriverListner:236) 
[00:18:53.175] [TRACE] - Element found using [By.id: uniform-months]... (DriverListner:91) 
[00:18:53.819] [TRACE] - Finding element by [By.id: months] (DriverListner:236) 
[00:18:53.890] [TRACE] - Element found using [By.id: months]... (DriverListner:91) 
[00:18:53.892] [INFO ] - Finding element parentOfMrRadioBtn using locator By.id: uniform-id_gender1. (PageFactory:83) 
[00:18:53.894] [INFO ] - Finding element mrRadioBtn using locator By.id: id_gender1. (PageFactory:83) 
[00:18:53.895] [TRACE] - Finding element by [By.id: uniform-id_gender1] (DriverListner:236) 
[00:18:53.964] [TRACE] - Element found using [By.id: uniform-id_gender1]... (DriverListner:91) 
[00:18:54.644] [TRACE] - Finding element by [By.id: id_gender1] (DriverListner:236) 
[00:18:54.677] [TRACE] - Element found using [By.id: id_gender1]... (DriverListner:91) 
[00:18:54.679] [INFO ] - Finding element parentOfMrsRadioBtn using locator By.id: uniform-id_gender2. (PageFactory:83) 
[00:18:54.680] [INFO ] - Finding element mrsRadioBtn using locator By.id: id_gender2. (PageFactory:83) 
[00:18:54.681] [TRACE] - Finding element by [By.id: uniform-id_gender2] (DriverListner:236) 
[00:18:54.713] [TRACE] - Element found using [By.id: uniform-id_gender2]... (DriverListner:91) 
[00:18:55.337] [TRACE] - Finding element by [By.id: id_gender2] (DriverListner:236) 
[00:18:55.406] [TRACE] - Element found using [By.id: id_gender2]... (DriverListner:91) 
[00:18:55.408] [INFO ] - Finding element parentOfDay using locator By.id: uniform-days. (PageFactory:83) 
[00:18:55.409] [INFO ] - Finding element parentOfMonths using locator By.id: uniform-months. (PageFactory:83) 
[00:18:55.410] [INFO ] - Finding element parentOfYears using locator By.id: uniform-years. (PageFactory:83) 
[00:18:55.412] [INFO ] - Finding element password using locator By.id: passwd. (PageFactory:83) 
[00:18:55.413] [INFO ] - Finding element receiveOffers using locator By.id: optin. (PageFactory:83) 
[00:18:55.414] [INFO ] - Finding element registerButton using locator By.id: submitAccount. (PageFactory:83) 
[00:18:55.416] [INFO ] - Finding element signUp using locator By.id: newsletter. (PageFactory:83) 
[00:18:55.417] [INFO ] - Finding element state using locator By.id: uniform-id_state. (PageFactory:83) 
[00:18:55.418] [INFO ] - Finding element year using locator By.id: years. (PageFactory:83) 
[00:18:55.420] [TRACE] - Finding element by [By.id: uniform-years] (DriverListner:236) 
[00:18:55.488] [TRACE] - Element found using [By.id: uniform-years]... (DriverListner:91) 
[00:18:56.188] [TRACE] - Finding element by [By.id: years] (DriverListner:236) 
[00:18:56.252] [TRACE] - Element found using [By.id: years]... (DriverListner:91) 
[00:18:56.254] [INFO ] - Finding element zipCode using locator By.id: postcode. (PageFactory:83) 
[00:19:56.564] [TRACE] - Finding element by [By.linkText: Sign out] (DriverListner:236) 
[00:20:56.728] [ERROR] - Error occurred: no such element: Unable to locate element: {"method":"link text","selector":"Sign out"}
  (Session info: chrome=75.0.3770.100)
For documentation on this error, please visit: https://www.seleniumhq.org/exceptions/no_such_element.html
Build info: version: '3.141.59', revision: 'e82be7d358', time: '2018-11-14T08:17:03'
System info: host: 'FAISALKHATRI', ip: '10.0.75.1', os.name: 'Windows 10', os.arch: 'amd64', os.version: '10.0', java.version: '1.8.0_212'
Driver info: org.openqa.selenium.chrome.ChromeDriver
Capabilities {acceptInsecureCerts: false, browserName: chrome, browserVersion: 75.0.3770.100, chrome: {chromedriverVersion: 75.0.3770.8 (681f24ea911fe7..., userDataDir: C:\Users\ADMIN\AppData\Loca...}, goog:chromeOptions: {debuggerAddress: localhost:55898}, javascriptEnabled: true, networkConnectionEnabled: false, pageLoadStrategy: normal, platform: XP, platformName: XP, proxy: Proxy(), setWindowRect: true, strictFileInteractability: false, timeouts: {implicit: 0, pageLoad: 300000, script: 30000}, unhandledPromptBehavior: dismiss and notify}
Session ID: 90165d32f55c55d857a267fd576f3848
*** Element info: {Using=link text, value=Sign out} (DriverListner:332) 
[00:20:56.731] [ERROR] - 	at: sun.reflect.NativeConstructorAccessorImpl.newInstance0(Native Method) (DriverListner:334) 
[00:20:56.732] [ERROR] - 	at: sun.reflect.NativeConstructorAccessorImpl.newInstance(NativeConstructorAccessorImpl.java:62) (DriverListner:334) 
[00:20:56.733] [ERROR] - 	at: sun.reflect.DelegatingConstructorAccessorImpl.newInstance(DelegatingConstructorAccessorImpl.java:45) (DriverListner:334) 
[00:20:56.734] [ERROR] - 	at: java.lang.reflect.Constructor.newInstance(Constructor.java:423) (DriverListner:334) 
[00:20:56.735] [ERROR] - 	at: org.openqa.selenium.remote.http.W3CHttpResponseCodec.createException(W3CHttpResponseCodec.java:187) (DriverListner:334) 
[00:20:56.736] [ERROR] - 	at: org.openqa.selenium.remote.http.W3CHttpResponseCodec.decode(W3CHttpResponseCodec.java:122) (DriverListner:334) 
[00:20:56.737] [ERROR] - 	at: org.openqa.selenium.remote.http.W3CHttpResponseCodec.decode(W3CHttpResponseCodec.java:49) (DriverListner:334) 
[00:20:56.738] [ERROR] - 	at: org.openqa.selenium.remote.HttpCommandExecutor.execute(HttpCommandExecutor.java:158) (DriverListner:334) 
[00:20:56.739] [ERROR] - 	at: org.openqa.selenium.remote.service.DriverCommandExecutor.execute(DriverCommandExecutor.java:83) (DriverListner:334) 
[00:20:56.740] [ERROR] - 	at: org.openqa.selenium.remote.RemoteWebDriver.execute(RemoteWebDriver.java:552) (DriverListner:334) 
[00:20:56.740] [ERROR] - 	at: org.openqa.selenium.remote.RemoteWebDriver.findElement(RemoteWebDriver.java:323) (DriverListner:334) 
[00:20:56.741] [ERROR] - 	at: org.openqa.selenium.remote.RemoteWebDriver.findElementByLinkText(RemoteWebDriver.java:380) (DriverListner:334) 
[00:20:56.742] [ERROR] - 	at: org.openqa.selenium.By$ByLinkText.findElement(By.java:220) (DriverListner:334) 
[00:20:56.742] [ERROR] - 	at: org.openqa.selenium.remote.RemoteWebDriver.findElement(RemoteWebDriver.java:315) (DriverListner:334) 
[00:20:56.743] [ERROR] - 	at: sun.reflect.NativeMethodAccessorImpl.invoke0(Native Method) (DriverListner:334) 
[00:20:56.743] [ERROR] - 	at: sun.reflect.NativeMethodAccessorImpl.invoke(NativeMethodAccessorImpl.java:62) (DriverListner:334) 
[00:20:56.744] [ERROR] - 	at: sun.reflect.DelegatingMethodAccessorImpl.invoke(DelegatingMethodAccessorImpl.java:43) (DriverListner:334) 
[00:20:56.744] [ERROR] - 	at: java.lang.reflect.Method.invoke(Method.java:498) (DriverListner:334) 
[00:20:56.745] [ERROR] - 	at: org.openqa.selenium.support.events.EventFiringWebDriver.lambda$new$1(EventFiringWebDriver.java:105) (DriverListner:334) 
[00:20:56.746] [ERROR] - 	at: com.sun.proxy.$Proxy27.findElement(Unknown Source) (DriverListner:334) 
[00:20:56.746] [ERROR] - 	at: org.openqa.selenium.support.events.EventFiringWebDriver.findElement(EventFiringWebDriver.java:194) (DriverListner:334) 
[00:20:56.747] [ERROR] - 	at: org.openqa.selenium.support.ui.ExpectedConditions$7.apply(ExpectedConditions.java:205) (DriverListner:334) 
[00:20:56.748] [ERROR] - 	at: org.openqa.selenium.support.ui.ExpectedConditions$7.apply(ExpectedConditions.java:201) (DriverListner:334) 
[00:20:56.749] [ERROR] - 	at: org.openqa.selenium.support.ui.FluentWait.until(FluentWait.java:249) (DriverListner:334) 
[00:20:56.749] [ERROR] - 	at: com.github.wasiqb.coteafs.selenium.core.ElementAction.waitUntilLocatorVisible(ElementAction.java:451) (DriverListner:334) 
[00:20:56.750] [ERROR] - 	at: com.github.wasiqb.coteafs.selenium.core.ElementAction.waitUntilVisible(ElementAction.java:397) (DriverListner:334) 
[00:20:56.751] [ERROR] - 	at: com.github.wasiqb.coteafs.selenium.core.ElementAction.prepareForAction(ElementAction.java:424) (DriverListner:334) 
[00:20:56.751] [ERROR] - 	at: com.github.wasiqb.coteafs.selenium.core.ElementAction.perform(ElementAction.java:419) (DriverListner:334) 
[00:20:56.752] [ERROR] - 	at: com.github.wasiqb.coteafs.selenium.core.ElementAction.click(ElementAction.java:142) (DriverListner:334) 
[00:20:56.753] [ERROR] - 	at: com.wizonsoft.action.SignoutAction.signoutWebsite(SignoutAction.java:28) (DriverListner:334) 
[00:20:56.753] [ERROR] - 	at: com.wizonsoft.action.SignoutAction.perform(SignoutAction.java:23) (DriverListner:334) 
[00:20:56.754] [ERROR] - 	at: com.wizonsoft.tests.SignoutTests.testSignOut(SignoutTests.java:20) (DriverListner:334) 
[00:20:56.754] [ERROR] - 	at: sun.reflect.NativeMethodAccessorImpl.invoke0(Native Method) (DriverListner:334) 
[00:20:56.755] [ERROR] - 	at: sun.reflect.NativeMethodAccessorImpl.invoke(NativeMethodAccessorImpl.java:62) (DriverListner:334) 
[00:20:56.755] [ERROR] - 	at: sun.reflect.DelegatingMethodAccessorImpl.invoke(DelegatingMethodAccessorImpl.java:43) (DriverListner:334) 
[00:20:56.756] [ERROR] - 	at: java.lang.reflect.Method.invoke(Method.java:498) (DriverListner:334) 
[00:20:56.757] [ERROR] - 	at: org.testng.internal.MethodInvocationHelper.invokeMethod(MethodInvocationHelper.java:124) (DriverListner:334) 
[00:20:56.757] [ERROR] - 	at: org.testng.internal.Invoker.invokeMethod(Invoker.java:583) (DriverListner:334) 
[00:20:56.758] [ERROR] - 	at: org.testng.internal.Invoker.invokeTestMethod(Invoker.java:719) (DriverListner:334) 
[00:20:56.758] [ERROR] - 	at: org.testng.internal.Invoker.invokeTestMethods(Invoker.java:989) (DriverListner:334) 
[00:20:56.759] [ERROR] - 	at: org.testng.internal.TestMethodWorker.invokeTestMethods(TestMethodWorker.java:125) (DriverListner:334) 
[00:20:56.759] [ERROR] - 	at: org.testng.internal.TestMethodWorker.run(TestMethodWorker.java:109) (DriverListner:334) 
[00:20:56.760] [ERROR] - 	at: org.testng.TestRunner.privateRun(TestRunner.java:648) (DriverListner:334) 
[00:20:56.760] [ERROR] - 	at: org.testng.TestRunner.run(TestRunner.java:505) (DriverListner:334) 
[00:20:56.761] [ERROR] - 	at: org.testng.SuiteRunner.runTest(SuiteRunner.java:455) (DriverListner:334) 
[00:20:56.762] [ERROR] - 	at: org.testng.SuiteRunner.access$000(SuiteRunner.java:40) (DriverListner:334) 
[00:20:56.762] [ERROR] - 	at: org.testng.SuiteRunner$SuiteWorker.run(SuiteRunner.java:489) (DriverListner:334) 
[00:20:56.762] [ERROR] - 	at: org.testng.internal.thread.ThreadUtil$1.call(ThreadUtil.java:52) (DriverListner:334) 
[00:20:56.763] [ERROR] - 	at: java.util.concurrent.FutureTask.run(FutureTask.java:266) (DriverListner:334) 
[00:20:56.763] [ERROR] - 	at: java.util.concurrent.ThreadPoolExecutor.runWorker(ThreadPoolExecutor.java:1149) (DriverListner:334) 
[00:20:56.764] [ERROR] - 	at: java.util.concurrent.ThreadPoolExecutor$Worker.run(ThreadPoolExecutor.java:624) (DriverListner:334) 
[00:20:56.764] [ERROR] - 	at: java.lang.Thread.run(Thread.java:748) (DriverListner:334) 
[00:20:56.765] [ERROR] - Catching (DriverListner:336) no such element: Unable to locate element: {"method":"link text","selector":"Sign out"}
  (Session info: chrome=75.0.3770.100)
For documentation on this error, please visit: https://www.seleniumhq.org/exceptions/no_such_element.html
Build info: version: '3.141.59', revision: 'e82be7d358', time: '2018-11-14T08:17:03'
System info: host: 'FAISALKHATRI', ip: '10.0.75.1', os.name: 'Windows 10', os.arch: 'amd64', os.version: '10.0', java.version: '1.8.0_212'
Driver info: org.openqa.selenium.chrome.ChromeDriver
Capabilities {acceptInsecureCerts: false, browserName: chrome, browserVersion: 75.0.3770.100, chrome: {chromedriverVersion: 75.0.3770.8 (681f24ea911fe7..., userDataDir: C:\Users\ADMIN\AppData\Loca...}, goog:chromeOptions: {debuggerAddress: localhost:55898}, javascriptEnabled: true, networkConnectionEnabled: false, pageLoadStrategy: normal, platform: XP, platformName: XP, proxy: Proxy(), setWindowRect: true, strictFileInteractability: false, timeouts: {implicit: 0, pageLoad: 300000, script: 30000}, unhandledPromptBehavior: dismiss and notify}
Session ID: 90165d32f55c55d857a267fd576f3848
*** Element info: {Using=link text, value=Sign out}
[00:20:56.786] [INFO ] - Stopping the browser... (Browser:232) 
