[21:24:16.031] [ERROR] - Error occurred: Cannot locate an element using link text=Sign out
For documentation on this error, please visit: https://www.seleniumhq.org/exceptions/no_such_element.html
Build info: version: '3.141.59', revision: 'e82be7d358', time: '2018-11-14T08:17:03'
System info: host: 'FAISALKHATRI', ip: '10.0.75.1', os.name: 'Windows 10', os.arch: 'amd64', os.version: '10.0', java.version: '1.8.0_212'
Driver info: driver.version: EventFiringWebDriver (DriverListner:332) 
[21:24:16.033] [ERROR] - 	at: org.openqa.selenium.remote.RemoteWebDriver.findElement(RemoteWebDriver.java:327) (DriverListner:334) 
[21:24:16.034] [ERROR] - 	at: org.openqa.selenium.remote.RemoteWebDriver.findElementByLinkText(RemoteWebDriver.java:380) (DriverListner:334) 
[21:24:16.036] [ERROR] - 	at: org.openqa.selenium.By$ByLinkText.findElement(By.java:220) (DriverListner:334) 
[21:24:16.036] [ERROR] - 	at: org.openqa.selenium.remote.RemoteWebDriver.findElement(RemoteWebDriver.java:315) (DriverListner:334) 
[21:24:16.037] [ERROR] - 	at: sun.reflect.NativeMethodAccessorImpl.invoke0(Native Method) (DriverListner:334) 
[21:24:16.038] [ERROR] - 	at: sun.reflect.NativeMethodAccessorImpl.invoke(NativeMethodAccessorImpl.java:62) (DriverListner:334) 
[21:24:16.039] [ERROR] - 	at: sun.reflect.DelegatingMethodAccessorImpl.invoke(DelegatingMethodAccessorImpl.java:43) (DriverListner:334) 
[21:24:16.041] [ERROR] - 	at: java.lang.reflect.Method.invoke(Method.java:498) (DriverListner:334) 
[21:24:16.043] [ERROR] - 	at: org.openqa.selenium.support.events.EventFiringWebDriver.lambda$new$1(EventFiringWebDriver.java:105) (DriverListner:334) 
[21:24:16.043] [ERROR] - 	at: com.sun.proxy.$Proxy28.findElement(Unknown Source) (DriverListner:334) 
[21:24:16.044] [ERROR] - 	at: org.openqa.selenium.support.events.EventFiringWebDriver.findElement(EventFiringWebDriver.java:194) (DriverListner:334) 
[21:24:16.045] [ERROR] - 	at: org.openqa.selenium.support.ui.ExpectedConditions$7.apply(ExpectedConditions.java:205) (DriverListner:334) 
[21:24:16.045] [ERROR] - 	at: org.openqa.selenium.support.ui.ExpectedConditions$7.apply(ExpectedConditions.java:201) (DriverListner:334) 
[21:24:16.046] [ERROR] - 	at: org.openqa.selenium.support.ui.FluentWait.until(FluentWait.java:249) (DriverListner:334) 
[21:24:16.047] [ERROR] - 	at: com.github.wasiqb.coteafs.selenium.core.ElementAction.waitUntilLocatorVisible(ElementAction.java:451) (DriverListner:334) 
[21:24:16.047] [ERROR] - 	at: com.github.wasiqb.coteafs.selenium.core.ElementAction.waitUntilVisible(ElementAction.java:397) (DriverListner:334) 
[21:24:16.048] [ERROR] - 	at: com.github.wasiqb.coteafs.selenium.core.ElementAction.prepareForAction(ElementAction.java:424) (DriverListner:334) 
[21:24:16.049] [ERROR] - 	at: com.github.wasiqb.coteafs.selenium.core.ElementAction.perform(ElementAction.java:419) (DriverListner:334) 
[21:24:16.049] [ERROR] - 	at: com.github.wasiqb.coteafs.selenium.core.ElementAction.click(ElementAction.java:142) (DriverListner:334) 
[21:24:16.050] [ERROR] - 	at: com.wizonsoft.action.SignoutAction.signoutWebsite(SignoutAction.java:28) (DriverListner:334) 
[21:24:16.052] [ERROR] - 	at: com.wizonsoft.action.SignoutAction.perform(SignoutAction.java:23) (DriverListner:334) 
[21:24:16.052] [ERROR] - 	at: com.wizonsoft.tests.SignoutTests.testSignOut(SignoutTests.java:20) (DriverListner:334) 
[21:24:16.053] [ERROR] - 	at: sun.reflect.NativeMethodAccessorImpl.invoke0(Native Method) (DriverListner:334) 
[21:24:16.053] [ERROR] - 	at: sun.reflect.NativeMethodAccessorImpl.invoke(NativeMethodAccessorImpl.java:62) (DriverListner:334) 
[21:24:16.054] [ERROR] - 	at: sun.reflect.DelegatingMethodAccessorImpl.invoke(DelegatingMethodAccessorImpl.java:43) (DriverListner:334) 
[21:24:16.055] [ERROR] - 	at: java.lang.reflect.Method.invoke(Method.java:498) (DriverListner:334) 
[21:24:16.055] [ERROR] - 	at: org.testng.internal.MethodInvocationHelper.invokeMethod(MethodInvocationHelper.java:124) (DriverListner:334) 
[21:24:16.056] [ERROR] - 	at: org.testng.internal.Invoker.invokeMethod(Invoker.java:583) (DriverListner:334) 
[21:24:16.058] [ERROR] - 	at: org.testng.internal.Invoker.invokeTestMethod(Invoker.java:719) (DriverListner:334) 
[21:24:16.058] [ERROR] - 	at: org.testng.internal.Invoker.invokeTestMethods(Invoker.java:989) (DriverListner:334) 
[21:24:16.059] [ERROR] - 	at: org.testng.internal.TestMethodWorker.invokeTestMethods(TestMethodWorker.java:125) (DriverListner:334) 
[21:24:16.060] [ERROR] - 	at: org.testng.internal.TestMethodWorker.run(TestMethodWorker.java:109) (DriverListner:334) 
[21:24:16.076] [ERROR] - 	at: org.testng.TestRunner.privateRun(TestRunner.java:648) (DriverListner:334) 
[21:24:16.076] [ERROR] - 	at: org.testng.TestRunner.run(TestRunner.java:505) (DriverListner:334) 
[21:24:16.078] [ERROR] - 	at: org.testng.SuiteRunner.runTest(SuiteRunner.java:455) (DriverListner:334) 
[21:24:16.079] [ERROR] - 	at: org.testng.SuiteRunner.access$000(SuiteRunner.java:40) (DriverListner:334) 
[21:24:16.080] [ERROR] - 	at: org.testng.SuiteRunner$SuiteWorker.run(SuiteRunner.java:489) (DriverListner:334) 
[21:24:16.082] [ERROR] - 	at: org.testng.internal.thread.ThreadUtil$1.call(ThreadUtil.java:52) (DriverListner:334) 
[21:24:16.083] [ERROR] - 	at: java.util.concurrent.FutureTask.run(FutureTask.java:266) (DriverListner:334) 
[21:24:16.083] [ERROR] - 	at: java.util.concurrent.ThreadPoolExecutor.runWorker(ThreadPoolExecutor.java:1149) (DriverListner:334) 
[21:24:16.084] [ERROR] - 	at: java.util.concurrent.ThreadPoolExecutor$Worker.run(ThreadPoolExecutor.java:624) (DriverListner:334) 
[21:24:16.085] [ERROR] - 	at: java.lang.Thread.run(Thread.java:748) (DriverListner:334) 
[21:24:16.086] [ERROR] - Catching (DriverListner:336) Cannot locate an element using link text=Sign out
For documentation on this error, please visit: https://www.seleniumhq.org/exceptions/no_such_element.html
Build info: version: '3.141.59', revision: 'e82be7d358', time: '2018-11-14T08:17:03'
System info: host: 'FAISALKHATRI', ip: '10.0.75.1', os.name: 'Windows 10', os.arch: 'amd64', os.version: '10.0', java.version: '1.8.0_212'
Driver info: driver.version: EventFiringWebDriver
[21:24:16.634] [ERROR] - Error occurred: no such window: target window already closed
from unknown error: web view not found
  (Session info: chrome=75.0.3770.100)
Build info: version: '3.141.59', revision: 'e82be7d358', time: '2018-11-14T08:17:03'
System info: host: 'FAISALKHATRI', ip: '10.0.75.1', os.name: 'Windows 10', os.arch: 'amd64', os.version: '10.0', java.version: '1.8.0_212'
Driver info: org.openqa.selenium.chrome.ChromeDriver
Capabilities {acceptInsecureCerts: false, browserName: chrome, browserVersion: 75.0.3770.100, chrome: {chromedriverVersion: 75.0.3770.8 (681f24ea911fe7..., userDataDir: C:\Users\ADMIN\AppData\Loca...}, goog:chromeOptions: {debuggerAddress: localhost:62530}, javascriptEnabled: true, networkConnectionEnabled: false, pageLoadStrategy: normal, platform: XP, platformName: XP, proxy: Proxy(), setWindowRect: true, strictFileInteractability: false, timeouts: {implicit: 0, pageLoad: 300000, script: 30000}, unhandledPromptBehavior: dismiss and notify}
Session ID: 43e124babcd3edb584c5daeb8622dbb8
*** Element info: {Using=link text, value=Sign out} (DriverListner:332) 
[21:24:16.635] [ERROR] - 	at: sun.reflect.NativeConstructorAccessorImpl.newInstance0(Native Method) (DriverListner:334) 
[21:24:16.636] [ERROR] - 	at: sun.reflect.NativeConstructorAccessorImpl.newInstance(NativeConstructorAccessorImpl.java:62) (DriverListner:334) 
[21:24:16.636] [ERROR] - 	at: sun.reflect.DelegatingConstructorAccessorImpl.newInstance(DelegatingConstructorAccessorImpl.java:45) (DriverListner:334) 
[21:24:16.637] [ERROR] - 	at: java.lang.reflect.Constructor.newInstance(Constructor.java:423) (DriverListner:334) 
[21:24:16.638] [ERROR] - 	at: org.openqa.selenium.remote.http.W3CHttpResponseCodec.createException(W3CHttpResponseCodec.java:187) (DriverListner:334) 
[21:24:16.639] [ERROR] - 	at: org.openqa.selenium.remote.http.W3CHttpResponseCodec.decode(W3CHttpResponseCodec.java:122) (DriverListner:334) 
[21:24:16.639] [ERROR] - 	at: org.openqa.selenium.remote.http.W3CHttpResponseCodec.decode(W3CHttpResponseCodec.java:49) (DriverListner:334) 
[21:24:16.641] [ERROR] - 	at: org.openqa.selenium.remote.HttpCommandExecutor.execute(HttpCommandExecutor.java:158) (DriverListner:334) 
[21:24:16.642] [ERROR] - 	at: org.openqa.selenium.remote.service.DriverCommandExecutor.execute(DriverCommandExecutor.java:83) (DriverListner:334) 
[21:24:16.642] [ERROR] - 	at: org.openqa.selenium.remote.RemoteWebDriver.execute(RemoteWebDriver.java:552) (DriverListner:334) 
[21:24:16.643] [ERROR] - 	at: org.openqa.selenium.remote.RemoteWebDriver.findElement(RemoteWebDriver.java:323) (DriverListner:334) 
[21:24:16.644] [ERROR] - 	at: org.openqa.selenium.remote.RemoteWebDriver.findElementByLinkText(RemoteWebDriver.java:380) (DriverListner:334) 
[21:24:16.644] [ERROR] - 	at: org.openqa.selenium.By$ByLinkText.findElement(By.java:220) (DriverListner:334) 
[21:24:16.645] [ERROR] - 	at: org.openqa.selenium.remote.RemoteWebDriver.findElement(RemoteWebDriver.java:315) (DriverListner:334) 
[21:24:16.646] [ERROR] - 	at: sun.reflect.NativeMethodAccessorImpl.invoke0(Native Method) (DriverListner:334) 
[21:24:16.646] [ERROR] - 	at: sun.reflect.NativeMethodAccessorImpl.invoke(NativeMethodAccessorImpl.java:62) (DriverListner:334) 
[21:24:16.647] [ERROR] - 	at: sun.reflect.DelegatingMethodAccessorImpl.invoke(DelegatingMethodAccessorImpl.java:43) (DriverListner:334) 
[21:24:16.647] [ERROR] - 	at: java.lang.reflect.Method.invoke(Method.java:498) (DriverListner:334) 
[21:24:16.648] [ERROR] - 	at: org.openqa.selenium.support.events.EventFiringWebDriver.lambda$new$1(EventFiringWebDriver.java:105) (DriverListner:334) 
[21:24:16.648] [ERROR] - 	at: com.sun.proxy.$Proxy28.findElement(Unknown Source) (DriverListner:334) 
[21:24:16.649] [ERROR] - 	at: org.openqa.selenium.support.events.EventFiringWebDriver.findElement(EventFiringWebDriver.java:194) (DriverListner:334) 
[21:24:16.650] [ERROR] - 	at: org.openqa.selenium.support.ui.ExpectedConditions$7.apply(ExpectedConditions.java:205) (DriverListner:334) 
[21:24:16.651] [ERROR] - 	at: org.openqa.selenium.support.ui.ExpectedConditions$7.apply(ExpectedConditions.java:201) (DriverListner:334) 
[21:24:16.651] [ERROR] - 	at: org.openqa.selenium.support.ui.FluentWait.until(FluentWait.java:249) (DriverListner:334) 
[21:24:16.652] [ERROR] - 	at: com.github.wasiqb.coteafs.selenium.core.ElementAction.waitUntilLocatorVisible(ElementAction.java:451) (DriverListner:334) 
[21:24:16.653] [ERROR] - 	at: com.github.wasiqb.coteafs.selenium.core.ElementAction.waitUntilVisible(ElementAction.java:397) (DriverListner:334) 
[21:24:16.654] [ERROR] - 	at: com.github.wasiqb.coteafs.selenium.core.ElementAction.prepareForAction(ElementAction.java:424) (DriverListner:334) 
[21:24:16.655] [ERROR] - 	at: com.github.wasiqb.coteafs.selenium.core.ElementAction.perform(ElementAction.java:419) (DriverListner:334) 
[21:24:16.655] [ERROR] - 	at: com.github.wasiqb.coteafs.selenium.core.ElementAction.click(ElementAction.java:142) (DriverListner:334) 
[21:24:16.656] [ERROR] - 	at: com.wizonsoft.action.SignoutAction.signoutWebsite(SignoutAction.java:28) (DriverListner:334) 
[21:24:16.660] [ERROR] - 	at: com.wizonsoft.action.SignoutAction.perform(SignoutAction.java:23) (DriverListner:334) 
[21:24:16.660] [ERROR] - 	at: com.wizonsoft.tests.SignoutTests.testSignOut(SignoutTests.java:20) (DriverListner:334) 
[21:24:16.661] [ERROR] - 	at: sun.reflect.NativeMethodAccessorImpl.invoke0(Native Method) (DriverListner:334) 
[21:24:16.662] [ERROR] - 	at: sun.reflect.NativeMethodAccessorImpl.invoke(NativeMethodAccessorImpl.java:62) (DriverListner:334) 
[21:24:16.663] [ERROR] - 	at: sun.reflect.DelegatingMethodAccessorImpl.invoke(DelegatingMethodAccessorImpl.java:43) (DriverListner:334) 
[21:24:16.664] [ERROR] - 	at: java.lang.reflect.Method.invoke(Method.java:498) (DriverListner:334) 
[21:24:16.664] [ERROR] - 	at: org.testng.internal.MethodInvocationHelper.invokeMethod(MethodInvocationHelper.java:124) (DriverListner:334) 
[21:24:16.665] [ERROR] - 	at: org.testng.internal.Invoker.invokeMethod(Invoker.java:583) (DriverListner:334) 
[21:24:16.666] [ERROR] - 	at: org.testng.internal.Invoker.invokeTestMethod(Invoker.java:719) (DriverListner:334) 
[21:24:16.667] [ERROR] - 	at: org.testng.internal.Invoker.invokeTestMethods(Invoker.java:989) (DriverListner:334) 
[21:24:16.667] [ERROR] - 	at: org.testng.internal.TestMethodWorker.invokeTestMethods(TestMethodWorker.java:125) (DriverListner:334) 
[21:24:16.668] [ERROR] - 	at: org.testng.internal.TestMethodWorker.run(TestMethodWorker.java:109) (DriverListner:334) 
[21:24:16.669] [ERROR] - 	at: org.testng.TestRunner.privateRun(TestRunner.java:648) (DriverListner:334) 
[21:24:16.670] [ERROR] - 	at: org.testng.TestRunner.run(TestRunner.java:505) (DriverListner:334) 
[21:24:16.671] [ERROR] - 	at: org.testng.SuiteRunner.runTest(SuiteRunner.java:455) (DriverListner:334) 
[21:24:16.672] [ERROR] - 	at: org.testng.SuiteRunner.access$000(SuiteRunner.java:40) (DriverListner:334) 
[21:24:16.672] [ERROR] - 	at: org.testng.SuiteRunner$SuiteWorker.run(SuiteRunner.java:489) (DriverListner:334) 
[21:24:16.674] [ERROR] - 	at: org.testng.internal.thread.ThreadUtil$1.call(ThreadUtil.java:52) (DriverListner:334) 
[21:24:16.676] [ERROR] - 	at: java.util.concurrent.FutureTask.run(FutureTask.java:266) (DriverListner:334) 
[21:24:16.677] [ERROR] - 	at: java.util.concurrent.ThreadPoolExecutor.runWorker(ThreadPoolExecutor.java:1149) (DriverListner:334) 
[21:24:16.677] [ERROR] - 	at: java.util.concurrent.ThreadPoolExecutor$Worker.run(ThreadPoolExecutor.java:624) (DriverListner:334) 
[21:24:16.678] [ERROR] - 	at: java.lang.Thread.run(Thread.java:748) (DriverListner:334) 
[21:24:16.679] [ERROR] - Catching (DriverListner:336) no such window: target window already closed
from unknown error: web view not found
  (Session info: chrome=75.0.3770.100)
Build info: version: '3.141.59', revision: 'e82be7d358', time: '2018-11-14T08:17:03'
System info: host: 'FAISALKHATRI', ip: '10.0.75.1', os.name: 'Windows 10', os.arch: 'amd64', os.version: '10.0', java.version: '1.8.0_212'
Driver info: org.openqa.selenium.chrome.ChromeDriver
Capabilities {acceptInsecureCerts: false, browserName: chrome, browserVersion: 75.0.3770.100, chrome: {chromedriverVersion: 75.0.3770.8 (681f24ea911fe7..., userDataDir: C:\Users\ADMIN\AppData\Loca...}, goog:chromeOptions: {debuggerAddress: localhost:62530}, javascriptEnabled: true, networkConnectionEnabled: false, pageLoadStrategy: normal, platform: XP, platformName: XP, proxy: Proxy(), setWindowRect: true, strictFileInteractability: false, timeouts: {implicit: 0, pageLoad: 300000, script: 30000}, unhandledPromptBehavior: dismiss and notify}
Session ID: 43e124babcd3edb584c5daeb8622dbb8
*** Element info: {Using=link text, value=Sign out}
[21:24:17.191] [ERROR] - Error occurred: no such window: target window already closed
from unknown error: web view not found
  (Session info: chrome=75.0.3770.100)
Build info: version: '3.141.59', revision: 'e82be7d358', time: '2018-11-14T08:17:03'
System info: host: 'FAISALKHATRI', ip: '10.0.75.1', os.name: 'Windows 10', os.arch: 'amd64', os.version: '10.0', java.version: '1.8.0_212'
Driver info: org.openqa.selenium.chrome.ChromeDriver
Capabilities {acceptInsecureCerts: false, browserName: chrome, browserVersion: 75.0.3770.100, chrome: {chromedriverVersion: 75.0.3770.8 (681f24ea911fe7..., userDataDir: C:\Users\ADMIN\AppData\Loca...}, goog:chromeOptions: {debuggerAddress: localhost:62530}, javascriptEnabled: true, networkConnectionEnabled: false, pageLoadStrategy: normal, platform: XP, platformName: XP, proxy: Proxy(), setWindowRect: true, strictFileInteractability: false, timeouts: {implicit: 0, pageLoad: 300000, script: 30000}, unhandledPromptBehavior: dismiss and notify}
Session ID: 43e124babcd3edb584c5daeb8622dbb8
*** Element info: {Using=link text, value=Sign out} (DriverListner:332) 
[21:24:17.192] [ERROR] - 	at: sun.reflect.NativeConstructorAccessorImpl.newInstance0(Native Method) (DriverListner:334) 
[21:24:17.193] [ERROR] - 	at: sun.reflect.NativeConstructorAccessorImpl.newInstance(NativeConstructorAccessorImpl.java:62) (DriverListner:334) 
[21:24:17.194] [ERROR] - 	at: sun.reflect.DelegatingConstructorAccessorImpl.newInstance(DelegatingConstructorAccessorImpl.java:45) (DriverListner:334) 
[21:24:17.194] [ERROR] - 	at: java.lang.reflect.Constructor.newInstance(Constructor.java:423) (DriverListner:334) 
[21:24:17.195] [ERROR] - 	at: org.openqa.selenium.remote.http.W3CHttpResponseCodec.createException(W3CHttpResponseCodec.java:187) (DriverListner:334) 
[21:24:17.197] [ERROR] - 	at: org.openqa.selenium.remote.http.W3CHttpResponseCodec.decode(W3CHttpResponseCodec.java:122) (DriverListner:334) 
[21:24:17.198] [ERROR] - 	at: org.openqa.selenium.remote.http.W3CHttpResponseCodec.decode(W3CHttpResponseCodec.java:49) (DriverListner:334) 
[21:24:17.199] [ERROR] - 	at: org.openqa.selenium.remote.HttpCommandExecutor.execute(HttpCommandExecutor.java:158) (DriverListner:334) 
[21:24:17.200] [ERROR] - 	at: org.openqa.selenium.remote.service.DriverCommandExecutor.execute(DriverCommandExecutor.java:83) (DriverListner:334) 
[21:24:17.201] [ERROR] - 	at: org.openqa.selenium.remote.RemoteWebDriver.execute(RemoteWebDriver.java:552) (DriverListner:334) 
[21:24:17.202] [ERROR] - 	at: org.openqa.selenium.remote.RemoteWebDriver.findElement(RemoteWebDriver.java:323) (DriverListner:334) 
[21:24:17.203] [ERROR] - 	at: org.openqa.selenium.remote.RemoteWebDriver.findElementByLinkText(RemoteWebDriver.java:380) (DriverListner:334) 
[21:24:17.204] [ERROR] - 	at: org.openqa.selenium.By$ByLinkText.findElement(By.java:220) (DriverListner:334) 
[21:24:17.204] [ERROR] - 	at: org.openqa.selenium.remote.RemoteWebDriver.findElement(RemoteWebDriver.java:315) (DriverListner:334) 
[21:24:17.205] [ERROR] - 	at: sun.reflect.NativeMethodAccessorImpl.invoke0(Native Method) (DriverListner:334) 
[21:24:17.205] [ERROR] - 	at: sun.reflect.NativeMethodAccessorImpl.invoke(NativeMethodAccessorImpl.java:62) (DriverListner:334) 
[21:24:17.206] [ERROR] - 	at: sun.reflect.DelegatingMethodAccessorImpl.invoke(DelegatingMethodAccessorImpl.java:43) (DriverListner:334) 
[21:24:17.207] [ERROR] - 	at: java.lang.reflect.Method.invoke(Method.java:498) (DriverListner:334) 
[21:24:17.208] [ERROR] - 	at: org.openqa.selenium.support.events.EventFiringWebDriver.lambda$new$1(EventFiringWebDriver.java:105) (DriverListner:334) 
[21:24:17.209] [ERROR] - 	at: com.sun.proxy.$Proxy28.findElement(Unknown Source) (DriverListner:334) 
[21:24:17.210] [ERROR] - 	at: org.openqa.selenium.support.events.EventFiringWebDriver.findElement(EventFiringWebDriver.java:194) (DriverListner:334) 
[21:24:17.211] [ERROR] - 	at: org.openqa.selenium.support.ui.ExpectedConditions$7.apply(ExpectedConditions.java:205) (DriverListner:334) 
[21:24:17.212] [ERROR] - 	at: org.openqa.selenium.support.ui.ExpectedConditions$7.apply(ExpectedConditions.java:201) (DriverListner:334) 
[21:24:17.212] [ERROR] - 	at: org.openqa.selenium.support.ui.FluentWait.until(FluentWait.java:249) (DriverListner:334) 
[21:24:17.213] [ERROR] - 	at: com.github.wasiqb.coteafs.selenium.core.ElementAction.waitUntilLocatorVisible(ElementAction.java:451) (DriverListner:334) 
[21:24:17.213] [ERROR] - 	at: com.github.wasiqb.coteafs.selenium.core.ElementAction.waitUntilVisible(ElementAction.java:397) (DriverListner:334) 
[21:24:17.214] [ERROR] - 	at: com.github.wasiqb.coteafs.selenium.core.ElementAction.prepareForAction(ElementAction.java:424) (DriverListner:334) 
[21:24:17.215] [ERROR] - 	at: com.github.wasiqb.coteafs.selenium.core.ElementAction.perform(ElementAction.java:419) (DriverListner:334) 
[21:24:17.215] [ERROR] - 	at: com.github.wasiqb.coteafs.selenium.core.ElementAction.click(ElementAction.java:142) (DriverListner:334) 
[21:24:17.216] [ERROR] - 	at: com.wizonsoft.action.SignoutAction.signoutWebsite(SignoutAction.java:28) (DriverListner:334) 
[21:24:17.217] [ERROR] - 	at: com.wizonsoft.action.SignoutAction.perform(SignoutAction.java:23) (DriverListner:334) 
[21:24:17.217] [ERROR] - 	at: com.wizonsoft.tests.SignoutTests.testSignOut(SignoutTests.java:20) (DriverListner:334) 
[21:24:17.218] [ERROR] - 	at: sun.reflect.NativeMethodAccessorImpl.invoke0(Native Method) (DriverListner:334) 
[21:24:17.218] [ERROR] - 	at: sun.reflect.NativeMethodAccessorImpl.invoke(NativeMethodAccessorImpl.java:62) (DriverListner:334) 
[21:24:17.219] [ERROR] - 	at: sun.reflect.DelegatingMethodAccessorImpl.invoke(DelegatingMethodAccessorImpl.java:43) (DriverListner:334) 
[21:24:17.220] [ERROR] - 	at: java.lang.reflect.Method.invoke(Method.java:498) (DriverListner:334) 
[21:24:17.225] [ERROR] - 	at: org.testng.internal.MethodInvocationHelper.invokeMethod(MethodInvocationHelper.java:124) (DriverListner:334) 
[21:24:17.226] [ERROR] - 	at: org.testng.internal.Invoker.invokeMethod(Invoker.java:583) (DriverListner:334) 
[21:24:17.226] [ERROR] - 	at: org.testng.internal.Invoker.invokeTestMethod(Invoker.java:719) (DriverListner:334) 
[21:24:17.227] [ERROR] - 	at: org.testng.internal.Invoker.invokeTestMethods(Invoker.java:989) (DriverListner:334) 
[21:24:17.228] [ERROR] - 	at: org.testng.internal.TestMethodWorker.invokeTestMethods(TestMethodWorker.java:125) (DriverListner:334) 
[21:24:17.230] [ERROR] - 	at: org.testng.internal.TestMethodWorker.run(TestMethodWorker.java:109) (DriverListner:334) 
[21:24:17.231] [ERROR] - 	at: org.testng.TestRunner.privateRun(TestRunner.java:648) (DriverListner:334) 
[21:24:17.232] [ERROR] - 	at: org.testng.TestRunner.run(TestRunner.java:505) (DriverListner:334) 
[21:24:17.233] [ERROR] - 	at: org.testng.SuiteRunner.runTest(SuiteRunner.java:455) (DriverListner:334) 
[21:24:17.234] [ERROR] - 	at: org.testng.SuiteRunner.access$000(SuiteRunner.java:40) (DriverListner:334) 
[21:24:17.234] [ERROR] - 	at: org.testng.SuiteRunner$SuiteWorker.run(SuiteRunner.java:489) (DriverListner:334) 
[21:24:17.235] [ERROR] - 	at: org.testng.internal.thread.ThreadUtil$1.call(ThreadUtil.java:52) (DriverListner:334) 
[21:24:17.236] [ERROR] - 	at: java.util.concurrent.FutureTask.run(FutureTask.java:266) (DriverListner:334) 
[21:24:17.237] [ERROR] - 	at: java.util.concurrent.ThreadPoolExecutor.runWorker(ThreadPoolExecutor.java:1149) (DriverListner:334) 
[21:24:17.239] [ERROR] - 	at: java.util.concurrent.ThreadPoolExecutor$Worker.run(ThreadPoolExecutor.java:624) (DriverListner:334) 
[21:24:17.239] [ERROR] - 	at: java.lang.Thread.run(Thread.java:748) (DriverListner:334) 
[21:24:17.241] [ERROR] - Catching (DriverListner:336) no such window: target window already closed
from unknown error: web view not found
  (Session info: chrome=75.0.3770.100)
Build info: version: '3.141.59', revision: 'e82be7d358', time: '2018-11-14T08:17:03'
System info: host: 'FAISALKHATRI', ip: '10.0.75.1', os.name: 'Windows 10', os.arch: 'amd64', os.version: '10.0', java.version: '1.8.0_212'
Driver info: org.openqa.selenium.chrome.ChromeDriver
Capabilities {acceptInsecureCerts: false, browserName: chrome, browserVersion: 75.0.3770.100, chrome: {chromedriverVersion: 75.0.3770.8 (681f24ea911fe7..., userDataDir: C:\Users\ADMIN\AppData\Loca...}, goog:chromeOptions: {debuggerAddress: localhost:62530}, javascriptEnabled: true, networkConnectionEnabled: false, pageLoadStrategy: normal, platform: XP, platformName: XP, proxy: Proxy(), setWindowRect: true, strictFileInteractability: false, timeouts: {implicit: 0, pageLoad: 300000, script: 30000}, unhandledPromptBehavior: dismiss and notify}
Session ID: 43e124babcd3edb584c5daeb8622dbb8
*** Element info: {Using=link text, value=Sign out}
[21:24:17.758] [ERROR] - Error occurred: no such window: target window already closed
from unknown error: web view not found
  (Session info: chrome=75.0.3770.100)
Build info: version: '3.141.59', revision: 'e82be7d358', time: '2018-11-14T08:17:03'
System info: host: 'FAISALKHATRI', ip: '10.0.75.1', os.name: 'Windows 10', os.arch: 'amd64', os.version: '10.0', java.version: '1.8.0_212'
Driver info: org.openqa.selenium.chrome.ChromeDriver
Capabilities {acceptInsecureCerts: false, browserName: chrome, browserVersion: 75.0.3770.100, chrome: {chromedriverVersion: 75.0.3770.8 (681f24ea911fe7..., userDataDir: C:\Users\ADMIN\AppData\Loca...}, goog:chromeOptions: {debuggerAddress: localhost:62530}, javascriptEnabled: true, networkConnectionEnabled: false, pageLoadStrategy: normal, platform: XP, platformName: XP, proxy: Proxy(), setWindowRect: true, strictFileInteractability: false, timeouts: {implicit: 0, pageLoad: 300000, script: 30000}, unhandledPromptBehavior: dismiss and notify}
Session ID: 43e124babcd3edb584c5daeb8622dbb8
*** Element info: {Using=link text, value=Sign out} (DriverListner:332) 
[21:24:17.760] [ERROR] - 	at: sun.reflect.NativeConstructorAccessorImpl.newInstance0(Native Method) (DriverListner:334) 
[21:24:17.760] [ERROR] - 	at: sun.reflect.NativeConstructorAccessorImpl.newInstance(NativeConstructorAccessorImpl.java:62) (DriverListner:334) 
[21:24:17.761] [ERROR] - 	at: sun.reflect.DelegatingConstructorAccessorImpl.newInstance(DelegatingConstructorAccessorImpl.java:45) (DriverListner:334) 
[21:24:17.761] [ERROR] - 	at: java.lang.reflect.Constructor.newInstance(Constructor.java:423) (DriverListner:334) 
[21:24:17.762] [ERROR] - 	at: org.openqa.selenium.remote.http.W3CHttpResponseCodec.createException(W3CHttpResponseCodec.java:187) (DriverListner:334) 
[21:24:17.762] [ERROR] - 	at: org.openqa.selenium.remote.http.W3CHttpResponseCodec.decode(W3CHttpResponseCodec.java:122) (DriverListner:334) 
[21:24:17.762] [ERROR] - 	at: org.openqa.selenium.remote.http.W3CHttpResponseCodec.decode(W3CHttpResponseCodec.java:49) (DriverListner:334) 
[21:24:17.763] [ERROR] - 	at: org.openqa.selenium.remote.HttpCommandExecutor.execute(HttpCommandExecutor.java:158) (DriverListner:334) 
[21:24:17.763] [ERROR] - 	at: org.openqa.selenium.remote.service.DriverCommandExecutor.execute(DriverCommandExecutor.java:83) (DriverListner:334) 
[21:24:17.764] [ERROR] - 	at: org.openqa.selenium.remote.RemoteWebDriver.execute(RemoteWebDriver.java:552) (DriverListner:334) 
[21:24:17.764] [ERROR] - 	at: org.openqa.selenium.remote.RemoteWebDriver.findElement(RemoteWebDriver.java:323) (DriverListner:334) 
[21:24:17.765] [ERROR] - 	at: org.openqa.selenium.remote.RemoteWebDriver.findElementByLinkText(RemoteWebDriver.java:380) (DriverListner:334) 
[21:24:17.765] [ERROR] - 	at: org.openqa.selenium.By$ByLinkText.findElement(By.java:220) (DriverListner:334) 
[21:24:17.766] [ERROR] - 	at: org.openqa.selenium.remote.RemoteWebDriver.findElement(RemoteWebDriver.java:315) (DriverListner:334) 
[21:24:17.767] [ERROR] - 	at: sun.reflect.NativeMethodAccessorImpl.invoke0(Native Method) (DriverListner:334) 
[21:24:17.767] [ERROR] - 	at: sun.reflect.NativeMethodAccessorImpl.invoke(NativeMethodAccessorImpl.java:62) (DriverListner:334) 
[21:24:17.768] [ERROR] - 	at: sun.reflect.DelegatingMethodAccessorImpl.invoke(DelegatingMethodAccessorImpl.java:43) (DriverListner:334) 
[21:24:17.768] [ERROR] - 	at: java.lang.reflect.Method.invoke(Method.java:498) (DriverListner:334) 
[21:24:17.769] [ERROR] - 	at: org.openqa.selenium.support.events.EventFiringWebDriver.lambda$new$1(EventFiringWebDriver.java:105) (DriverListner:334) 
[21:24:17.770] [ERROR] - 	at: com.sun.proxy.$Proxy28.findElement(Unknown Source) (DriverListner:334) 
[21:24:17.771] [ERROR] - 	at: org.openqa.selenium.support.events.EventFiringWebDriver.findElement(EventFiringWebDriver.java:194) (DriverListner:334) 
[21:24:17.772] [ERROR] - 	at: org.openqa.selenium.support.ui.ExpectedConditions$7.apply(ExpectedConditions.java:205) (DriverListner:334) 
[21:24:17.772] [ERROR] - 	at: org.openqa.selenium.support.ui.ExpectedConditions$7.apply(ExpectedConditions.java:201) (DriverListner:334) 
[21:24:17.773] [ERROR] - 	at: org.openqa.selenium.support.ui.FluentWait.until(FluentWait.java:249) (DriverListner:334) 
[21:24:17.773] [ERROR] - 	at: com.github.wasiqb.coteafs.selenium.core.ElementAction.waitUntilLocatorVisible(ElementAction.java:451) (DriverListner:334) 
[21:24:17.774] [ERROR] - 	at: com.github.wasiqb.coteafs.selenium.core.ElementAction.waitUntilVisible(ElementAction.java:397) (DriverListner:334) 
[21:24:17.775] [ERROR] - 	at: com.github.wasiqb.coteafs.selenium.core.ElementAction.prepareForAction(ElementAction.java:424) (DriverListner:334) 
[21:24:17.775] [ERROR] - 	at: com.github.wasiqb.coteafs.selenium.core.ElementAction.perform(ElementAction.java:419) (DriverListner:334) 
[21:24:17.776] [ERROR] - 	at: com.github.wasiqb.coteafs.selenium.core.ElementAction.click(ElementAction.java:142) (DriverListner:334) 
[21:24:17.777] [ERROR] - 	at: com.wizonsoft.action.SignoutAction.signoutWebsite(SignoutAction.java:28) (DriverListner:334) 
[21:24:17.777] [ERROR] - 	at: com.wizonsoft.action.SignoutAction.perform(SignoutAction.java:23) (DriverListner:334) 
[21:24:17.778] [ERROR] - 	at: com.wizonsoft.tests.SignoutTests.testSignOut(SignoutTests.java:20) (DriverListner:334) 
[21:24:17.778] [ERROR] - 	at: sun.reflect.NativeMethodAccessorImpl.invoke0(Native Method) (DriverListner:334) 
[21:24:17.779] [ERROR] - 	at: sun.reflect.NativeMethodAccessorImpl.invoke(NativeMethodAccessorImpl.java:62) (DriverListner:334) 
[21:24:17.780] [ERROR] - 	at: sun.reflect.DelegatingMethodAccessorImpl.invoke(DelegatingMethodAccessorImpl.java:43) (DriverListner:334) 
[21:24:17.780] [ERROR] - 	at: java.lang.reflect.Method.invoke(Method.java:498) (DriverListner:334) 
[21:24:17.780] [ERROR] - 	at: org.testng.internal.MethodInvocationHelper.invokeMethod(MethodInvocationHelper.java:124) (DriverListner:334) 
[21:24:17.781] [ERROR] - 	at: org.testng.internal.Invoker.invokeMethod(Invoker.java:583) (DriverListner:334) 
[21:24:17.781] [ERROR] - 	at: org.testng.internal.Invoker.invokeTestMethod(Invoker.java:719) (DriverListner:334) 
[21:24:17.782] [ERROR] - 	at: org.testng.internal.Invoker.invokeTestMethods(Invoker.java:989) (DriverListner:334) 
[21:24:17.782] [ERROR] - 	at: org.testng.internal.TestMethodWorker.invokeTestMethods(TestMethodWorker.java:125) (DriverListner:334) 
[21:24:17.782] [ERROR] - 	at: org.testng.internal.TestMethodWorker.run(TestMethodWorker.java:109) (DriverListner:334) 
[21:24:17.783] [ERROR] - 	at: org.testng.TestRunner.privateRun(TestRunner.java:648) (DriverListner:334) 
[21:24:17.783] [ERROR] - 	at: org.testng.TestRunner.run(TestRunner.java:505) (DriverListner:334) 
[21:24:17.784] [ERROR] - 	at: org.testng.SuiteRunner.runTest(SuiteRunner.java:455) (DriverListner:334) 
[21:24:17.784] [ERROR] - 	at: org.testng.SuiteRunner.access$000(SuiteRunner.java:40) (DriverListner:334) 
[21:24:17.784] [ERROR] - 	at: org.testng.SuiteRunner$SuiteWorker.run(SuiteRunner.java:489) (DriverListner:334) 
[21:24:17.785] [ERROR] - 	at: org.testng.internal.thread.ThreadUtil$1.call(ThreadUtil.java:52) (DriverListner:334) 
[21:24:17.785] [ERROR] - 	at: java.util.concurrent.FutureTask.run(FutureTask.java:266) (DriverListner:334) 
[21:24:17.786] [ERROR] - 	at: java.util.concurrent.ThreadPoolExecutor.runWorker(ThreadPoolExecutor.java:1149) (DriverListner:334) 
[21:24:17.786] [ERROR] - 	at: java.util.concurrent.ThreadPoolExecutor$Worker.run(ThreadPoolExecutor.java:624) (DriverListner:334) 
[21:24:17.787] [ERROR] - 	at: java.lang.Thread.run(Thread.java:748) (DriverListner:334) 
[21:24:17.787] [ERROR] - Catching (DriverListner:336) no such window: target window already closed
from unknown error: web view not found
  (Session info: chrome=75.0.3770.100)
Build info: version: '3.141.59', revision: 'e82be7d358', time: '2018-11-14T08:17:03'
System info: host: 'FAISALKHATRI', ip: '10.0.75.1', os.name: 'Windows 10', os.arch: 'amd64', os.version: '10.0', java.version: '1.8.0_212'
Driver info: org.openqa.selenium.chrome.ChromeDriver
Capabilities {acceptInsecureCerts: false, browserName: chrome, browserVersion: 75.0.3770.100, chrome: {chromedriverVersion: 75.0.3770.8 (681f24ea911fe7..., userDataDir: C:\Users\ADMIN\AppData\Loca...}, goog:chromeOptions: {debuggerAddress: localhost:62530}, javascriptEnabled: true, networkConnectionEnabled: false, pageLoadStrategy: normal, platform: XP, platformName: XP, proxy: Proxy(), setWindowRect: true, strictFileInteractability: false, timeouts: {implicit: 0, pageLoad: 300000, script: 30000}, unhandledPromptBehavior: dismiss and notify}
Session ID: 43e124babcd3edb584c5daeb8622dbb8
*** Element info: {Using=link text, value=Sign out}
[21:24:18.300] [ERROR] - Error occurred: no such window: target window already closed
from unknown error: web view not found
  (Session info: chrome=75.0.3770.100)
Build info: version: '3.141.59', revision: 'e82be7d358', time: '2018-11-14T08:17:03'
System info: host: 'FAISALKHATRI', ip: '10.0.75.1', os.name: 'Windows 10', os.arch: 'amd64', os.version: '10.0', java.version: '1.8.0_212'
Driver info: org.openqa.selenium.chrome.ChromeDriver
Capabilities {acceptInsecureCerts: false, browserName: chrome, browserVersion: 75.0.3770.100, chrome: {chromedriverVersion: 75.0.3770.8 (681f24ea911fe7..., userDataDir: C:\Users\ADMIN\AppData\Loca...}, goog:chromeOptions: {debuggerAddress: localhost:62530}, javascriptEnabled: true, networkConnectionEnabled: false, pageLoadStrategy: normal, platform: XP, platformName: XP, proxy: Proxy(), setWindowRect: true, strictFileInteractability: false, timeouts: {implicit: 0, pageLoad: 300000, script: 30000}, unhandledPromptBehavior: dismiss and notify}
Session ID: 43e124babcd3edb584c5daeb8622dbb8
*** Element info: {Using=link text, value=Sign out} (DriverListner:332) 
[21:24:18.301] [ERROR] - 	at: sun.reflect.NativeConstructorAccessorImpl.newInstance0(Native Method) (DriverListner:334) 
[21:24:18.302] [ERROR] - 	at: sun.reflect.NativeConstructorAccessorImpl.newInstance(NativeConstructorAccessorImpl.java:62) (DriverListner:334) 
[21:24:18.303] [ERROR] - 	at: sun.reflect.DelegatingConstructorAccessorImpl.newInstance(DelegatingConstructorAccessorImpl.java:45) (DriverListner:334) 
[21:24:18.303] [ERROR] - 	at: java.lang.reflect.Constructor.newInstance(Constructor.java:423) (DriverListner:334) 
[21:24:18.304] [ERROR] - 	at: org.openqa.selenium.remote.http.W3CHttpResponseCodec.createException(W3CHttpResponseCodec.java:187) (DriverListner:334) 
[21:24:18.305] [ERROR] - 	at: org.openqa.selenium.remote.http.W3CHttpResponseCodec.decode(W3CHttpResponseCodec.java:122) (DriverListner:334) 
[21:24:18.306] [ERROR] - 	at: org.openqa.selenium.remote.http.W3CHttpResponseCodec.decode(W3CHttpResponseCodec.java:49) (DriverListner:334) 
[21:24:18.306] [ERROR] - 	at: org.openqa.selenium.remote.HttpCommandExecutor.execute(HttpCommandExecutor.java:158) (DriverListner:334) 
[21:24:18.308] [ERROR] - 	at: org.openqa.selenium.remote.service.DriverCommandExecutor.execute(DriverCommandExecutor.java:83) (DriverListner:334) 
[21:24:18.309] [ERROR] - 	at: org.openqa.selenium.remote.RemoteWebDriver.execute(RemoteWebDriver.java:552) (DriverListner:334) 
[21:24:18.310] [ERROR] - 	at: org.openqa.selenium.remote.RemoteWebDriver.findElement(RemoteWebDriver.java:323) (DriverListner:334) 
[21:24:18.310] [ERROR] - 	at: org.openqa.selenium.remote.RemoteWebDriver.findElementByLinkText(RemoteWebDriver.java:380) (DriverListner:334) 
[21:24:18.311] [ERROR] - 	at: org.openqa.selenium.By$ByLinkText.findElement(By.java:220) (DriverListner:334) 
[21:24:18.312] [ERROR] - 	at: org.openqa.selenium.remote.RemoteWebDriver.findElement(RemoteWebDriver.java:315) (DriverListner:334) 
[21:24:18.312] [ERROR] - 	at: sun.reflect.NativeMethodAccessorImpl.invoke0(Native Method) (DriverListner:334) 
[21:24:18.313] [ERROR] - 	at: sun.reflect.NativeMethodAccessorImpl.invoke(NativeMethodAccessorImpl.java:62) (DriverListner:334) 
[21:24:18.313] [ERROR] - 	at: sun.reflect.DelegatingMethodAccessorImpl.invoke(DelegatingMethodAccessorImpl.java:43) (DriverListner:334) 
[21:24:18.314] [ERROR] - 	at: java.lang.reflect.Method.invoke(Method.java:498) (DriverListner:334) 
[21:24:18.314] [ERROR] - 	at: org.openqa.selenium.support.events.EventFiringWebDriver.lambda$new$1(EventFiringWebDriver.java:105) (DriverListner:334) 
[21:24:18.315] [ERROR] - 	at: com.sun.proxy.$Proxy28.findElement(Unknown Source) (DriverListner:334) 
[21:24:18.315] [ERROR] - 	at: org.openqa.selenium.support.events.EventFiringWebDriver.findElement(EventFiringWebDriver.java:194) (DriverListner:334) 
[21:24:18.316] [ERROR] - 	at: org.openqa.selenium.support.ui.ExpectedConditions$7.apply(ExpectedConditions.java:205) (DriverListner:334) 
[21:24:18.317] [ERROR] - 	at: org.openqa.selenium.support.ui.ExpectedConditions$7.apply(ExpectedConditions.java:201) (DriverListner:334) 
[21:24:18.317] [ERROR] - 	at: org.openqa.selenium.support.ui.FluentWait.until(FluentWait.java:249) (DriverListner:334) 
[21:24:18.318] [ERROR] - 	at: com.github.wasiqb.coteafs.selenium.core.ElementAction.waitUntilLocatorVisible(ElementAction.java:451) (DriverListner:334) 
[21:24:18.318] [ERROR] - 	at: com.github.wasiqb.coteafs.selenium.core.ElementAction.waitUntilVisible(ElementAction.java:397) (DriverListner:334) 
[21:24:18.319] [ERROR] - 	at: com.github.wasiqb.coteafs.selenium.core.ElementAction.prepareForAction(ElementAction.java:424) (DriverListner:334) 
[21:24:18.319] [ERROR] - 	at: com.github.wasiqb.coteafs.selenium.core.ElementAction.perform(ElementAction.java:419) (DriverListner:334) 
[21:24:18.320] [ERROR] - 	at: com.github.wasiqb.coteafs.selenium.core.ElementAction.click(ElementAction.java:142) (DriverListner:334) 
[21:24:18.320] [ERROR] - 	at: com.wizonsoft.action.SignoutAction.signoutWebsite(SignoutAction.java:28) (DriverListner:334) 
[21:24:18.321] [ERROR] - 	at: com.wizonsoft.action.SignoutAction.perform(SignoutAction.java:23) (DriverListner:334) 
[21:24:18.321] [ERROR] - 	at: com.wizonsoft.tests.SignoutTests.testSignOut(SignoutTests.java:20) (DriverListner:334) 
[21:24:18.322] [ERROR] - 	at: sun.reflect.NativeMethodAccessorImpl.invoke0(Native Method) (DriverListner:334) 
[21:24:18.323] [ERROR] - 	at: sun.reflect.NativeMethodAccessorImpl.invoke(NativeMethodAccessorImpl.java:62) (DriverListner:334) 
[21:24:18.323] [ERROR] - 	at: sun.reflect.DelegatingMethodAccessorImpl.invoke(DelegatingMethodAccessorImpl.java:43) (DriverListner:334) 
[21:24:18.326] [ERROR] - 	at: java.lang.reflect.Method.invoke(Method.java:498) (DriverListner:334) 
[21:24:18.326] [ERROR] - 	at: org.testng.internal.MethodInvocationHelper.invokeMethod(MethodInvocationHelper.java:124) (DriverListner:334) 
[21:24:18.330] [ERROR] - 	at: org.testng.internal.Invoker.invokeMethod(Invoker.java:583) (DriverListner:334) 
[21:24:18.331] [ERROR] - 	at: org.testng.internal.Invoker.invokeTestMethod(Invoker.java:719) (DriverListner:334) 
[21:24:18.331] [ERROR] - 	at: org.testng.internal.Invoker.invokeTestMethods(Invoker.java:989) (DriverListner:334) 
[21:24:18.332] [ERROR] - 	at: org.testng.internal.TestMethodWorker.invokeTestMethods(TestMethodWorker.java:125) (DriverListner:334) 
[21:24:18.333] [ERROR] - 	at: org.testng.internal.TestMethodWorker.run(TestMethodWorker.java:109) (DriverListner:334) 
[21:24:18.333] [ERROR] - 	at: org.testng.TestRunner.privateRun(TestRunner.java:648) (DriverListner:334) 
[21:24:18.334] [ERROR] - 	at: org.testng.TestRunner.run(TestRunner.java:505) (DriverListner:334) 
[21:24:18.335] [ERROR] - 	at: org.testng.SuiteRunner.runTest(SuiteRunner.java:455) (DriverListner:334) 
[21:24:18.336] [ERROR] - 	at: org.testng.SuiteRunner.access$000(SuiteRunner.java:40) (DriverListner:334) 
[21:24:18.338] [ERROR] - 	at: org.testng.SuiteRunner$SuiteWorker.run(SuiteRunner.java:489) (DriverListner:334) 
[21:24:18.339] [ERROR] - 	at: org.testng.internal.thread.ThreadUtil$1.call(ThreadUtil.java:52) (DriverListner:334) 
[21:24:18.339] [ERROR] - 	at: java.util.concurrent.FutureTask.run(FutureTask.java:266) (DriverListner:334) 
[21:24:18.340] [ERROR] - 	at: java.util.concurrent.ThreadPoolExecutor.runWorker(ThreadPoolExecutor.java:1149) (DriverListner:334) 
[21:24:18.341] [ERROR] - 	at: java.util.concurrent.ThreadPoolExecutor$Worker.run(ThreadPoolExecutor.java:624) (DriverListner:334) 
[21:24:18.341] [ERROR] - 	at: java.lang.Thread.run(Thread.java:748) (DriverListner:334) 
[21:24:18.343] [ERROR] - Catching (DriverListner:336) no such window: target window already closed
from unknown error: web view not found
  (Session info: chrome=75.0.3770.100)
Build info: version: '3.141.59', revision: 'e82be7d358', time: '2018-11-14T08:17:03'
System info: host: 'FAISALKHATRI', ip: '10.0.75.1', os.name: 'Windows 10', os.arch: 'amd64', os.version: '10.0', java.version: '1.8.0_212'
Driver info: org.openqa.selenium.chrome.ChromeDriver
Capabilities {acceptInsecureCerts: false, browserName: chrome, browserVersion: 75.0.3770.100, chrome: {chromedriverVersion: 75.0.3770.8 (681f24ea911fe7..., userDataDir: C:\Users\ADMIN\AppData\Loca...}, goog:chromeOptions: {debuggerAddress: localhost:62530}, javascriptEnabled: true, networkConnectionEnabled: false, pageLoadStrategy: normal, platform: XP, platformName: XP, proxy: Proxy(), setWindowRect: true, strictFileInteractability: false, timeouts: {implicit: 0, pageLoad: 300000, script: 30000}, unhandledPromptBehavior: dismiss and notify}
Session ID: 43e124babcd3edb584c5daeb8622dbb8
*** Element info: {Using=link text, value=Sign out}
[21:24:18.859] [ERROR] - Error occurred: no such window: target window already closed
from unknown error: web view not found
  (Session info: chrome=75.0.3770.100)
Build info: version: '3.141.59', revision: 'e82be7d358', time: '2018-11-14T08:17:03'
System info: host: 'FAISALKHATRI', ip: '10.0.75.1', os.name: 'Windows 10', os.arch: 'amd64', os.version: '10.0', java.version: '1.8.0_212'
Driver info: org.openqa.selenium.chrome.ChromeDriver
Capabilities {acceptInsecureCerts: false, browserName: chrome, browserVersion: 75.0.3770.100, chrome: {chromedriverVersion: 75.0.3770.8 (681f24ea911fe7..., userDataDir: C:\Users\ADMIN\AppData\Loca...}, goog:chromeOptions: {debuggerAddress: localhost:62530}, javascriptEnabled: true, networkConnectionEnabled: false, pageLoadStrategy: normal, platform: XP, platformName: XP, proxy: Proxy(), setWindowRect: true, strictFileInteractability: false, timeouts: {implicit: 0, pageLoad: 300000, script: 30000}, unhandledPromptBehavior: dismiss and notify}
Session ID: 43e124babcd3edb584c5daeb8622dbb8
*** Element info: {Using=link text, value=Sign out} (DriverListner:332) 
[21:24:18.860] [ERROR] - 	at: sun.reflect.NativeConstructorAccessorImpl.newInstance0(Native Method) (DriverListner:334) 
[21:24:18.861] [ERROR] - 	at: sun.reflect.NativeConstructorAccessorImpl.newInstance(NativeConstructorAccessorImpl.java:62) (DriverListner:334) 
[21:24:18.861] [ERROR] - 	at: sun.reflect.DelegatingConstructorAccessorImpl.newInstance(DelegatingConstructorAccessorImpl.java:45) (DriverListner:334) 
[21:24:18.862] [ERROR] - 	at: java.lang.reflect.Constructor.newInstance(Constructor.java:423) (DriverListner:334) 
[21:24:18.862] [ERROR] - 	at: org.openqa.selenium.remote.http.W3CHttpResponseCodec.createException(W3CHttpResponseCodec.java:187) (DriverListner:334) 
[21:24:18.862] [ERROR] - 	at: org.openqa.selenium.remote.http.W3CHttpResponseCodec.decode(W3CHttpResponseCodec.java:122) (DriverListner:334) 
[21:24:18.863] [ERROR] - 	at: org.openqa.selenium.remote.http.W3CHttpResponseCodec.decode(W3CHttpResponseCodec.java:49) (DriverListner:334) 
[21:24:18.863] [ERROR] - 	at: org.openqa.selenium.remote.HttpCommandExecutor.execute(HttpCommandExecutor.java:158) (DriverListner:334) 
[21:24:18.864] [ERROR] - 	at: org.openqa.selenium.remote.service.DriverCommandExecutor.execute(DriverCommandExecutor.java:83) (DriverListner:334) 
[21:24:18.864] [ERROR] - 	at: org.openqa.selenium.remote.RemoteWebDriver.execute(RemoteWebDriver.java:552) (DriverListner:334) 
[21:24:18.864] [ERROR] - 	at: org.openqa.selenium.remote.RemoteWebDriver.findElement(RemoteWebDriver.java:323) (DriverListner:334) 
[21:24:18.865] [ERROR] - 	at: org.openqa.selenium.remote.RemoteWebDriver.findElementByLinkText(RemoteWebDriver.java:380) (DriverListner:334) 
[21:24:18.865] [ERROR] - 	at: org.openqa.selenium.By$ByLinkText.findElement(By.java:220) (DriverListner:334) 
[21:24:18.866] [ERROR] - 	at: org.openqa.selenium.remote.RemoteWebDriver.findElement(RemoteWebDriver.java:315) (DriverListner:334) 
[21:24:18.866] [ERROR] - 	at: sun.reflect.NativeMethodAccessorImpl.invoke0(Native Method) (DriverListner:334) 
[21:24:18.867] [ERROR] - 	at: sun.reflect.NativeMethodAccessorImpl.invoke(NativeMethodAccessorImpl.java:62) (DriverListner:334) 
[21:24:18.868] [ERROR] - 	at: sun.reflect.DelegatingMethodAccessorImpl.invoke(DelegatingMethodAccessorImpl.java:43) (DriverListner:334) 
[21:24:18.868] [ERROR] - 	at: java.lang.reflect.Method.invoke(Method.java:498) (DriverListner:334) 
[21:24:18.869] [ERROR] - 	at: org.openqa.selenium.support.events.EventFiringWebDriver.lambda$new$1(EventFiringWebDriver.java:105) (DriverListner:334) 
[21:24:18.870] [ERROR] - 	at: com.sun.proxy.$Proxy28.findElement(Unknown Source) (DriverListner:334) 
[21:24:18.870] [ERROR] - 	at: org.openqa.selenium.support.events.EventFiringWebDriver.findElement(EventFiringWebDriver.java:194) (DriverListner:334) 
[21:24:18.870] [ERROR] - 	at: org.openqa.selenium.support.ui.ExpectedConditions$7.apply(ExpectedConditions.java:205) (DriverListner:334) 
[21:24:18.871] [ERROR] - 	at: org.openqa.selenium.support.ui.ExpectedConditions$7.apply(ExpectedConditions.java:201) (DriverListner:334) 
[21:24:18.871] [ERROR] - 	at: org.openqa.selenium.support.ui.FluentWait.until(FluentWait.java:249) (DriverListner:334) 
[21:24:18.871] [ERROR] - 	at: com.github.wasiqb.coteafs.selenium.core.ElementAction.waitUntilLocatorVisible(ElementAction.java:451) (DriverListner:334) 
[21:24:18.872] [ERROR] - 	at: com.github.wasiqb.coteafs.selenium.core.ElementAction.waitUntilVisible(ElementAction.java:397) (DriverListner:334) 
[21:24:18.872] [ERROR] - 	at: com.github.wasiqb.coteafs.selenium.core.ElementAction.prepareForAction(ElementAction.java:424) (DriverListner:334) 
[21:24:18.872] [ERROR] - 	at: com.github.wasiqb.coteafs.selenium.core.ElementAction.perform(ElementAction.java:419) (DriverListner:334) 
[21:24:18.873] [ERROR] - 	at: com.github.wasiqb.coteafs.selenium.core.ElementAction.click(ElementAction.java:142) (DriverListner:334) 
[21:24:18.873] [ERROR] - 	at: com.wizonsoft.action.SignoutAction.signoutWebsite(SignoutAction.java:28) (DriverListner:334) 
[21:24:18.874] [ERROR] - 	at: com.wizonsoft.action.SignoutAction.perform(SignoutAction.java:23) (DriverListner:334) 
[21:24:18.875] [ERROR] - 	at: com.wizonsoft.tests.SignoutTests.testSignOut(SignoutTests.java:20) (DriverListner:334) 
[21:24:18.875] [ERROR] - 	at: sun.reflect.NativeMethodAccessorImpl.invoke0(Native Method) (DriverListner:334) 
[21:24:18.876] [ERROR] - 	at: sun.reflect.NativeMethodAccessorImpl.invoke(NativeMethodAccessorImpl.java:62) (DriverListner:334) 
[21:24:18.876] [ERROR] - 	at: sun.reflect.DelegatingMethodAccessorImpl.invoke(DelegatingMethodAccessorImpl.java:43) (DriverListner:334) 
[21:24:18.877] [ERROR] - 	at: java.lang.reflect.Method.invoke(Method.java:498) (DriverListner:334) 
[21:24:18.877] [ERROR] - 	at: org.testng.internal.MethodInvocationHelper.invokeMethod(MethodInvocationHelper.java:124) (DriverListner:334) 
[21:24:18.878] [ERROR] - 	at: org.testng.internal.Invoker.invokeMethod(Invoker.java:583) (DriverListner:334) 
[21:24:18.878] [ERROR] - 	at: org.testng.internal.Invoker.invokeTestMethod(Invoker.java:719) (DriverListner:334) 
[21:24:18.879] [ERROR] - 	at: org.testng.internal.Invoker.invokeTestMethods(Invoker.java:989) (DriverListner:334) 
[21:24:18.879] [ERROR] - 	at: org.testng.internal.TestMethodWorker.invokeTestMethods(TestMethodWorker.java:125) (DriverListner:334) 
[21:24:18.879] [ERROR] - 	at: org.testng.internal.TestMethodWorker.run(TestMethodWorker.java:109) (DriverListner:334) 
[21:24:18.880] [ERROR] - 	at: org.testng.TestRunner.privateRun(TestRunner.java:648) (DriverListner:334) 
[21:24:18.880] [ERROR] - 	at: org.testng.TestRunner.run(TestRunner.java:505) (DriverListner:334) 
[21:24:18.881] [ERROR] - 	at: org.testng.SuiteRunner.runTest(SuiteRunner.java:455) (DriverListner:334) 
[21:24:18.882] [ERROR] - 	at: org.testng.SuiteRunner.access$000(SuiteRunner.java:40) (DriverListner:334) 
[21:24:18.882] [ERROR] - 	at: org.testng.SuiteRunner$SuiteWorker.run(SuiteRunner.java:489) (DriverListner:334) 
[21:24:18.882] [ERROR] - 	at: org.testng.internal.thread.ThreadUtil$1.call(ThreadUtil.java:52) (DriverListner:334) 
[21:24:18.883] [ERROR] - 	at: java.util.concurrent.FutureTask.run(FutureTask.java:266) (DriverListner:334) 
[21:24:18.883] [ERROR] - 	at: java.util.concurrent.ThreadPoolExecutor.runWorker(ThreadPoolExecutor.java:1149) (DriverListner:334) 
[21:24:18.884] [ERROR] - 	at: java.util.concurrent.ThreadPoolExecutor$Worker.run(ThreadPoolExecutor.java:624) (DriverListner:334) 
[21:24:18.884] [ERROR] - 	at: java.lang.Thread.run(Thread.java:748) (DriverListner:334) 
[21:24:18.885] [ERROR] - Catching (DriverListner:336) no such window: target window already closed
from unknown error: web view not found
  (Session info: chrome=75.0.3770.100)
Build info: version: '3.141.59', revision: 'e82be7d358', time: '2018-11-14T08:17:03'
System info: host: 'FAISALKHATRI', ip: '10.0.75.1', os.name: 'Windows 10', os.arch: 'amd64', os.version: '10.0', java.version: '1.8.0_212'
Driver info: org.openqa.selenium.chrome.ChromeDriver
Capabilities {acceptInsecureCerts: false, browserName: chrome, browserVersion: 75.0.3770.100, chrome: {chromedriverVersion: 75.0.3770.8 (681f24ea911fe7..., userDataDir: C:\Users\ADMIN\AppData\Loca...}, goog:chromeOptions: {debuggerAddress: localhost:62530}, javascriptEnabled: true, networkConnectionEnabled: false, pageLoadStrategy: normal, platform: XP, platformName: XP, proxy: Proxy(), setWindowRect: true, strictFileInteractability: false, timeouts: {implicit: 0, pageLoad: 300000, script: 30000}, unhandledPromptBehavior: dismiss and notify}
Session ID: 43e124babcd3edb584c5daeb8622dbb8
*** Element info: {Using=link text, value=Sign out}
