[22:04:40.003] [ERROR] - Error occurred: no such element: Unable to locate element: {"method":"link text","selector":"Sign out"}
  (Session info: chrome=75.0.3770.100)
For documentation on this error, please visit: https://www.seleniumhq.org/exceptions/no_such_element.html
Build info: version: '3.141.59', revision: 'e82be7d358', time: '2018-11-14T08:17:03'
System info: host: 'FAISALKHATRI', ip: '10.0.75.1', os.name: 'Windows 10', os.arch: 'amd64', os.version: '10.0', java.version: '1.8.0_212'
Driver info: org.openqa.selenium.chrome.ChromeDriver
Capabilities {acceptInsecureCerts: false, browserName: chrome, browserVersion: 75.0.3770.100, chrome: {chromedriverVersion: 75.0.3770.8 (681f24ea911fe7..., userDataDir: C:\Users\ADMIN\AppData\Loca...}, goog:chromeOptions: {debuggerAddress: localhost:52084}, javascriptEnabled: true, networkConnectionEnabled: false, pageLoadStrategy: normal, platform: XP, platformName: XP, proxy: Proxy(), setWindowRect: true, strictFileInteractability: false, timeouts: {implicit: 0, pageLoad: 300000, script: 30000}, unhandledPromptBehavior: dismiss and notify}
Session ID: 66b366e41c67e3f47742713da281ae5e
*** Element info: {Using=link text, value=Sign out} (DriverListner:332) 
[22:04:40.007] [ERROR] - 	at: sun.reflect.NativeConstructorAccessorImpl.newInstance0(Native Method) (DriverListner:334) 
[22:04:40.009] [ERROR] - 	at: sun.reflect.NativeConstructorAccessorImpl.newInstance(NativeConstructorAccessorImpl.java:62) (DriverListner:334) 
[22:04:40.010] [ERROR] - 	at: sun.reflect.DelegatingConstructorAccessorImpl.newInstance(DelegatingConstructorAccessorImpl.java:45) (DriverListner:334) 
[22:04:40.011] [ERROR] - 	at: java.lang.reflect.Constructor.newInstance(Constructor.java:423) (DriverListner:334) 
[22:04:40.011] [ERROR] - 	at: org.openqa.selenium.remote.http.W3CHttpResponseCodec.createException(W3CHttpResponseCodec.java:187) (DriverListner:334) 
[22:04:40.012] [ERROR] - 	at: org.openqa.selenium.remote.http.W3CHttpResponseCodec.decode(W3CHttpResponseCodec.java:122) (DriverListner:334) 
[22:04:40.013] [ERROR] - 	at: org.openqa.selenium.remote.http.W3CHttpResponseCodec.decode(W3CHttpResponseCodec.java:49) (DriverListner:334) 
[22:04:40.014] [ERROR] - 	at: org.openqa.selenium.remote.HttpCommandExecutor.execute(HttpCommandExecutor.java:158) (DriverListner:334) 
[22:04:40.015] [ERROR] - 	at: org.openqa.selenium.remote.service.DriverCommandExecutor.execute(DriverCommandExecutor.java:83) (DriverListner:334) 
[22:04:40.016] [ERROR] - 	at: org.openqa.selenium.remote.RemoteWebDriver.execute(RemoteWebDriver.java:552) (DriverListner:334) 
[22:04:40.017] [ERROR] - 	at: org.openqa.selenium.remote.RemoteWebDriver.findElement(RemoteWebDriver.java:323) (DriverListner:334) 
[22:04:40.018] [ERROR] - 	at: org.openqa.selenium.remote.RemoteWebDriver.findElementByLinkText(RemoteWebDriver.java:380) (DriverListner:334) 
[22:04:40.019] [ERROR] - 	at: org.openqa.selenium.By$ByLinkText.findElement(By.java:220) (DriverListner:334) 
[22:04:40.020] [ERROR] - 	at: org.openqa.selenium.remote.RemoteWebDriver.findElement(RemoteWebDriver.java:315) (DriverListner:334) 
[22:04:40.021] [ERROR] - 	at: sun.reflect.NativeMethodAccessorImpl.invoke0(Native Method) (DriverListner:334) 
[22:04:40.021] [ERROR] - 	at: sun.reflect.NativeMethodAccessorImpl.invoke(NativeMethodAccessorImpl.java:62) (DriverListner:334) 
[22:04:40.022] [ERROR] - 	at: sun.reflect.DelegatingMethodAccessorImpl.invoke(DelegatingMethodAccessorImpl.java:43) (DriverListner:334) 
[22:04:40.023] [ERROR] - 	at: java.lang.reflect.Method.invoke(Method.java:498) (DriverListner:334) 
[22:04:40.024] [ERROR] - 	at: org.openqa.selenium.support.events.EventFiringWebDriver.lambda$new$1(EventFiringWebDriver.java:105) (DriverListner:334) 
[22:04:40.025] [ERROR] - 	at: com.sun.proxy.$Proxy28.findElement(Unknown Source) (DriverListner:334) 
[22:04:40.026] [ERROR] - 	at: org.openqa.selenium.support.events.EventFiringWebDriver.findElement(EventFiringWebDriver.java:194) (DriverListner:334) 
[22:04:40.027] [ERROR] - 	at: org.openqa.selenium.support.ui.ExpectedConditions$7.apply(ExpectedConditions.java:205) (DriverListner:334) 
[22:04:40.028] [ERROR] - 	at: org.openqa.selenium.support.ui.ExpectedConditions$7.apply(ExpectedConditions.java:201) (DriverListner:334) 
[22:04:40.029] [ERROR] - 	at: org.openqa.selenium.support.ui.FluentWait.until(FluentWait.java:249) (DriverListner:334) 
[22:04:40.029] [ERROR] - 	at: com.github.wasiqb.coteafs.selenium.core.ElementAction.waitUntilLocatorVisible(ElementAction.java:451) (DriverListner:334) 
[22:04:40.030] [ERROR] - 	at: com.github.wasiqb.coteafs.selenium.core.ElementAction.waitUntilVisible(ElementAction.java:397) (DriverListner:334) 
[22:04:40.031] [ERROR] - 	at: com.github.wasiqb.coteafs.selenium.core.ElementAction.prepareForAction(ElementAction.java:424) (DriverListner:334) 
[22:04:40.031] [ERROR] - 	at: com.github.wasiqb.coteafs.selenium.core.ElementAction.perform(ElementAction.java:419) (DriverListner:334) 
[22:04:40.032] [ERROR] - 	at: com.github.wasiqb.coteafs.selenium.core.ElementAction.click(ElementAction.java:142) (DriverListner:334) 
[22:04:40.032] [ERROR] - 	at: com.wizonsoft.action.SignoutAction.signoutWebsite(SignoutAction.java:28) (DriverListner:334) 
[22:04:40.033] [ERROR] - 	at: com.wizonsoft.action.SignoutAction.perform(SignoutAction.java:23) (DriverListner:334) 
[22:04:40.034] [ERROR] - 	at: com.wizonsoft.tests.SignoutTests.testSignOut(SignoutTests.java:20) (DriverListner:334) 
[22:04:40.035] [ERROR] - 	at: sun.reflect.NativeMethodAccessorImpl.invoke0(Native Method) (DriverListner:334) 
[22:04:40.036] [ERROR] - 	at: sun.reflect.NativeMethodAccessorImpl.invoke(NativeMethodAccessorImpl.java:62) (DriverListner:334) 
[22:04:40.036] [ERROR] - 	at: sun.reflect.DelegatingMethodAccessorImpl.invoke(DelegatingMethodAccessorImpl.java:43) (DriverListner:334) 
[22:04:40.037] [ERROR] - 	at: java.lang.reflect.Method.invoke(Method.java:498) (DriverListner:334) 
[22:04:40.038] [ERROR] - 	at: org.testng.internal.MethodInvocationHelper.invokeMethod(MethodInvocationHelper.java:124) (DriverListner:334) 
[22:04:40.039] [ERROR] - 	at: org.testng.internal.Invoker.invokeMethod(Invoker.java:583) (DriverListner:334) 
[22:04:40.040] [ERROR] - 	at: org.testng.internal.Invoker.invokeTestMethod(Invoker.java:719) (DriverListner:334) 
[22:04:40.041] [ERROR] - 	at: org.testng.internal.Invoker.invokeTestMethods(Invoker.java:989) (DriverListner:334) 
[22:04:40.042] [ERROR] - 	at: org.testng.internal.TestMethodWorker.invokeTestMethods(TestMethodWorker.java:125) (DriverListner:334) 
[22:04:40.042] [ERROR] - 	at: org.testng.internal.TestMethodWorker.run(TestMethodWorker.java:109) (DriverListner:334) 
[22:04:40.043] [ERROR] - 	at: org.testng.TestRunner.privateRun(TestRunner.java:648) (DriverListner:334) 
[22:04:40.044] [ERROR] - 	at: org.testng.TestRunner.run(TestRunner.java:505) (DriverListner:334) 
[22:04:40.045] [ERROR] - 	at: org.testng.SuiteRunner.runTest(SuiteRunner.java:455) (DriverListner:334) 
[22:04:40.046] [ERROR] - 	at: org.testng.SuiteRunner.access$000(SuiteRunner.java:40) (DriverListner:334) 
[22:04:40.047] [ERROR] - 	at: org.testng.SuiteRunner$SuiteWorker.run(SuiteRunner.java:489) (DriverListner:334) 
[22:04:40.047] [ERROR] - 	at: org.testng.internal.thread.ThreadUtil$1.call(ThreadUtil.java:52) (DriverListner:334) 
[22:04:40.048] [ERROR] - 	at: java.util.concurrent.FutureTask.run(FutureTask.java:266) (DriverListner:334) 
[22:04:40.048] [ERROR] - 	at: java.util.concurrent.ThreadPoolExecutor.runWorker(ThreadPoolExecutor.java:1149) (DriverListner:334) 
[22:04:40.049] [ERROR] - 	at: java.util.concurrent.ThreadPoolExecutor$Worker.run(ThreadPoolExecutor.java:624) (DriverListner:334) 
[22:04:40.050] [ERROR] - 	at: java.lang.Thread.run(Thread.java:748) (DriverListner:334) 
[22:04:40.051] [ERROR] - Catching (DriverListner:336) no such element: Unable to locate element: {"method":"link text","selector":"Sign out"}
  (Session info: chrome=75.0.3770.100)
For documentation on this error, please visit: https://www.seleniumhq.org/exceptions/no_such_element.html
Build info: version: '3.141.59', revision: 'e82be7d358', time: '2018-11-14T08:17:03'
System info: host: 'FAISALKHATRI', ip: '10.0.75.1', os.name: 'Windows 10', os.arch: 'amd64', os.version: '10.0', java.version: '1.8.0_212'
Driver info: org.openqa.selenium.chrome.ChromeDriver
Capabilities {acceptInsecureCerts: false, browserName: chrome, browserVersion: 75.0.3770.100, chrome: {chromedriverVersion: 75.0.3770.8 (681f24ea911fe7..., userDataDir: C:\Users\ADMIN\AppData\Loca...}, goog:chromeOptions: {debuggerAddress: localhost:52084}, javascriptEnabled: true, networkConnectionEnabled: false, pageLoadStrategy: normal, platform: XP, platformName: XP, proxy: Proxy(), setWindowRect: true, strictFileInteractability: false, timeouts: {implicit: 0, pageLoad: 300000, script: 30000}, unhandledPromptBehavior: dismiss and notify}
Session ID: 66b366e41c67e3f47742713da281ae5e
*** Element info: {Using=link text, value=Sign out}
