[21:40:07.693] [ERROR] - Error occurred: no such element: Unable to locate element: {"method":"link text","selector":"Sign out"}
  (Session info: chrome=75.0.3770.100)
For documentation on this error, please visit: https://www.seleniumhq.org/exceptions/no_such_element.html
Build info: version: '3.141.59', revision: 'e82be7d358', time: '2018-11-14T08:17:03'
System info: host: 'FAISALKHATRI', ip: '10.0.75.1', os.name: 'Windows 10', os.arch: 'amd64', os.version: '10.0', java.version: '1.8.0_212'
Driver info: org.openqa.selenium.chrome.ChromeDriver
Capabilities {acceptInsecureCerts: false, browserName: chrome, browserVersion: 75.0.3770.100, chrome: {chromedriverVersion: 75.0.3770.8 (681f24ea911fe7..., userDataDir: C:\Users\ADMIN\AppData\Loca...}, goog:chromeOptions: {debuggerAddress: localhost:64881}, javascriptEnabled: true, networkConnectionEnabled: false, pageLoadStrategy: normal, platform: XP, platformName: XP, proxy: Proxy(), setWindowRect: true, strictFileInteractability: false, timeouts: {implicit: 0, pageLoad: 300000, script: 30000}, unhandledPromptBehavior: dismiss and notify}
Session ID: 766787020c78c3f6128918331cff5537
*** Element info: {Using=link text, value=Sign out} (DriverListner:332) 
[21:40:07.697] [ERROR] - 	at: sun.reflect.NativeConstructorAccessorImpl.newInstance0(Native Method) (DriverListner:334) 
[21:40:07.698] [ERROR] - 	at: sun.reflect.NativeConstructorAccessorImpl.newInstance(NativeConstructorAccessorImpl.java:62) (DriverListner:334) 
[21:40:07.699] [ERROR] - 	at: sun.reflect.DelegatingConstructorAccessorImpl.newInstance(DelegatingConstructorAccessorImpl.java:45) (DriverListner:334) 
[21:40:07.700] [ERROR] - 	at: java.lang.reflect.Constructor.newInstance(Constructor.java:423) (DriverListner:334) 
[21:40:07.700] [ERROR] - 	at: org.openqa.selenium.remote.http.W3CHttpResponseCodec.createException(W3CHttpResponseCodec.java:187) (DriverListner:334) 
[21:40:07.701] [ERROR] - 	at: org.openqa.selenium.remote.http.W3CHttpResponseCodec.decode(W3CHttpResponseCodec.java:122) (DriverListner:334) 
[21:40:07.702] [ERROR] - 	at: org.openqa.selenium.remote.http.W3CHttpResponseCodec.decode(W3CHttpResponseCodec.java:49) (DriverListner:334) 
[21:40:07.703] [ERROR] - 	at: org.openqa.selenium.remote.HttpCommandExecutor.execute(HttpCommandExecutor.java:158) (DriverListner:334) 
[21:40:07.704] [ERROR] - 	at: org.openqa.selenium.remote.service.DriverCommandExecutor.execute(DriverCommandExecutor.java:83) (DriverListner:334) 
[21:40:07.705] [ERROR] - 	at: org.openqa.selenium.remote.RemoteWebDriver.execute(RemoteWebDriver.java:552) (DriverListner:334) 
[21:40:07.705] [ERROR] - 	at: org.openqa.selenium.remote.RemoteWebDriver.findElement(RemoteWebDriver.java:323) (DriverListner:334) 
[21:40:07.706] [ERROR] - 	at: org.openqa.selenium.remote.RemoteWebDriver.findElementByLinkText(RemoteWebDriver.java:380) (DriverListner:334) 
[21:40:07.707] [ERROR] - 	at: org.openqa.selenium.By$ByLinkText.findElement(By.java:220) (DriverListner:334) 
[21:40:07.708] [ERROR] - 	at: org.openqa.selenium.remote.RemoteWebDriver.findElement(RemoteWebDriver.java:315) (DriverListner:334) 
[21:40:07.709] [ERROR] - 	at: sun.reflect.NativeMethodAccessorImpl.invoke0(Native Method) (DriverListner:334) 
[21:40:07.710] [ERROR] - 	at: sun.reflect.NativeMethodAccessorImpl.invoke(NativeMethodAccessorImpl.java:62) (DriverListner:334) 
[21:40:07.711] [ERROR] - 	at: sun.reflect.DelegatingMethodAccessorImpl.invoke(DelegatingMethodAccessorImpl.java:43) (DriverListner:334) 
[21:40:07.712] [ERROR] - 	at: java.lang.reflect.Method.invoke(Method.java:498) (DriverListner:334) 
[21:40:07.712] [ERROR] - 	at: org.openqa.selenium.support.events.EventFiringWebDriver.lambda$new$1(EventFiringWebDriver.java:105) (DriverListner:334) 
[21:40:07.713] [ERROR] - 	at: com.sun.proxy.$Proxy28.findElement(Unknown Source) (DriverListner:334) 
[21:40:07.714] [ERROR] - 	at: org.openqa.selenium.support.events.EventFiringWebDriver.findElement(EventFiringWebDriver.java:194) (DriverListner:334) 
[21:40:07.715] [ERROR] - 	at: org.openqa.selenium.support.ui.ExpectedConditions$7.apply(ExpectedConditions.java:205) (DriverListner:334) 
[21:40:07.716] [ERROR] - 	at: org.openqa.selenium.support.ui.ExpectedConditions$7.apply(ExpectedConditions.java:201) (DriverListner:334) 
[21:40:07.717] [ERROR] - 	at: org.openqa.selenium.support.ui.FluentWait.until(FluentWait.java:249) (DriverListner:334) 
[21:40:07.718] [ERROR] - 	at: com.github.wasiqb.coteafs.selenium.core.ElementAction.waitUntilLocatorVisible(ElementAction.java:451) (DriverListner:334) 
[21:40:07.718] [ERROR] - 	at: com.github.wasiqb.coteafs.selenium.core.ElementAction.waitUntilVisible(ElementAction.java:397) (DriverListner:334) 
[21:40:07.719] [ERROR] - 	at: com.github.wasiqb.coteafs.selenium.core.ElementAction.prepareForAction(ElementAction.java:424) (DriverListner:334) 
[21:40:07.720] [ERROR] - 	at: com.github.wasiqb.coteafs.selenium.core.ElementAction.perform(ElementAction.java:419) (DriverListner:334) 
[21:40:07.721] [ERROR] - 	at: com.github.wasiqb.coteafs.selenium.core.ElementAction.click(ElementAction.java:142) (DriverListner:334) 
[21:40:07.722] [ERROR] - 	at: com.wizonsoft.action.SignoutAction.signoutWebsite(SignoutAction.java:28) (DriverListner:334) 
[21:40:07.722] [ERROR] - 	at: com.wizonsoft.action.SignoutAction.perform(SignoutAction.java:23) (DriverListner:334) 
[21:40:07.723] [ERROR] - 	at: com.wizonsoft.tests.SignoutTests.testSignOut(SignoutTests.java:20) (DriverListner:334) 
[21:40:07.723] [ERROR] - 	at: sun.reflect.NativeMethodAccessorImpl.invoke0(Native Method) (DriverListner:334) 
[21:40:07.724] [ERROR] - 	at: sun.reflect.NativeMethodAccessorImpl.invoke(NativeMethodAccessorImpl.java:62) (DriverListner:334) 
[21:40:07.725] [ERROR] - 	at: sun.reflect.DelegatingMethodAccessorImpl.invoke(DelegatingMethodAccessorImpl.java:43) (DriverListner:334) 
[21:40:07.725] [ERROR] - 	at: java.lang.reflect.Method.invoke(Method.java:498) (DriverListner:334) 
[21:40:07.725] [ERROR] - 	at: org.testng.internal.MethodInvocationHelper.invokeMethod(MethodInvocationHelper.java:124) (DriverListner:334) 
[21:40:07.726] [ERROR] - 	at: org.testng.internal.Invoker.invokeMethod(Invoker.java:583) (DriverListner:334) 
[21:40:07.727] [ERROR] - 	at: org.testng.internal.Invoker.invokeTestMethod(Invoker.java:719) (DriverListner:334) 
[21:40:07.727] [ERROR] - 	at: org.testng.internal.Invoker.invokeTestMethods(Invoker.java:989) (DriverListner:334) 
[21:40:07.728] [ERROR] - 	at: org.testng.internal.TestMethodWorker.invokeTestMethods(TestMethodWorker.java:125) (DriverListner:334) 
[21:40:07.729] [ERROR] - 	at: org.testng.internal.TestMethodWorker.run(TestMethodWorker.java:109) (DriverListner:334) 
[21:40:07.729] [ERROR] - 	at: org.testng.TestRunner.privateRun(TestRunner.java:648) (DriverListner:334) 
[21:40:07.730] [ERROR] - 	at: org.testng.TestRunner.run(TestRunner.java:505) (DriverListner:334) 
[21:40:07.730] [ERROR] - 	at: org.testng.SuiteRunner.runTest(SuiteRunner.java:455) (DriverListner:334) 
[21:40:07.731] [ERROR] - 	at: org.testng.SuiteRunner.access$000(SuiteRunner.java:40) (DriverListner:334) 
[21:40:07.732] [ERROR] - 	at: org.testng.SuiteRunner$SuiteWorker.run(SuiteRunner.java:489) (DriverListner:334) 
[21:40:07.732] [ERROR] - 	at: org.testng.internal.thread.ThreadUtil$1.call(ThreadUtil.java:52) (DriverListner:334) 
[21:40:07.733] [ERROR] - 	at: java.util.concurrent.FutureTask.run(FutureTask.java:266) (DriverListner:334) 
[21:40:07.734] [ERROR] - 	at: java.util.concurrent.ThreadPoolExecutor.runWorker(ThreadPoolExecutor.java:1149) (DriverListner:334) 
[21:40:07.734] [ERROR] - 	at: java.util.concurrent.ThreadPoolExecutor$Worker.run(ThreadPoolExecutor.java:624) (DriverListner:334) 
[21:40:07.735] [ERROR] - 	at: java.lang.Thread.run(Thread.java:748) (DriverListner:334) 
[21:40:07.736] [ERROR] - Catching (DriverListner:336) no such element: Unable to locate element: {"method":"link text","selector":"Sign out"}
  (Session info: chrome=75.0.3770.100)
For documentation on this error, please visit: https://www.seleniumhq.org/exceptions/no_such_element.html
Build info: version: '3.141.59', revision: 'e82be7d358', time: '2018-11-14T08:17:03'
System info: host: 'FAISALKHATRI', ip: '10.0.75.1', os.name: 'Windows 10', os.arch: 'amd64', os.version: '10.0', java.version: '1.8.0_212'
Driver info: org.openqa.selenium.chrome.ChromeDriver
Capabilities {acceptInsecureCerts: false, browserName: chrome, browserVersion: 75.0.3770.100, chrome: {chromedriverVersion: 75.0.3770.8 (681f24ea911fe7..., userDataDir: C:\Users\ADMIN\AppData\Loca...}, goog:chromeOptions: {debuggerAddress: localhost:64881}, javascriptEnabled: true, networkConnectionEnabled: false, pageLoadStrategy: normal, platform: XP, platformName: XP, proxy: Proxy(), setWindowRect: true, strictFileInteractability: false, timeouts: {implicit: 0, pageLoad: 300000, script: 30000}, unhandledPromptBehavior: dismiss and notify}
Session ID: 766787020c78c3f6128918331cff5537
*** Element info: {Using=link text, value=Sign out}
