[22:06:57.148] [INFO ] - Starting the browser... (Browser:212) 
[22:06:57.184] [INFO ] - Setting up Chrome driver... (Browser:75) 
[22:07:04.070] [INFO ] - Setting screen size of Browser to NORMAL... (Browser:253) 
[22:07:04.073] [INFO ] - Setting screen resolution to [ScreenResolution{height=768, width=1280}]... (Browser:264) 
[22:07:05.240] [INFO ] - Finding elements available on the page. (PageFactory:51) 
[22:07:05.257] [INFO ] - Finding element signInLink using locator By.linkText: Sign in. (PageFactory:83) 
[22:07:05.303] [INFO ] - Navigating to [http://automationpractice.com/index.php]... (DriverListner:299) 
[22:07:30.441] [TRACE] - Navigated to url [http://automationpractice.com/index.php]... (DriverListner:154) 
[22:07:30.445] [INFO ] - Finding elements available on the page. (PageFactory:51) 
[22:07:30.446] [INFO ] - Finding element signInLink using locator By.linkText: Sign in. (PageFactory:83) 
[22:07:30.456] [TRACE] - Finding element by [By.linkText: Sign in] (DriverListner:236) 
[22:07:30.501] [TRACE] - Element found using [By.linkText: Sign in]... (DriverListner:91) 
[22:07:31.187] [INFO ] - Clicking on Element... (DriverListner:224) 
[22:07:35.580] [TRACE] - Clicked on element... (DriverListner:79) 
[22:07:35.625] [INFO ] - Finding elements available on the page. (PageFactory:51) 
[22:07:35.627] [INFO ] - Finding element createAccountButton using locator By.id: SubmitCreate. (PageFactory:83) 
[22:07:35.628] [INFO ] - Finding element emailId using locator By.id: email_create. (PageFactory:83) 
[22:07:35.630] [INFO ] - Finding element password using locator By.id: passwd. (PageFactory:83) 
[22:07:35.631] [INFO ] - Finding element signInButton using locator By.id: SubmitLogin. (PageFactory:83) 
[22:07:35.632] [INFO ] - Finding element signInEmail using locator By.id: email. (PageFactory:83) 
[22:07:35.709] [TRACE] - Finding element by [By.id: email_create] (DriverListner:236) 
[22:07:35.749] [TRACE] - Element found using [By.id: email_create]... (DriverListner:91) 
[22:07:36.400] [INFO ] - Clicking on Element... (DriverListner:224) 
[22:07:36.606] [TRACE] - Clicked on element... (DriverListner:79) 
[22:07:36.608] [TRACE] - Finding element by [By.id: email_create] (DriverListner:236) 
[22:07:36.637] [TRACE] - Element found using [By.id: email_create]... (DriverListner:91) 
[22:07:37.439] [TRACE] - Finding element by [By.id: email_create] (DriverListner:236) 
[22:07:37.461] [TRACE] - Element found using [By.id: email_create]... (DriverListner:91) 
[22:07:38.004] [INFO ] - Writing text [quinn.quigley@hotmail.com]... (DriverListner:212) 
[22:07:38.426] [TRACE] - Text [quinn.quigley@hotmail.com] has been entered... (DriverListner:67) 
[22:07:38.427] [TRACE] - Finding element by [By.id: SubmitCreate] (DriverListner:236) 
[22:07:38.480] [TRACE] - Element found using [By.id: SubmitCreate]... (DriverListner:91) 
[22:07:39.141] [INFO ] - Clicking on Element... (DriverListner:224) 
[22:07:39.426] [TRACE] - Clicked on element... (DriverListner:79) 
[22:07:39.448] [INFO ] - Finding elements available on the page. (PageFactory:51) 
[22:07:39.449] [INFO ] - Finding element signInLink using locator By.linkText: Sign in. (PageFactory:83) 
[22:07:39.450] [TRACE] - Finding element by [By.linkText: Sign out] (DriverListner:236) 
[22:08:39.546] [ERROR] - Error occurred: no such element: Unable to locate element: {"method":"link text","selector":"Sign out"}
  (Session info: chrome=75.0.3770.100)
For documentation on this error, please visit: https://www.seleniumhq.org/exceptions/no_such_element.html
Build info: version: '3.141.59', revision: 'e82be7d358', time: '2018-11-14T08:17:03'
System info: host: 'FAISALKHATRI', ip: '10.0.75.1', os.name: 'Windows 10', os.arch: 'amd64', os.version: '10.0', java.version: '1.8.0_212'
Driver info: org.openqa.selenium.chrome.ChromeDriver
Capabilities {acceptInsecureCerts: false, browserName: chrome, browserVersion: 75.0.3770.100, chrome: {chromedriverVersion: 75.0.3770.8 (681f24ea911fe7..., userDataDir: C:\Users\ADMIN\AppData\Loca...}, goog:chromeOptions: {debuggerAddress: localhost:52986}, javascriptEnabled: true, networkConnectionEnabled: false, pageLoadStrategy: normal, platform: XP, platformName: XP, proxy: Proxy(), setWindowRect: true, strictFileInteractability: false, timeouts: {implicit: 0, pageLoad: 300000, script: 30000}, unhandledPromptBehavior: dismiss and notify}
Session ID: 39ddecdcda7adc1de777ea251e84a3f9
*** Element info: {Using=link text, value=Sign out} (DriverListner:332) 
[22:08:39.550] [ERROR] - 	at: sun.reflect.NativeConstructorAccessorImpl.newInstance0(Native Method) (DriverListner:334) 
[22:08:39.551] [ERROR] - 	at: sun.reflect.NativeConstructorAccessorImpl.newInstance(NativeConstructorAccessorImpl.java:62) (DriverListner:334) 
[22:08:39.552] [ERROR] - 	at: sun.reflect.DelegatingConstructorAccessorImpl.newInstance(DelegatingConstructorAccessorImpl.java:45) (DriverListner:334) 
[22:08:39.553] [ERROR] - 	at: java.lang.reflect.Constructor.newInstance(Constructor.java:423) (DriverListner:334) 
[22:08:39.554] [ERROR] - 	at: org.openqa.selenium.remote.http.W3CHttpResponseCodec.createException(W3CHttpResponseCodec.java:187) (DriverListner:334) 
[22:08:39.558] [ERROR] - 	at: org.openqa.selenium.remote.http.W3CHttpResponseCodec.decode(W3CHttpResponseCodec.java:122) (DriverListner:334) 
[22:08:39.559] [ERROR] - 	at: org.openqa.selenium.remote.http.W3CHttpResponseCodec.decode(W3CHttpResponseCodec.java:49) (DriverListner:334) 
[22:08:39.560] [ERROR] - 	at: org.openqa.selenium.remote.HttpCommandExecutor.execute(HttpCommandExecutor.java:158) (DriverListner:334) 
[22:08:39.561] [ERROR] - 	at: org.openqa.selenium.remote.service.DriverCommandExecutor.execute(DriverCommandExecutor.java:83) (DriverListner:334) 
[22:08:39.562] [ERROR] - 	at: org.openqa.selenium.remote.RemoteWebDriver.execute(RemoteWebDriver.java:552) (DriverListner:334) 
[22:08:39.563] [ERROR] - 	at: org.openqa.selenium.remote.RemoteWebDriver.findElement(RemoteWebDriver.java:323) (DriverListner:334) 
[22:08:39.564] [ERROR] - 	at: org.openqa.selenium.remote.RemoteWebDriver.findElementByLinkText(RemoteWebDriver.java:380) (DriverListner:334) 
[22:08:39.565] [ERROR] - 	at: org.openqa.selenium.By$ByLinkText.findElement(By.java:220) (DriverListner:334) 
[22:08:39.566] [ERROR] - 	at: org.openqa.selenium.remote.RemoteWebDriver.findElement(RemoteWebDriver.java:315) (DriverListner:334) 
[22:08:39.567] [ERROR] - 	at: sun.reflect.NativeMethodAccessorImpl.invoke0(Native Method) (DriverListner:334) 
[22:08:39.568] [ERROR] - 	at: sun.reflect.NativeMethodAccessorImpl.invoke(NativeMethodAccessorImpl.java:62) (DriverListner:334) 
[22:08:39.569] [ERROR] - 	at: sun.reflect.DelegatingMethodAccessorImpl.invoke(DelegatingMethodAccessorImpl.java:43) (DriverListner:334) 
[22:08:39.570] [ERROR] - 	at: java.lang.reflect.Method.invoke(Method.java:498) (DriverListner:334) 
[22:08:39.570] [ERROR] - 	at: org.openqa.selenium.support.events.EventFiringWebDriver.lambda$new$1(EventFiringWebDriver.java:105) (DriverListner:334) 
[22:08:39.571] [ERROR] - 	at: com.sun.proxy.$Proxy27.findElement(Unknown Source) (DriverListner:334) 
[22:08:39.572] [ERROR] - 	at: org.openqa.selenium.support.events.EventFiringWebDriver.findElement(EventFiringWebDriver.java:194) (DriverListner:334) 
[22:08:39.573] [ERROR] - 	at: org.openqa.selenium.support.ui.ExpectedConditions$7.apply(ExpectedConditions.java:205) (DriverListner:334) 
[22:08:39.574] [ERROR] - 	at: org.openqa.selenium.support.ui.ExpectedConditions$7.apply(ExpectedConditions.java:201) (DriverListner:334) 
[22:08:39.575] [ERROR] - 	at: org.openqa.selenium.support.ui.FluentWait.until(FluentWait.java:249) (DriverListner:334) 
[22:08:39.576] [ERROR] - 	at: com.github.wasiqb.coteafs.selenium.core.ElementAction.waitUntilLocatorVisible(ElementAction.java:451) (DriverListner:334) 
[22:08:39.576] [ERROR] - 	at: com.github.wasiqb.coteafs.selenium.core.ElementAction.waitUntilVisible(ElementAction.java:397) (DriverListner:334) 
[22:08:39.577] [ERROR] - 	at: com.github.wasiqb.coteafs.selenium.core.ElementAction.prepareForAction(ElementAction.java:424) (DriverListner:334) 
[22:08:39.577] [ERROR] - 	at: com.github.wasiqb.coteafs.selenium.core.ElementAction.perform(ElementAction.java:419) (DriverListner:334) 
[22:08:39.578] [ERROR] - 	at: com.github.wasiqb.coteafs.selenium.core.ElementAction.click(ElementAction.java:142) (DriverListner:334) 
[22:08:39.579] [ERROR] - 	at: com.wizonsoft.action.SignoutAction.signoutWebsite(SignoutAction.java:28) (DriverListner:334) 
[22:08:39.579] [ERROR] - 	at: com.wizonsoft.action.SignoutAction.perform(SignoutAction.java:23) (DriverListner:334) 
[22:08:39.580] [ERROR] - 	at: com.wizonsoft.tests.SignoutTests.testSignOut(SignoutTests.java:20) (DriverListner:334) 
[22:08:39.580] [ERROR] - 	at: sun.reflect.NativeMethodAccessorImpl.invoke0(Native Method) (DriverListner:334) 
[22:08:39.581] [ERROR] - 	at: sun.reflect.NativeMethodAccessorImpl.invoke(NativeMethodAccessorImpl.java:62) (DriverListner:334) 
[22:08:39.581] [ERROR] - 	at: sun.reflect.DelegatingMethodAccessorImpl.invoke(DelegatingMethodAccessorImpl.java:43) (DriverListner:334) 
[22:08:39.582] [ERROR] - 	at: java.lang.reflect.Method.invoke(Method.java:498) (DriverListner:334) 
[22:08:39.583] [ERROR] - 	at: org.testng.internal.MethodInvocationHelper.invokeMethod(MethodInvocationHelper.java:124) (DriverListner:334) 
[22:08:39.583] [ERROR] - 	at: org.testng.internal.Invoker.invokeMethod(Invoker.java:583) (DriverListner:334) 
[22:08:39.583] [ERROR] - 	at: org.testng.internal.Invoker.invokeTestMethod(Invoker.java:719) (DriverListner:334) 
[22:08:39.584] [ERROR] - 	at: org.testng.internal.Invoker.invokeTestMethods(Invoker.java:989) (DriverListner:334) 
[22:08:39.584] [ERROR] - 	at: org.testng.internal.TestMethodWorker.invokeTestMethods(TestMethodWorker.java:125) (DriverListner:334) 
[22:08:39.585] [ERROR] - 	at: org.testng.internal.TestMethodWorker.run(TestMethodWorker.java:109) (DriverListner:334) 
[22:08:39.586] [ERROR] - 	at: org.testng.TestRunner.privateRun(TestRunner.java:648) (DriverListner:334) 
[22:08:39.586] [ERROR] - 	at: org.testng.TestRunner.run(TestRunner.java:505) (DriverListner:334) 
[22:08:39.587] [ERROR] - 	at: org.testng.SuiteRunner.runTest(SuiteRunner.java:455) (DriverListner:334) 
[22:08:39.588] [ERROR] - 	at: org.testng.SuiteRunner.access$000(SuiteRunner.java:40) (DriverListner:334) 
[22:08:39.588] [ERROR] - 	at: org.testng.SuiteRunner$SuiteWorker.run(SuiteRunner.java:489) (DriverListner:334) 
[22:08:39.589] [ERROR] - 	at: org.testng.internal.thread.ThreadUtil$1.call(ThreadUtil.java:52) (DriverListner:334) 
[22:08:39.590] [ERROR] - 	at: java.util.concurrent.FutureTask.run(FutureTask.java:266) (DriverListner:334) 
[22:08:39.591] [ERROR] - 	at: java.util.concurrent.ThreadPoolExecutor.runWorker(ThreadPoolExecutor.java:1149) (DriverListner:334) 
[22:08:39.592] [ERROR] - 	at: java.util.concurrent.ThreadPoolExecutor$Worker.run(ThreadPoolExecutor.java:624) (DriverListner:334) 
[22:08:39.592] [ERROR] - 	at: java.lang.Thread.run(Thread.java:748) (DriverListner:334) 
[22:08:39.593] [ERROR] - Catching (DriverListner:336) no such element: Unable to locate element: {"method":"link text","selector":"Sign out"}
  (Session info: chrome=75.0.3770.100)
For documentation on this error, please visit: https://www.seleniumhq.org/exceptions/no_such_element.html
Build info: version: '3.141.59', revision: 'e82be7d358', time: '2018-11-14T08:17:03'
System info: host: 'FAISALKHATRI', ip: '10.0.75.1', os.name: 'Windows 10', os.arch: 'amd64', os.version: '10.0', java.version: '1.8.0_212'
Driver info: org.openqa.selenium.chrome.ChromeDriver
Capabilities {acceptInsecureCerts: false, browserName: chrome, browserVersion: 75.0.3770.100, chrome: {chromedriverVersion: 75.0.3770.8 (681f24ea911fe7..., userDataDir: C:\Users\ADMIN\AppData\Loca...}, goog:chromeOptions: {debuggerAddress: localhost:52986}, javascriptEnabled: true, networkConnectionEnabled: false, pageLoadStrategy: normal, platform: XP, platformName: XP, proxy: Proxy(), setWindowRect: true, strictFileInteractability: false, timeouts: {implicit: 0, pageLoad: 300000, script: 30000}, unhandledPromptBehavior: dismiss and notify}
Session ID: 39ddecdcda7adc1de777ea251e84a3f9
*** Element info: {Using=link text, value=Sign out}
[22:08:39.613] [INFO ] - Stopping the browser... (Browser:232) 
[22:08:40.497] [INFO ] - Starting the browser... (Browser:212) 
[22:08:40.499] [INFO ] - Setting up Chrome driver... (Browser:75) 
[22:08:44.241] [INFO ] - Setting screen size of Browser to NORMAL... (Browser:253) 
[22:08:44.242] [INFO ] - Setting screen resolution to [ScreenResolution{height=768, width=1280}]... (Browser:264) 
[22:08:45.380] [INFO ] - Finding elements available on the page. (PageFactory:51) 
[22:08:45.380] [INFO ] - Finding element signInLink using locator By.linkText: Sign in. (PageFactory:83) 
[22:08:45.381] [INFO ] - Navigating to [http://automationpractice.com/index.php]... (DriverListner:299) 
[22:08:55.580] [TRACE] - Navigated to url [http://automationpractice.com/index.php]... (DriverListner:154) 
[22:08:55.580] [INFO ] - Finding elements available on the page. (PageFactory:51) 
[22:08:55.581] [INFO ] - Finding element signInLink using locator By.linkText: Sign in. (PageFactory:83) 
[22:08:55.582] [TRACE] - Finding element by [By.linkText: Sign in] (DriverListner:236) 
[22:08:55.625] [TRACE] - Element found using [By.linkText: Sign in]... (DriverListner:91) 
[22:08:56.241] [INFO ] - Clicking on Element... (DriverListner:224) 
[22:09:56.436] [ERROR] - Error occurred: timeout
  (Session info: chrome=75.0.3770.100)
Build info: version: '3.141.59', revision: 'e82be7d358', time: '2018-11-14T08:17:03'
System info: host: 'FAISALKHATRI', ip: '10.0.75.1', os.name: 'Windows 10', os.arch: 'amd64', os.version: '10.0', java.version: '1.8.0_212'
Driver info: org.openqa.selenium.chrome.ChromeDriver
Capabilities {acceptInsecureCerts: false, browserName: chrome, browserVersion: 75.0.3770.100, chrome: {chromedriverVersion: 75.0.3770.8 (681f24ea911fe7..., userDataDir: C:\Users\ADMIN\AppData\Loca...}, goog:chromeOptions: {debuggerAddress: localhost:53274}, javascriptEnabled: true, networkConnectionEnabled: false, pageLoadStrategy: normal, platform: XP, platformName: XP, proxy: Proxy(), setWindowRect: true, strictFileInteractability: false, timeouts: {implicit: 0, pageLoad: 300000, script: 30000}, unhandledPromptBehavior: dismiss and notify}
Session ID: 32e358ba84ab9f0c9da6590d62854131 (DriverListner:332) 
[22:09:56.438] [ERROR] - 	at: sun.reflect.NativeConstructorAccessorImpl.newInstance0(Native Method) (DriverListner:334) 
[22:09:56.439] [ERROR] - 	at: sun.reflect.NativeConstructorAccessorImpl.newInstance(NativeConstructorAccessorImpl.java:62) (DriverListner:334) 
[22:09:56.440] [ERROR] - 	at: sun.reflect.DelegatingConstructorAccessorImpl.newInstance(DelegatingConstructorAccessorImpl.java:45) (DriverListner:334) 
[22:09:56.441] [ERROR] - 	at: java.lang.reflect.Constructor.newInstance(Constructor.java:423) (DriverListner:334) 
[22:09:56.441] [ERROR] - 	at: org.openqa.selenium.remote.http.W3CHttpResponseCodec.createException(W3CHttpResponseCodec.java:187) (DriverListner:334) 
[22:09:56.442] [ERROR] - 	at: org.openqa.selenium.remote.http.W3CHttpResponseCodec.decode(W3CHttpResponseCodec.java:122) (DriverListner:334) 
[22:09:56.443] [ERROR] - 	at: org.openqa.selenium.remote.http.W3CHttpResponseCodec.decode(W3CHttpResponseCodec.java:49) (DriverListner:334) 
[22:09:56.444] [ERROR] - 	at: org.openqa.selenium.remote.HttpCommandExecutor.execute(HttpCommandExecutor.java:158) (DriverListner:334) 
[22:09:56.445] [ERROR] - 	at: org.openqa.selenium.remote.service.DriverCommandExecutor.execute(DriverCommandExecutor.java:83) (DriverListner:334) 
[22:09:56.446] [ERROR] - 	at: org.openqa.selenium.remote.RemoteWebDriver.execute(RemoteWebDriver.java:552) (DriverListner:334) 
[22:09:56.448] [ERROR] - 	at: org.openqa.selenium.remote.RemoteWebElement.execute(RemoteWebElement.java:285) (DriverListner:334) 
[22:09:56.448] [ERROR] - 	at: org.openqa.selenium.remote.RemoteWebElement.click(RemoteWebElement.java:84) (DriverListner:334) 
[22:09:56.449] [ERROR] - 	at: sun.reflect.NativeMethodAccessorImpl.invoke0(Native Method) (DriverListner:334) 
[22:09:56.450] [ERROR] - 	at: sun.reflect.NativeMethodAccessorImpl.invoke(NativeMethodAccessorImpl.java:62) (DriverListner:334) 
[22:09:56.451] [ERROR] - 	at: sun.reflect.DelegatingMethodAccessorImpl.invoke(DelegatingMethodAccessorImpl.java:43) (DriverListner:334) 
[22:09:56.452] [ERROR] - 	at: java.lang.reflect.Method.invoke(Method.java:498) (DriverListner:334) 
[22:09:56.453] [ERROR] - 	at: org.openqa.selenium.support.events.EventFiringWebDriver$EventFiringWebElement.lambda$new$0(EventFiringWebDriver.java:404) (DriverListner:334) 
[22:09:56.454] [ERROR] - 	at: com.sun.proxy.$Proxy29.click(Unknown Source) (DriverListner:334) 
[22:09:56.455] [ERROR] - 	at: org.openqa.selenium.support.events.EventFiringWebDriver$EventFiringWebElement.click(EventFiringWebDriver.java:417) (DriverListner:334) 
[22:09:56.455] [ERROR] - 	at: com.github.wasiqb.coteafs.selenium.core.ElementAction.lambda$2(ElementAction.java:144) (DriverListner:334) 
[22:09:56.456] [ERROR] - 	at: com.github.wasiqb.coteafs.selenium.core.ElementAction.perform(ElementAction.java:420) (DriverListner:334) 
[22:09:56.457] [ERROR] - 	at: com.github.wasiqb.coteafs.selenium.core.ElementAction.click(ElementAction.java:142) (DriverListner:334) 
[22:09:56.458] [ERROR] - 	at: com.wizonsoft.action.MainPageAction.perform(MainPageAction.java:16) (DriverListner:334) 
[22:09:56.459] [ERROR] - 	at: com.wizonsoft.tests.RegisterUserTests.setupMethod(RegisterUserTests.java:40) (DriverListner:334) 
[22:09:56.459] [ERROR] - 	at: sun.reflect.NativeMethodAccessorImpl.invoke0(Native Method) (DriverListner:334) 
[22:09:56.460] [ERROR] - 	at: sun.reflect.NativeMethodAccessorImpl.invoke(NativeMethodAccessorImpl.java:62) (DriverListner:334) 
[22:09:56.461] [ERROR] - 	at: sun.reflect.DelegatingMethodAccessorImpl.invoke(DelegatingMethodAccessorImpl.java:43) (DriverListner:334) 
[22:09:56.461] [ERROR] - 	at: java.lang.reflect.Method.invoke(Method.java:498) (DriverListner:334) 
[22:09:56.463] [ERROR] - 	at: org.testng.internal.MethodInvocationHelper.invokeMethod(MethodInvocationHelper.java:124) (DriverListner:334) 
[22:09:56.464] [ERROR] - 	at: org.testng.internal.MethodInvocationHelper.invokeMethodConsideringTimeout(MethodInvocationHelper.java:59) (DriverListner:334) 
[22:09:56.464] [ERROR] - 	at: org.testng.internal.Invoker.invokeConfigurationMethod(Invoker.java:458) (DriverListner:334) 
[22:09:56.465] [ERROR] - 	at: org.testng.internal.Invoker.invokeConfigurations(Invoker.java:222) (DriverListner:334) 
[22:09:56.466] [ERROR] - 	at: org.testng.internal.Invoker.invokeConfigurations(Invoker.java:142) (DriverListner:334) 
[22:09:56.468] [ERROR] - 	at: org.testng.TestRunner.beforeRun(TestRunner.java:529) (DriverListner:334) 
[22:09:56.469] [ERROR] - 	at: org.testng.TestRunner.run(TestRunner.java:497) (DriverListner:334) 
[22:09:56.470] [ERROR] - 	at: org.testng.SuiteRunner.runTest(SuiteRunner.java:455) (DriverListner:334) 
[22:09:56.470] [ERROR] - 	at: org.testng.SuiteRunner.access$000(SuiteRunner.java:40) (DriverListner:334) 
[22:09:56.471] [ERROR] - 	at: org.testng.SuiteRunner$SuiteWorker.run(SuiteRunner.java:489) (DriverListner:334) 
[22:09:56.472] [ERROR] - 	at: org.testng.internal.thread.ThreadUtil$1.call(ThreadUtil.java:52) (DriverListner:334) 
[22:09:56.472] [ERROR] - 	at: java.util.concurrent.FutureTask.run(FutureTask.java:266) (DriverListner:334) 
[22:09:56.473] [ERROR] - 	at: java.util.concurrent.ThreadPoolExecutor.runWorker(ThreadPoolExecutor.java:1149) (DriverListner:334) 
[22:09:56.474] [ERROR] - 	at: java.util.concurrent.ThreadPoolExecutor$Worker.run(ThreadPoolExecutor.java:624) (DriverListner:334) 
[22:09:56.475] [ERROR] - 	at: java.lang.Thread.run(Thread.java:748) (DriverListner:334) 
[22:09:56.476] [ERROR] - Catching (DriverListner:336) timeout
  (Session info: chrome=75.0.3770.100)
Build info: version: '3.141.59', revision: 'e82be7d358', time: '2018-11-14T08:17:03'
System info: host: 'FAISALKHATRI', ip: '10.0.75.1', os.name: 'Windows 10', os.arch: 'amd64', os.version: '10.0', java.version: '1.8.0_212'
Driver info: org.openqa.selenium.chrome.ChromeDriver
Capabilities {acceptInsecureCerts: false, browserName: chrome, browserVersion: 75.0.3770.100, chrome: {chromedriverVersion: 75.0.3770.8 (681f24ea911fe7..., userDataDir: C:\Users\ADMIN\AppData\Loca...}, goog:chromeOptions: {debuggerAddress: localhost:53274}, javascriptEnabled: true, networkConnectionEnabled: false, pageLoadStrategy: normal, platform: XP, platformName: XP, proxy: Proxy(), setWindowRect: true, strictFileInteractability: false, timeouts: {implicit: 0, pageLoad: 300000, script: 30000}, unhandledPromptBehavior: dismiss and notify}
Session ID: 32e358ba84ab9f0c9da6590d62854131
[22:09:56.548] [INFO ] - Stopping the browser... (Browser:232) 
[22:09:57.578] [INFO ] - Starting the browser... (Browser:212) 
[22:09:57.580] [INFO ] - Setting up Chrome driver... (Browser:75) 
[22:10:01.703] [INFO ] - Setting screen size of Browser to NORMAL... (Browser:253) 
[22:10:01.704] [INFO ] - Setting screen resolution to [ScreenResolution{height=768, width=1280}]... (Browser:264) 
[22:10:02.871] [INFO ] - Finding elements available on the page. (PageFactory:51) 
[22:10:02.872] [INFO ] - Finding element signInLink using locator By.linkText: Sign in. (PageFactory:83) 
[22:10:02.874] [INFO ] - Navigating to [http://automationpractice.com/index.php]... (DriverListner:299) 
[22:10:28.211] [TRACE] - Navigated to url [http://automationpractice.com/index.php]... (DriverListner:154) 
[22:10:28.212] [INFO ] - Finding elements available on the page. (PageFactory:51) 
[22:10:28.212] [INFO ] - Finding element signInLink using locator By.linkText: Sign in. (PageFactory:83) 
[22:10:28.213] [TRACE] - Finding element by [By.linkText: Sign in] (DriverListner:236) 
[22:10:28.270] [TRACE] - Element found using [By.linkText: Sign in]... (DriverListner:91) 
[22:10:28.908] [INFO ] - Clicking on Element... (DriverListner:224) 
[22:10:33.761] [TRACE] - Clicked on element... (DriverListner:79) 
[22:10:33.769] [INFO ] - Finding elements available on the page. (PageFactory:51) 
[22:10:33.770] [INFO ] - Finding element createAccountButton using locator By.id: SubmitCreate. (PageFactory:83) 
[22:10:33.771] [INFO ] - Finding element emailId using locator By.id: email_create. (PageFactory:83) 
[22:10:33.772] [INFO ] - Finding element password using locator By.id: passwd. (PageFactory:83) 
[22:10:33.773] [INFO ] - Finding element signInButton using locator By.id: SubmitLogin. (PageFactory:83) 
[22:10:33.774] [INFO ] - Finding element signInEmail using locator By.id: email. (PageFactory:83) 
[22:10:33.777] [TRACE] - Finding element by [By.id: email_create] (DriverListner:236) 
[22:10:33.823] [TRACE] - Element found using [By.id: email_create]... (DriverListner:91) 
[22:10:34.477] [INFO ] - Clicking on Element... (DriverListner:224) 
[22:10:34.709] [TRACE] - Clicked on element... (DriverListner:79) 
[22:10:34.711] [TRACE] - Finding element by [By.id: email_create] (DriverListner:236) 
[22:10:34.739] [TRACE] - Element found using [By.id: email_create]... (DriverListner:91) 
[22:10:35.517] [TRACE] - Finding element by [By.id: email_create] (DriverListner:236) 
[22:10:35.551] [TRACE] - Element found using [By.id: email_create]... (DriverListner:91) 
[22:10:36.096] [INFO ] - Writing text [karlene.rutherford@gmail.com]... (DriverListner:212) 
[22:10:36.505] [TRACE] - Text [karlene.rutherford@gmail.com] has been entered... (DriverListner:67) 
[22:10:36.505] [TRACE] - Finding element by [By.id: SubmitCreate] (DriverListner:236) 
[22:10:36.538] [TRACE] - Element found using [By.id: SubmitCreate]... (DriverListner:91) 
[22:10:37.166] [INFO ] - Clicking on Element... (DriverListner:224) 
[22:10:37.364] [TRACE] - Clicked on element... (DriverListner:79) 
[22:10:37.375] [INFO ] - Finding elements available on the page. (PageFactory:51) 
[22:10:37.376] [INFO ] - Finding element signInLink using locator By.linkText: Sign in. (PageFactory:83) 
[22:10:37.378] [TRACE] - Finding element by [By.linkText: Sign out] (DriverListner:236) 
[22:11:37.426] [ERROR] - Error occurred: no such element: Unable to locate element: {"method":"link text","selector":"Sign out"}
  (Session info: chrome=75.0.3770.100)
For documentation on this error, please visit: https://www.seleniumhq.org/exceptions/no_such_element.html
Build info: version: '3.141.59', revision: 'e82be7d358', time: '2018-11-14T08:17:03'
System info: host: 'FAISALKHATRI', ip: '10.0.75.1', os.name: 'Windows 10', os.arch: 'amd64', os.version: '10.0', java.version: '1.8.0_212'
Driver info: org.openqa.selenium.chrome.ChromeDriver
Capabilities {acceptInsecureCerts: false, browserName: chrome, browserVersion: 75.0.3770.100, chrome: {chromedriverVersion: 75.0.3770.8 (681f24ea911fe7..., userDataDir: C:\Users\ADMIN\AppData\Loca...}, goog:chromeOptions: {debuggerAddress: localhost:53504}, javascriptEnabled: true, networkConnectionEnabled: false, pageLoadStrategy: normal, platform: XP, platformName: XP, proxy: Proxy(), setWindowRect: true, strictFileInteractability: false, timeouts: {implicit: 0, pageLoad: 300000, script: 30000}, unhandledPromptBehavior: dismiss and notify}
Session ID: 6050b000130800582ed8f6aea9e225c4
*** Element info: {Using=link text, value=Sign out} (DriverListner:332) 
[22:11:37.427] [ERROR] - 	at: sun.reflect.NativeConstructorAccessorImpl.newInstance0(Native Method) (DriverListner:334) 
[22:11:37.428] [ERROR] - 	at: sun.reflect.NativeConstructorAccessorImpl.newInstance(NativeConstructorAccessorImpl.java:62) (DriverListner:334) 
[22:11:37.428] [ERROR] - 	at: sun.reflect.DelegatingConstructorAccessorImpl.newInstance(DelegatingConstructorAccessorImpl.java:45) (DriverListner:334) 
[22:11:37.428] [ERROR] - 	at: java.lang.reflect.Constructor.newInstance(Constructor.java:423) (DriverListner:334) 
[22:11:37.429] [ERROR] - 	at: org.openqa.selenium.remote.http.W3CHttpResponseCodec.createException(W3CHttpResponseCodec.java:187) (DriverListner:334) 
[22:11:37.430] [ERROR] - 	at: org.openqa.selenium.remote.http.W3CHttpResponseCodec.decode(W3CHttpResponseCodec.java:122) (DriverListner:334) 
[22:11:37.430] [ERROR] - 	at: org.openqa.selenium.remote.http.W3CHttpResponseCodec.decode(W3CHttpResponseCodec.java:49) (DriverListner:334) 
[22:11:37.431] [ERROR] - 	at: org.openqa.selenium.remote.HttpCommandExecutor.execute(HttpCommandExecutor.java:158) (DriverListner:334) 
[22:11:37.431] [ERROR] - 	at: org.openqa.selenium.remote.service.DriverCommandExecutor.execute(DriverCommandExecutor.java:83) (DriverListner:334) 
[22:11:37.432] [ERROR] - 	at: org.openqa.selenium.remote.RemoteWebDriver.execute(RemoteWebDriver.java:552) (DriverListner:334) 
[22:11:37.433] [ERROR] - 	at: org.openqa.selenium.remote.RemoteWebDriver.findElement(RemoteWebDriver.java:323) (DriverListner:334) 
[22:11:37.434] [ERROR] - 	at: org.openqa.selenium.remote.RemoteWebDriver.findElementByLinkText(RemoteWebDriver.java:380) (DriverListner:334) 
[22:11:37.434] [ERROR] - 	at: org.openqa.selenium.By$ByLinkText.findElement(By.java:220) (DriverListner:334) 
[22:11:37.435] [ERROR] - 	at: org.openqa.selenium.remote.RemoteWebDriver.findElement(RemoteWebDriver.java:315) (DriverListner:334) 
[22:11:37.436] [ERROR] - 	at: sun.reflect.NativeMethodAccessorImpl.invoke0(Native Method) (DriverListner:334) 
[22:11:37.436] [ERROR] - 	at: sun.reflect.NativeMethodAccessorImpl.invoke(NativeMethodAccessorImpl.java:62) (DriverListner:334) 
[22:11:37.437] [ERROR] - 	at: sun.reflect.DelegatingMethodAccessorImpl.invoke(DelegatingMethodAccessorImpl.java:43) (DriverListner:334) 
[22:11:37.437] [ERROR] - 	at: java.lang.reflect.Method.invoke(Method.java:498) (DriverListner:334) 
[22:11:37.438] [ERROR] - 	at: org.openqa.selenium.support.events.EventFiringWebDriver.lambda$new$1(EventFiringWebDriver.java:105) (DriverListner:334) 
[22:11:37.439] [ERROR] - 	at: com.sun.proxy.$Proxy27.findElement(Unknown Source) (DriverListner:334) 
[22:11:37.439] [ERROR] - 	at: org.openqa.selenium.support.events.EventFiringWebDriver.findElement(EventFiringWebDriver.java:194) (DriverListner:334) 
[22:11:37.440] [ERROR] - 	at: org.openqa.selenium.support.ui.ExpectedConditions$7.apply(ExpectedConditions.java:205) (DriverListner:334) 
[22:11:37.440] [ERROR] - 	at: org.openqa.selenium.support.ui.ExpectedConditions$7.apply(ExpectedConditions.java:201) (DriverListner:334) 
[22:11:37.441] [ERROR] - 	at: org.openqa.selenium.support.ui.FluentWait.until(FluentWait.java:249) (DriverListner:334) 
[22:11:37.442] [ERROR] - 	at: com.github.wasiqb.coteafs.selenium.core.ElementAction.waitUntilLocatorVisible(ElementAction.java:451) (DriverListner:334) 
[22:11:37.442] [ERROR] - 	at: com.github.wasiqb.coteafs.selenium.core.ElementAction.waitUntilVisible(ElementAction.java:397) (DriverListner:334) 
[22:11:37.446] [ERROR] - 	at: com.github.wasiqb.coteafs.selenium.core.ElementAction.prepareForAction(ElementAction.java:424) (DriverListner:334) 
[22:11:37.447] [ERROR] - 	at: com.github.wasiqb.coteafs.selenium.core.ElementAction.perform(ElementAction.java:419) (DriverListner:334) 
[22:11:37.447] [ERROR] - 	at: com.github.wasiqb.coteafs.selenium.core.ElementAction.click(ElementAction.java:142) (DriverListner:334) 
[22:11:37.448] [ERROR] - 	at: com.wizonsoft.action.SignoutAction.signoutWebsite(SignoutAction.java:28) (DriverListner:334) 
[22:11:37.449] [ERROR] - 	at: com.wizonsoft.action.SignoutAction.perform(SignoutAction.java:23) (DriverListner:334) 
[22:11:37.449] [ERROR] - 	at: com.wizonsoft.tests.SignoutTests.testSignOut(SignoutTests.java:20) (DriverListner:334) 
[22:11:37.450] [ERROR] - 	at: sun.reflect.NativeMethodAccessorImpl.invoke0(Native Method) (DriverListner:334) 
[22:11:37.451] [ERROR] - 	at: sun.reflect.NativeMethodAccessorImpl.invoke(NativeMethodAccessorImpl.java:62) (DriverListner:334) 
[22:11:37.451] [ERROR] - 	at: sun.reflect.DelegatingMethodAccessorImpl.invoke(DelegatingMethodAccessorImpl.java:43) (DriverListner:334) 
[22:11:37.452] [ERROR] - 	at: java.lang.reflect.Method.invoke(Method.java:498) (DriverListner:334) 
[22:11:37.453] [ERROR] - 	at: org.testng.internal.MethodInvocationHelper.invokeMethod(MethodInvocationHelper.java:124) (DriverListner:334) 
[22:11:37.453] [ERROR] - 	at: org.testng.internal.Invoker.invokeMethod(Invoker.java:583) (DriverListner:334) 
[22:11:37.454] [ERROR] - 	at: org.testng.internal.Invoker.invokeTestMethod(Invoker.java:719) (DriverListner:334) 
[22:11:37.455] [ERROR] - 	at: org.testng.internal.Invoker.invokeTestMethods(Invoker.java:989) (DriverListner:334) 
[22:11:37.455] [ERROR] - 	at: org.testng.internal.TestMethodWorker.invokeTestMethods(TestMethodWorker.java:125) (DriverListner:334) 
[22:11:37.456] [ERROR] - 	at: org.testng.internal.TestMethodWorker.run(TestMethodWorker.java:109) (DriverListner:334) 
[22:11:37.456] [ERROR] - 	at: org.testng.TestRunner.privateRun(TestRunner.java:648) (DriverListner:334) 
[22:11:37.457] [ERROR] - 	at: org.testng.TestRunner.run(TestRunner.java:505) (DriverListner:334) 
[22:11:37.457] [ERROR] - 	at: org.testng.SuiteRunner.runTest(SuiteRunner.java:455) (DriverListner:334) 
[22:11:37.458] [ERROR] - 	at: org.testng.SuiteRunner.access$000(SuiteRunner.java:40) (DriverListner:334) 
[22:11:37.458] [ERROR] - 	at: org.testng.SuiteRunner$SuiteWorker.run(SuiteRunner.java:489) (DriverListner:334) 
[22:11:37.459] [ERROR] - 	at: org.testng.internal.thread.ThreadUtil$1.call(ThreadUtil.java:52) (DriverListner:334) 
[22:11:37.459] [ERROR] - 	at: java.util.concurrent.FutureTask.run(FutureTask.java:266) (DriverListner:334) 
[22:11:37.460] [ERROR] - 	at: java.util.concurrent.ThreadPoolExecutor.runWorker(ThreadPoolExecutor.java:1149) (DriverListner:334) 
[22:11:37.460] [ERROR] - 	at: java.util.concurrent.ThreadPoolExecutor$Worker.run(ThreadPoolExecutor.java:624) (DriverListner:334) 
[22:11:37.461] [ERROR] - 	at: java.lang.Thread.run(Thread.java:748) (DriverListner:334) 
[22:11:37.462] [ERROR] - Catching (DriverListner:336) no such element: Unable to locate element: {"method":"link text","selector":"Sign out"}
  (Session info: chrome=75.0.3770.100)
For documentation on this error, please visit: https://www.seleniumhq.org/exceptions/no_such_element.html
Build info: version: '3.141.59', revision: 'e82be7d358', time: '2018-11-14T08:17:03'
System info: host: 'FAISALKHATRI', ip: '10.0.75.1', os.name: 'Windows 10', os.arch: 'amd64', os.version: '10.0', java.version: '1.8.0_212'
Driver info: org.openqa.selenium.chrome.ChromeDriver
Capabilities {acceptInsecureCerts: false, browserName: chrome, browserVersion: 75.0.3770.100, chrome: {chromedriverVersion: 75.0.3770.8 (681f24ea911fe7..., userDataDir: C:\Users\ADMIN\AppData\Loca...}, goog:chromeOptions: {debuggerAddress: localhost:53504}, javascriptEnabled: true, networkConnectionEnabled: false, pageLoadStrategy: normal, platform: XP, platformName: XP, proxy: Proxy(), setWindowRect: true, strictFileInteractability: false, timeouts: {implicit: 0, pageLoad: 300000, script: 30000}, unhandledPromptBehavior: dismiss and notify}
Session ID: 6050b000130800582ed8f6aea9e225c4
*** Element info: {Using=link text, value=Sign out}
[22:11:37.472] [INFO ] - Stopping the browser... (Browser:232) 
