[00:15:33.171] [ERROR] - Error occurred: no such element: Unable to locate element: {"method":"link text","selector":"Sign out"}
  (Session info: chrome=75.0.3770.100)
For documentation on this error, please visit: https://www.seleniumhq.org/exceptions/no_such_element.html
Build info: version: '3.141.59', revision: 'e82be7d358', time: '2018-11-14T08:17:03'
System info: host: 'FAISALKHATRI', ip: '10.0.75.1', os.name: 'Windows 10', os.arch: 'amd64', os.version: '10.0', java.version: '1.8.0_212'
Driver info: org.openqa.selenium.chrome.ChromeDriver
Capabilities {acceptInsecureCerts: false, browserName: chrome, browserVersion: 75.0.3770.100, chrome: {chromedriverVersion: 75.0.3770.8 (681f24ea911fe7..., userDataDir: C:\Users\ADMIN\AppData\Loca...}, goog:chromeOptions: {debuggerAddress: localhost:54889}, javascriptEnabled: true, networkConnectionEnabled: false, pageLoadStrategy: normal, platform: XP, platformName: XP, proxy: Proxy(), setWindowRect: true, strictFileInteractability: false, timeouts: {implicit: 0, pageLoad: 300000, script: 30000}, unhandledPromptBehavior: dismiss and notify}
Session ID: 054767518d24cf8f13b87ff04837f21f
*** Element info: {Using=link text, value=Sign out} (DriverListner:332) 
[00:15:33.174] [ERROR] - 	at: sun.reflect.NativeConstructorAccessorImpl.newInstance0(Native Method) (DriverListner:334) 
[00:15:33.174] [ERROR] - 	at: sun.reflect.NativeConstructorAccessorImpl.newInstance(NativeConstructorAccessorImpl.java:62) (DriverListner:334) 
[00:15:33.175] [ERROR] - 	at: sun.reflect.DelegatingConstructorAccessorImpl.newInstance(DelegatingConstructorAccessorImpl.java:45) (DriverListner:334) 
[00:15:33.176] [ERROR] - 	at: java.lang.reflect.Constructor.newInstance(Constructor.java:423) (DriverListner:334) 
[00:15:33.177] [ERROR] - 	at: org.openqa.selenium.remote.http.W3CHttpResponseCodec.createException(W3CHttpResponseCodec.java:187) (DriverListner:334) 
[00:15:33.178] [ERROR] - 	at: org.openqa.selenium.remote.http.W3CHttpResponseCodec.decode(W3CHttpResponseCodec.java:122) (DriverListner:334) 
[00:15:33.178] [ERROR] - 	at: org.openqa.selenium.remote.http.W3CHttpResponseCodec.decode(W3CHttpResponseCodec.java:49) (DriverListner:334) 
[00:15:33.179] [ERROR] - 	at: org.openqa.selenium.remote.HttpCommandExecutor.execute(HttpCommandExecutor.java:158) (DriverListner:334) 
[00:15:33.179] [ERROR] - 	at: org.openqa.selenium.remote.service.DriverCommandExecutor.execute(DriverCommandExecutor.java:83) (DriverListner:334) 
[00:15:33.180] [ERROR] - 	at: org.openqa.selenium.remote.RemoteWebDriver.execute(RemoteWebDriver.java:552) (DriverListner:334) 
[00:15:33.181] [ERROR] - 	at: org.openqa.selenium.remote.RemoteWebDriver.findElement(RemoteWebDriver.java:323) (DriverListner:334) 
[00:15:33.181] [ERROR] - 	at: org.openqa.selenium.remote.RemoteWebDriver.findElementByLinkText(RemoteWebDriver.java:380) (DriverListner:334) 
[00:15:33.182] [ERROR] - 	at: org.openqa.selenium.By$ByLinkText.findElement(By.java:220) (DriverListner:334) 
[00:15:33.182] [ERROR] - 	at: org.openqa.selenium.remote.RemoteWebDriver.findElement(RemoteWebDriver.java:315) (DriverListner:334) 
[00:15:33.183] [ERROR] - 	at: sun.reflect.NativeMethodAccessorImpl.invoke0(Native Method) (DriverListner:334) 
[00:15:33.184] [ERROR] - 	at: sun.reflect.NativeMethodAccessorImpl.invoke(NativeMethodAccessorImpl.java:62) (DriverListner:334) 
[00:15:33.184] [ERROR] - 	at: sun.reflect.DelegatingMethodAccessorImpl.invoke(DelegatingMethodAccessorImpl.java:43) (DriverListner:334) 
[00:15:33.185] [ERROR] - 	at: java.lang.reflect.Method.invoke(Method.java:498) (DriverListner:334) 
[00:15:33.185] [ERROR] - 	at: org.openqa.selenium.support.events.EventFiringWebDriver.lambda$new$1(EventFiringWebDriver.java:105) (DriverListner:334) 
[00:15:33.186] [ERROR] - 	at: com.sun.proxy.$Proxy27.findElement(Unknown Source) (DriverListner:334) 
[00:15:33.187] [ERROR] - 	at: org.openqa.selenium.support.events.EventFiringWebDriver.findElement(EventFiringWebDriver.java:194) (DriverListner:334) 
[00:15:33.188] [ERROR] - 	at: org.openqa.selenium.support.ui.ExpectedConditions$7.apply(ExpectedConditions.java:205) (DriverListner:334) 
[00:15:33.188] [ERROR] - 	at: org.openqa.selenium.support.ui.ExpectedConditions$7.apply(ExpectedConditions.java:201) (DriverListner:334) 
[00:15:33.189] [ERROR] - 	at: org.openqa.selenium.support.ui.FluentWait.until(FluentWait.java:249) (DriverListner:334) 
[00:15:33.190] [ERROR] - 	at: com.github.wasiqb.coteafs.selenium.core.ElementAction.waitUntilLocatorVisible(ElementAction.java:451) (DriverListner:334) 
[00:15:33.193] [ERROR] - 	at: com.github.wasiqb.coteafs.selenium.core.ElementAction.waitUntilVisible(ElementAction.java:397) (DriverListner:334) 
[00:15:33.194] [ERROR] - 	at: com.github.wasiqb.coteafs.selenium.core.ElementAction.prepareForAction(ElementAction.java:424) (DriverListner:334) 
[00:15:33.195] [ERROR] - 	at: com.github.wasiqb.coteafs.selenium.core.ElementAction.perform(ElementAction.java:419) (DriverListner:334) 
[00:15:33.196] [ERROR] - 	at: com.github.wasiqb.coteafs.selenium.core.ElementAction.click(ElementAction.java:142) (DriverListner:334) 
[00:15:33.196] [ERROR] - 	at: com.wizonsoft.action.SignoutAction.signoutWebsite(SignoutAction.java:28) (DriverListner:334) 
[00:15:33.197] [ERROR] - 	at: com.wizonsoft.action.SignoutAction.perform(SignoutAction.java:23) (DriverListner:334) 
[00:15:33.197] [ERROR] - 	at: com.wizonsoft.tests.SignoutTests.testSignOut(SignoutTests.java:20) (DriverListner:334) 
[00:15:33.198] [ERROR] - 	at: sun.reflect.NativeMethodAccessorImpl.invoke0(Native Method) (DriverListner:334) 
[00:15:33.198] [ERROR] - 	at: sun.reflect.NativeMethodAccessorImpl.invoke(NativeMethodAccessorImpl.java:62) (DriverListner:334) 
[00:15:33.199] [ERROR] - 	at: sun.reflect.DelegatingMethodAccessorImpl.invoke(DelegatingMethodAccessorImpl.java:43) (DriverListner:334) 
[00:15:33.200] [ERROR] - 	at: java.lang.reflect.Method.invoke(Method.java:498) (DriverListner:334) 
[00:15:33.201] [ERROR] - 	at: org.testng.internal.MethodInvocationHelper.invokeMethod(MethodInvocationHelper.java:124) (DriverListner:334) 
[00:15:33.201] [ERROR] - 	at: org.testng.internal.Invoker.invokeMethod(Invoker.java:583) (DriverListner:334) 
[00:15:33.202] [ERROR] - 	at: org.testng.internal.Invoker.invokeTestMethod(Invoker.java:719) (DriverListner:334) 
[00:15:33.203] [ERROR] - 	at: org.testng.internal.Invoker.invokeTestMethods(Invoker.java:989) (DriverListner:334) 
[00:15:33.203] [ERROR] - 	at: org.testng.internal.TestMethodWorker.invokeTestMethods(TestMethodWorker.java:125) (DriverListner:334) 
[00:15:33.204] [ERROR] - 	at: org.testng.internal.TestMethodWorker.run(TestMethodWorker.java:109) (DriverListner:334) 
[00:15:33.205] [ERROR] - 	at: org.testng.TestRunner.privateRun(TestRunner.java:648) (DriverListner:334) 
[00:15:33.205] [ERROR] - 	at: org.testng.TestRunner.run(TestRunner.java:505) (DriverListner:334) 
[00:15:33.206] [ERROR] - 	at: org.testng.SuiteRunner.runTest(SuiteRunner.java:455) (DriverListner:334) 
[00:15:33.207] [ERROR] - 	at: org.testng.SuiteRunner.access$000(SuiteRunner.java:40) (DriverListner:334) 
[00:15:33.207] [ERROR] - 	at: org.testng.SuiteRunner$SuiteWorker.run(SuiteRunner.java:489) (DriverListner:334) 
[00:15:33.208] [ERROR] - 	at: org.testng.internal.thread.ThreadUtil$1.call(ThreadUtil.java:52) (DriverListner:334) 
[00:15:33.208] [ERROR] - 	at: java.util.concurrent.FutureTask.run(FutureTask.java:266) (DriverListner:334) 
[00:15:33.209] [ERROR] - 	at: java.util.concurrent.ThreadPoolExecutor.runWorker(ThreadPoolExecutor.java:1149) (DriverListner:334) 
[00:15:33.210] [ERROR] - 	at: java.util.concurrent.ThreadPoolExecutor$Worker.run(ThreadPoolExecutor.java:624) (DriverListner:334) 
[00:15:33.210] [ERROR] - 	at: java.lang.Thread.run(Thread.java:748) (DriverListner:334) 
[00:15:33.211] [ERROR] - Catching (DriverListner:336) no such element: Unable to locate element: {"method":"link text","selector":"Sign out"}
  (Session info: chrome=75.0.3770.100)
For documentation on this error, please visit: https://www.seleniumhq.org/exceptions/no_such_element.html
Build info: version: '3.141.59', revision: 'e82be7d358', time: '2018-11-14T08:17:03'
System info: host: 'FAISALKHATRI', ip: '10.0.75.1', os.name: 'Windows 10', os.arch: 'amd64', os.version: '10.0', java.version: '1.8.0_212'
Driver info: org.openqa.selenium.chrome.ChromeDriver
Capabilities {acceptInsecureCerts: false, browserName: chrome, browserVersion: 75.0.3770.100, chrome: {chromedriverVersion: 75.0.3770.8 (681f24ea911fe7..., userDataDir: C:\Users\ADMIN\AppData\Loca...}, goog:chromeOptions: {debuggerAddress: localhost:54889}, javascriptEnabled: true, networkConnectionEnabled: false, pageLoadStrategy: normal, platform: XP, platformName: XP, proxy: Proxy(), setWindowRect: true, strictFileInteractability: false, timeouts: {implicit: 0, pageLoad: 300000, script: 30000}, unhandledPromptBehavior: dismiss and notify}
Session ID: 054767518d24cf8f13b87ff04837f21f
*** Element info: {Using=link text, value=Sign out}
