[00:07:07.977] [INFO ] - Starting the browser... (Browser:) 
[00:07:08.015] [INFO ] - Setting up Chrome driver... (Browser:) 
[00:07:16.808] [INFO ] - Setting screen size of Browser to NORMAL... (Browser:) 
[00:07:16.809] [INFO ] - Setting screen resolution to [ScreenResolution{height=768, width=1280}]... (Browser:) 
[00:07:17.965] [INFO ] - Finding elements available on the page. (PageFactory:) 
[00:07:17.987] [INFO ] - Finding element signInLink using locator By.linkText: Sign in. (PageFactory:) 
[00:07:18.030] [INFO ] - Navigating to [http://automationpractice.com/index.php]... (DriverListner:) 
[00:07:37.828] [INFO ] - Finding elements available on the page. (PageFactory:) 
[00:07:37.829] [INFO ] - Finding element signInLink using locator By.linkText: Sign in. (PageFactory:) 
[00:07:38.630] [INFO ] - Clicking on Element... (DriverListner:) 
[00:07:40.909] [INFO ] - Finding elements available on the page. (PageFactory:) 
[00:07:40.914] [INFO ] - Finding element createAccountButton using locator By.id: SubmitCreate. (PageFactory:) 
[00:07:40.916] [INFO ] - Finding element emailId using locator By.id: email_create. (PageFactory:) 
[00:07:40.917] [INFO ] - Finding element password using locator By.id: passwd. (PageFactory:) 
[00:07:40.918] [INFO ] - Finding element signInButton using locator By.id: SubmitLogin. (PageFactory:) 
[00:07:40.919] [INFO ] - Finding element signInEmail using locator By.id: email. (PageFactory:) 
[00:07:41.668] [INFO ] - Clicking on Element... (DriverListner:) 
[00:07:43.318] [INFO ] - Writing text [wilbur.stamm@hotmail.com]... (DriverListner:) 
[00:07:44.362] [INFO ] - Clicking on Element... (DriverListner:) 
[00:07:44.629] [INFO ] - Finding elements available on the page. (PageFactory:) 
[00:07:44.630] [INFO ] - Finding element addressLine1 using locator By.id: address1. (PageFactory:) 
[00:07:44.631] [INFO ] - Finding element addressLine2 using locator By.id: address2. (PageFactory:) 
[00:07:44.633] [INFO ] - Finding element city using locator By.id: city. (PageFactory:) 
[00:07:44.634] [INFO ] - Finding element company using locator By.id: company. (PageFactory:) 
[00:07:44.635] [INFO ] - Finding element country using locator By.id: id_country. (PageFactory:) 
[00:07:44.636] [INFO ] - Finding element parentOfDay using locator By.id: uniform-days. (PageFactory:) 
[00:07:44.637] [INFO ] - Finding element day using locator By.id: days. (PageFactory:) 
[00:07:48.995] [INFO ] - Finding element firstName using locator By.name: customer_firstname. (PageFactory:) 
[00:07:48.997] [INFO ] - Finding element lastName using locator By.name: customer_lastname. (PageFactory:) 
[00:07:49.001] [INFO ] - Finding element mobilePhone using locator By.id: phone_mobile. (PageFactory:) 
[00:07:49.004] [INFO ] - Finding element parentOfMonths using locator By.id: uniform-months. (PageFactory:) 
[00:07:49.006] [INFO ] - Finding element month using locator By.id: months. (PageFactory:) 
[00:07:49.753] [INFO ] - Finding element mrRadioBtn using locator By.id: id_gender1. (PageFactory:) 
[00:07:49.755] [INFO ] - Finding element mrsRadioBtn using locator By.id: id_gender2. (PageFactory:) 
[00:07:49.756] [INFO ] - Finding element parentOfDay using locator By.id: uniform-days. (PageFactory:) 
[00:07:49.758] [INFO ] - Finding element parentOfMonths using locator By.id: uniform-months. (PageFactory:) 
[00:07:49.760] [INFO ] - Finding element parentOfYears using locator By.id: uniform-years. (PageFactory:) 
[00:07:49.761] [INFO ] - Finding element password using locator By.id: passwd. (PageFactory:) 
[00:07:49.763] [INFO ] - Finding element receiveOffers using locator By.id: optin. (PageFactory:) 
[00:07:49.764] [INFO ] - Finding element registerButton using locator By.id: submitAccount. (PageFactory:) 
[00:07:49.766] [INFO ] - Finding element signUp using locator By.id: newsletter. (PageFactory:) 
[00:07:49.767] [INFO ] - Finding element state using locator By.id: uniform-id_state. (PageFactory:) 
[00:07:49.769] [INFO ] - Finding element year using locator By.id: years. (PageFactory:) 
[00:07:50.585] [INFO ] - Finding element zipCode using locator By.id: postcode. (PageFactory:) 
[00:09:50.890] [ERROR] - Error occurred: no such element: Unable to locate element: {"method":"link text","selector":"Sign out"}
  (Session info: chrome=75.0.3770.100)
For documentation on this error, please visit: https://www.seleniumhq.org/exceptions/no_such_element.html
Build info: version: '3.141.59', revision: 'e82be7d358', time: '2018-11-14T08:17:03'
System info: host: 'FAISALKHATRI', ip: '10.0.75.1', os.name: 'Windows 10', os.arch: 'amd64', os.version: '10.0', java.version: '1.8.0_212'
Driver info: org.openqa.selenium.chrome.ChromeDriver
Capabilities {acceptInsecureCerts: false, browserName: chrome, browserVersion: 75.0.3770.100, chrome: {chromedriverVersion: 75.0.3770.8 (681f24ea911fe7..., userDataDir: C:\Users\ADMIN\AppData\Loca...}, goog:chromeOptions: {debuggerAddress: localhost:53916}, javascriptEnabled: true, networkConnectionEnabled: false, pageLoadStrategy: normal, platform: XP, platformName: XP, proxy: Proxy(), setWindowRect: true, strictFileInteractability: false, timeouts: {implicit: 0, pageLoad: 300000, script: 30000}, unhandledPromptBehavior: dismiss and notify}
Session ID: fc0f87ada3fbb5fa17a267d260c45207
*** Element info: {Using=link text, value=Sign out} (DriverListner:) 
[00:09:50.893] [ERROR] - 	at: sun.reflect.NativeConstructorAccessorImpl.newInstance0(Native Method) (DriverListner:) 
[00:09:50.894] [ERROR] - 	at: sun.reflect.NativeConstructorAccessorImpl.newInstance(NativeConstructorAccessorImpl.java:62) (DriverListner:) 
[00:09:50.895] [ERROR] - 	at: sun.reflect.DelegatingConstructorAccessorImpl.newInstance(DelegatingConstructorAccessorImpl.java:45) (DriverListner:) 
[00:09:50.896] [ERROR] - 	at: java.lang.reflect.Constructor.newInstance(Constructor.java:423) (DriverListner:) 
[00:09:50.897] [ERROR] - 	at: org.openqa.selenium.remote.http.W3CHttpResponseCodec.createException(W3CHttpResponseCodec.java:187) (DriverListner:) 
[00:09:50.897] [ERROR] - 	at: org.openqa.selenium.remote.http.W3CHttpResponseCodec.decode(W3CHttpResponseCodec.java:122) (DriverListner:) 
[00:09:50.898] [ERROR] - 	at: org.openqa.selenium.remote.http.W3CHttpResponseCodec.decode(W3CHttpResponseCodec.java:49) (DriverListner:) 
[00:09:50.899] [ERROR] - 	at: org.openqa.selenium.remote.HttpCommandExecutor.execute(HttpCommandExecutor.java:158) (DriverListner:) 
[00:09:50.900] [ERROR] - 	at: org.openqa.selenium.remote.service.DriverCommandExecutor.execute(DriverCommandExecutor.java:83) (DriverListner:) 
[00:09:50.900] [ERROR] - 	at: org.openqa.selenium.remote.RemoteWebDriver.execute(RemoteWebDriver.java:552) (DriverListner:) 
[00:09:50.901] [ERROR] - 	at: org.openqa.selenium.remote.RemoteWebDriver.findElement(RemoteWebDriver.java:323) (DriverListner:) 
[00:09:50.901] [ERROR] - 	at: org.openqa.selenium.remote.RemoteWebDriver.findElementByLinkText(RemoteWebDriver.java:380) (DriverListner:) 
[00:09:50.902] [ERROR] - 	at: org.openqa.selenium.By$ByLinkText.findElement(By.java:220) (DriverListner:) 
[00:09:50.903] [ERROR] - 	at: org.openqa.selenium.remote.RemoteWebDriver.findElement(RemoteWebDriver.java:315) (DriverListner:) 
[00:09:50.903] [ERROR] - 	at: sun.reflect.GeneratedMethodAccessor7.invoke(Unknown Source) (DriverListner:) 
[00:09:50.904] [ERROR] - 	at: sun.reflect.DelegatingMethodAccessorImpl.invoke(DelegatingMethodAccessorImpl.java:43) (DriverListner:) 
[00:09:50.905] [ERROR] - 	at: java.lang.reflect.Method.invoke(Method.java:498) (DriverListner:) 
[00:09:50.905] [ERROR] - 	at: org.openqa.selenium.support.events.EventFiringWebDriver.lambda$new$1(EventFiringWebDriver.java:105) (DriverListner:) 
[00:09:50.906] [ERROR] - 	at: com.sun.proxy.$Proxy27.findElement(Unknown Source) (DriverListner:) 
[00:09:50.907] [ERROR] - 	at: org.openqa.selenium.support.events.EventFiringWebDriver.findElement(EventFiringWebDriver.java:194) (DriverListner:) 
[00:09:50.907] [ERROR] - 	at: org.openqa.selenium.support.ui.ExpectedConditions$7.apply(ExpectedConditions.java:205) (DriverListner:) 
[00:09:50.908] [ERROR] - 	at: org.openqa.selenium.support.ui.ExpectedConditions$7.apply(ExpectedConditions.java:201) (DriverListner:) 
[00:09:50.909] [ERROR] - 	at: org.openqa.selenium.support.ui.FluentWait.until(FluentWait.java:249) (DriverListner:) 
[00:09:50.910] [ERROR] - 	at: com.github.wasiqb.coteafs.selenium.core.ElementAction.waitUntilLocatorVisible(ElementAction.java:451) (DriverListner:) 
[00:09:50.911] [ERROR] - 	at: com.github.wasiqb.coteafs.selenium.core.ElementAction.waitUntilVisible(ElementAction.java:397) (DriverListner:) 
[00:09:50.911] [ERROR] - 	at: com.github.wasiqb.coteafs.selenium.core.ElementAction.prepareForAction(ElementAction.java:424) (DriverListner:) 
[00:09:50.912] [ERROR] - 	at: com.github.wasiqb.coteafs.selenium.core.ElementAction.perform(ElementAction.java:419) (DriverListner:) 
[00:09:50.913] [ERROR] - 	at: com.github.wasiqb.coteafs.selenium.core.ElementAction.click(ElementAction.java:142) (DriverListner:) 
[00:09:50.914] [ERROR] - 	at: com.wizonsoft.action.SignoutAction.signoutWebsite(SignoutAction.java:28) (DriverListner:) 
[00:09:50.915] [ERROR] - 	at: com.wizonsoft.action.SignoutAction.perform(SignoutAction.java:23) (DriverListner:) 
[00:09:50.915] [ERROR] - 	at: com.wizonsoft.tests.SignoutTests.testSignOut(SignoutTests.java:20) (DriverListner:) 
[00:09:50.916] [ERROR] - 	at: sun.reflect.NativeMethodAccessorImpl.invoke0(Native Method) (DriverListner:) 
[00:09:50.917] [ERROR] - 	at: sun.reflect.NativeMethodAccessorImpl.invoke(NativeMethodAccessorImpl.java:62) (DriverListner:) 
[00:09:50.918] [ERROR] - 	at: sun.reflect.DelegatingMethodAccessorImpl.invoke(DelegatingMethodAccessorImpl.java:43) (DriverListner:) 
[00:09:50.918] [ERROR] - 	at: java.lang.reflect.Method.invoke(Method.java:498) (DriverListner:) 
[00:09:50.920] [ERROR] - 	at: org.testng.internal.MethodInvocationHelper.invokeMethod(MethodInvocationHelper.java:124) (DriverListner:) 
[00:09:50.920] [ERROR] - 	at: org.testng.internal.Invoker.invokeMethod(Invoker.java:583) (DriverListner:) 
[00:09:50.921] [ERROR] - 	at: org.testng.internal.Invoker.invokeTestMethod(Invoker.java:719) (DriverListner:) 
[00:09:50.922] [ERROR] - 	at: org.testng.internal.Invoker.invokeTestMethods(Invoker.java:989) (DriverListner:) 
[00:09:50.923] [ERROR] - 	at: org.testng.internal.TestMethodWorker.invokeTestMethods(TestMethodWorker.java:125) (DriverListner:) 
[00:09:50.923] [ERROR] - 	at: org.testng.internal.TestMethodWorker.run(TestMethodWorker.java:109) (DriverListner:) 
[00:09:50.924] [ERROR] - 	at: org.testng.TestRunner.privateRun(TestRunner.java:648) (DriverListner:) 
[00:09:50.925] [ERROR] - 	at: org.testng.TestRunner.run(TestRunner.java:505) (DriverListner:) 
[00:09:50.926] [ERROR] - 	at: org.testng.SuiteRunner.runTest(SuiteRunner.java:455) (DriverListner:) 
[00:09:50.926] [ERROR] - 	at: org.testng.SuiteRunner.access$000(SuiteRunner.java:40) (DriverListner:) 
[00:09:50.927] [ERROR] - 	at: org.testng.SuiteRunner$SuiteWorker.run(SuiteRunner.java:489) (DriverListner:) 
[00:09:50.928] [ERROR] - 	at: org.testng.internal.thread.ThreadUtil$1.call(ThreadUtil.java:52) (DriverListner:) 
[00:09:50.929] [ERROR] - 	at: java.util.concurrent.FutureTask.run(FutureTask.java:266) (DriverListner:) 
[00:09:50.929] [ERROR] - 	at: java.util.concurrent.ThreadPoolExecutor.runWorker(ThreadPoolExecutor.java:1149) (DriverListner:) 
[00:09:50.930] [ERROR] - 	at: java.util.concurrent.ThreadPoolExecutor$Worker.run(ThreadPoolExecutor.java:624) (DriverListner:) 
[00:09:50.931] [ERROR] - 	at: java.lang.Thread.run(Thread.java:748) (DriverListner:) 
[00:09:50.932] [ERROR] - Catching (DriverListner:) no such element: Unable to locate element: {"method":"link text","selector":"Sign out"}
  (Session info: chrome=75.0.3770.100)
For documentation on this error, please visit: https://www.seleniumhq.org/exceptions/no_such_element.html
Build info: version: '3.141.59', revision: 'e82be7d358', time: '2018-11-14T08:17:03'
System info: host: 'FAISALKHATRI', ip: '10.0.75.1', os.name: 'Windows 10', os.arch: 'amd64', os.version: '10.0', java.version: '1.8.0_212'
Driver info: org.openqa.selenium.chrome.ChromeDriver
Capabilities {acceptInsecureCerts: false, browserName: chrome, browserVersion: 75.0.3770.100, chrome: {chromedriverVersion: 75.0.3770.8 (681f24ea911fe7..., userDataDir: C:\Users\ADMIN\AppData\Loca...}, goog:chromeOptions: {debuggerAddress: localhost:53916}, javascriptEnabled: true, networkConnectionEnabled: false, pageLoadStrategy: normal, platform: XP, platformName: XP, proxy: Proxy(), setWindowRect: true, strictFileInteractability: false, timeouts: {implicit: 0, pageLoad: 300000, script: 30000}, unhandledPromptBehavior: dismiss and notify}
Session ID: fc0f87ada3fbb5fa17a267d260c45207
*** Element info: {Using=link text, value=Sign out}
[00:09:50.956] [INFO ] - Stopping the browser... (Browser:) 
