[22:35:20.777] [INFO ] - Starting the browser... (Browser:212) 
[22:35:20.812] [INFO ] - Setting up Chrome driver... (Browser:75) 
[22:35:27.926] [INFO ] - Setting screen size of Browser to NORMAL... (Browser:253) 
[22:35:27.927] [INFO ] - Setting screen resolution to [ScreenResolution{height=768, width=1280}]... (Browser:264) 
[22:35:29.108] [INFO ] - Finding elements available on the page. (PageFactory:51) 
[22:35:29.138] [INFO ] - Finding element signInLink using locator By.linkText: Sign in. (PageFactory:83) 
[22:35:29.231] [INFO ] - Navigating to [http://automationpractice.com/index.php]... (DriverListner:299) 
[22:35:43.248] [TRACE] - Navigated to url [http://automationpractice.com/index.php]... (DriverListner:154) 
[22:35:43.285] [INFO ] - Finding elements available on the page. (PageFactory:51) 
[22:35:43.286] [INFO ] - Finding element signInLink using locator By.linkText: Sign in. (PageFactory:83) 
[22:35:43.292] [TRACE] - Finding element by [By.linkText: Sign in] (DriverListner:236) 
[22:35:43.334] [TRACE] - Element found using [By.linkText: Sign in]... (DriverListner:91) 
[22:35:44.014] [INFO ] - Clicking on Element... (DriverListner:224) 
[22:35:46.572] [TRACE] - Clicked on element... (DriverListner:79) 
[22:35:46.648] [INFO ] - Finding elements available on the page. (PageFactory:51) 
[22:35:46.651] [INFO ] - Finding element createAccountButton using locator By.id: SubmitCreate. (PageFactory:83) 
[22:35:46.652] [INFO ] - Finding element emailId using locator By.id: email_create. (PageFactory:83) 
[22:35:46.653] [INFO ] - Finding element password using locator By.id: passwd. (PageFactory:83) 
[22:35:46.655] [INFO ] - Finding element signInButton using locator By.id: SubmitLogin. (PageFactory:83) 
[22:35:46.656] [INFO ] - Finding element signInEmail using locator By.id: email. (PageFactory:83) 
[22:35:46.742] [TRACE] - Finding element by [By.id: email_create] (DriverListner:236) 
[22:35:46.799] [TRACE] - Element found using [By.id: email_create]... (DriverListner:91) 
[22:35:47.475] [INFO ] - Clicking on Element... (DriverListner:224) 
[22:35:47.652] [TRACE] - Clicked on element... (DriverListner:79) 
[22:35:47.656] [TRACE] - Finding element by [By.id: email_create] (DriverListner:236) 
[22:35:47.691] [TRACE] - Element found using [By.id: email_create]... (DriverListner:91) 
[22:35:48.513] [TRACE] - Finding element by [By.id: email_create] (DriverListner:236) 
[22:35:48.538] [TRACE] - Element found using [By.id: email_create]... (DriverListner:91) 
[22:35:49.085] [INFO ] - Writing text [chante.okeefe@yahoo.com]... (DriverListner:212) 
[22:35:49.454] [TRACE] - Text [chante.okeefe@yahoo.com] has been entered... (DriverListner:67) 
[22:35:49.454] [TRACE] - Finding element by [By.id: SubmitCreate] (DriverListner:236) 
[22:35:49.488] [TRACE] - Element found using [By.id: SubmitCreate]... (DriverListner:91) 
[22:35:50.106] [INFO ] - Clicking on Element... (DriverListner:224) 
[22:35:50.333] [TRACE] - Clicked on element... (DriverListner:79) 
[22:35:50.361] [INFO ] - Finding elements available on the page. (PageFactory:51) 
[22:35:50.362] [INFO ] - Finding element addressLine1 using locator By.id: address1. (PageFactory:83) 
[22:35:50.364] [INFO ] - Finding element addressLine2 using locator By.id: address2. (PageFactory:83) 
[22:35:50.365] [INFO ] - Finding element city using locator By.id: city. (PageFactory:83) 
[22:35:50.367] [INFO ] - Finding element company using locator By.id: company. (PageFactory:83) 
[22:35:50.370] [INFO ] - Finding element country using locator By.id: id_country. (PageFactory:83) 
[22:35:50.371] [INFO ] - Finding element day using locator By.id: uniform-days. (PageFactory:83) 
[22:35:50.372] [INFO ] - Finding element firstName using locator By.name: customer_firstname. (PageFactory:83) 
[22:35:50.373] [INFO ] - Finding element lastName using locator By.name: customer_lastname. (PageFactory:83) 
[22:35:50.375] [INFO ] - Finding element mobilePhone using locator By.id: phone_mobile. (PageFactory:83) 
[22:35:50.380] [INFO ] - Finding element month using locator By.id: uniform-months. (PageFactory:83) 
[22:35:50.384] [INFO ] - Finding element mrRadioBtn using locator By.id: id_gender1. (PageFactory:83) 
[22:35:50.388] [INFO ] - Finding element mrsRadioBtn using locator By.id: id_gender2. (PageFactory:83) 
[22:35:50.389] [INFO ] - Finding element password using locator By.id: passwd. (PageFactory:83) 
[22:35:50.390] [INFO ] - Finding element receiveOffers using locator By.id: optin. (PageFactory:83) 
[22:35:50.392] [INFO ] - Finding element registerButton using locator By.id: submitAccount. (PageFactory:83) 
[22:35:50.393] [INFO ] - Finding element signUp using locator By.id: newsletter. (PageFactory:83) 
[22:35:50.394] [INFO ] - Finding element state using locator By.id: uniform-id_state. (PageFactory:83) 
[22:35:50.396] [INFO ] - Finding element year using locator By.id: uniform-years. (PageFactory:83) 
[22:35:50.397] [INFO ] - Finding element zipCode using locator By.id: postcode. (PageFactory:83) 
[22:35:50.400] [TRACE] - Finding element by [By.id: id_gender1] (DriverListner:236) 
[22:35:51.771] [TRACE] - Element found using [By.id: id_gender1]... (DriverListner:91) 
[22:35:52.412] [INFO ] - Clicking on Element... (DriverListner:224) 
[22:35:52.562] [TRACE] - Clicked on element... (DriverListner:79) 
[22:35:54.089] [TRACE] - Finding element by [By.name: customer_firstname] (DriverListner:236) 
[22:35:54.135] [TRACE] - Element found using [By.name: customer_firstname]... (DriverListner:91) 
[22:35:54.766] [INFO ] - Writing text [Tyrell]... (DriverListner:212) 
[22:35:55.043] [TRACE] - Text [Tyrell] has been entered... (DriverListner:67) 
[22:35:55.043] [TRACE] - Finding element by [By.name: customer_lastname] (DriverListner:236) 
[22:35:55.079] [TRACE] - Element found using [By.name: customer_lastname]... (DriverListner:91) 
[22:35:55.687] [INFO ] - Writing text [Green]... (DriverListner:212) 
[22:35:55.892] [TRACE] - Text [Green] has been entered... (DriverListner:67) 
[22:35:55.893] [TRACE] - Finding element by [By.id: passwd] (DriverListner:236) 
[22:35:55.937] [TRACE] - Element found using [By.id: passwd]... (DriverListner:91) 
[22:35:56.576] [INFO ] - Writing text [Pass@123]... (DriverListner:212) 
[22:35:56.826] [TRACE] - Text [Pass@123] has been entered... (DriverListner:67) 
[22:35:56.828] [TRACE] - Finding element by [By.id: uniform-days] (DriverListner:236) 
[22:35:56.866] [TRACE] - Element found using [By.id: uniform-days]... (DriverListner:91) 
[22:35:57.577] [INFO ] - Finding elements available on the page. (PageFactory:51) 
[22:35:57.578] [INFO ] - Finding element signInLink using locator By.linkText: Sign in. (PageFactory:83) 
[22:35:57.580] [TRACE] - Finding element by [By.linkText: Sign out] (DriverListner:236) 
[22:36:57.642] [ERROR] - Error occurred: no such element: Unable to locate element: {"method":"link text","selector":"Sign out"}
  (Session info: chrome=75.0.3770.100)
For documentation on this error, please visit: https://www.seleniumhq.org/exceptions/no_such_element.html
Build info: version: '3.141.59', revision: 'e82be7d358', time: '2018-11-14T08:17:03'
System info: host: 'FAISALKHATRI', ip: '10.0.75.1', os.name: 'Windows 10', os.arch: 'amd64', os.version: '10.0', java.version: '1.8.0_212'
Driver info: org.openqa.selenium.chrome.ChromeDriver
Capabilities {acceptInsecureCerts: false, browserName: chrome, browserVersion: 75.0.3770.100, chrome: {chromedriverVersion: 75.0.3770.8 (681f24ea911fe7..., userDataDir: C:\Users\ADMIN\AppData\Loca...}, goog:chromeOptions: {debuggerAddress: localhost:56725}, javascriptEnabled: true, networkConnectionEnabled: false, pageLoadStrategy: normal, platform: XP, platformName: XP, proxy: Proxy(), setWindowRect: true, strictFileInteractability: false, timeouts: {implicit: 0, pageLoad: 300000, script: 30000}, unhandledPromptBehavior: dismiss and notify}
Session ID: 9015a3dea4c721a9511a12a2cae0c282
*** Element info: {Using=link text, value=Sign out} (DriverListner:332) 
[22:36:57.645] [ERROR] - 	at: sun.reflect.NativeConstructorAccessorImpl.newInstance0(Native Method) (DriverListner:334) 
[22:36:57.646] [ERROR] - 	at: sun.reflect.NativeConstructorAccessorImpl.newInstance(NativeConstructorAccessorImpl.java:62) (DriverListner:334) 
[22:36:57.647] [ERROR] - 	at: sun.reflect.DelegatingConstructorAccessorImpl.newInstance(DelegatingConstructorAccessorImpl.java:45) (DriverListner:334) 
[22:36:57.648] [ERROR] - 	at: java.lang.reflect.Constructor.newInstance(Constructor.java:423) (DriverListner:334) 
[22:36:57.649] [ERROR] - 	at: org.openqa.selenium.remote.http.W3CHttpResponseCodec.createException(W3CHttpResponseCodec.java:187) (DriverListner:334) 
[22:36:57.649] [ERROR] - 	at: org.openqa.selenium.remote.http.W3CHttpResponseCodec.decode(W3CHttpResponseCodec.java:122) (DriverListner:334) 
[22:36:57.650] [ERROR] - 	at: org.openqa.selenium.remote.http.W3CHttpResponseCodec.decode(W3CHttpResponseCodec.java:49) (DriverListner:334) 
[22:36:57.651] [ERROR] - 	at: org.openqa.selenium.remote.HttpCommandExecutor.execute(HttpCommandExecutor.java:158) (DriverListner:334) 
[22:36:57.652] [ERROR] - 	at: org.openqa.selenium.remote.service.DriverCommandExecutor.execute(DriverCommandExecutor.java:83) (DriverListner:334) 
[22:36:57.653] [ERROR] - 	at: org.openqa.selenium.remote.RemoteWebDriver.execute(RemoteWebDriver.java:552) (DriverListner:334) 
[22:36:57.653] [ERROR] - 	at: org.openqa.selenium.remote.RemoteWebDriver.findElement(RemoteWebDriver.java:323) (DriverListner:334) 
[22:36:57.654] [ERROR] - 	at: org.openqa.selenium.remote.RemoteWebDriver.findElementByLinkText(RemoteWebDriver.java:380) (DriverListner:334) 
[22:36:57.655] [ERROR] - 	at: org.openqa.selenium.By$ByLinkText.findElement(By.java:220) (DriverListner:334) 
[22:36:57.655] [ERROR] - 	at: org.openqa.selenium.remote.RemoteWebDriver.findElement(RemoteWebDriver.java:315) (DriverListner:334) 
[22:36:57.656] [ERROR] - 	at: sun.reflect.NativeMethodAccessorImpl.invoke0(Native Method) (DriverListner:334) 
[22:36:57.657] [ERROR] - 	at: sun.reflect.NativeMethodAccessorImpl.invoke(NativeMethodAccessorImpl.java:62) (DriverListner:334) 
[22:36:57.657] [ERROR] - 	at: sun.reflect.DelegatingMethodAccessorImpl.invoke(DelegatingMethodAccessorImpl.java:43) (DriverListner:334) 
[22:36:57.658] [ERROR] - 	at: java.lang.reflect.Method.invoke(Method.java:498) (DriverListner:334) 
[22:36:57.658] [ERROR] - 	at: org.openqa.selenium.support.events.EventFiringWebDriver.lambda$new$1(EventFiringWebDriver.java:105) (DriverListner:334) 
[22:36:57.659] [ERROR] - 	at: com.sun.proxy.$Proxy27.findElement(Unknown Source) (DriverListner:334) 
[22:36:57.660] [ERROR] - 	at: org.openqa.selenium.support.events.EventFiringWebDriver.findElement(EventFiringWebDriver.java:194) (DriverListner:334) 
[22:36:57.660] [ERROR] - 	at: org.openqa.selenium.support.ui.ExpectedConditions$7.apply(ExpectedConditions.java:205) (DriverListner:334) 
[22:36:57.661] [ERROR] - 	at: org.openqa.selenium.support.ui.ExpectedConditions$7.apply(ExpectedConditions.java:201) (DriverListner:334) 
[22:36:57.662] [ERROR] - 	at: org.openqa.selenium.support.ui.FluentWait.until(FluentWait.java:249) (DriverListner:334) 
[22:36:57.662] [ERROR] - 	at: com.github.wasiqb.coteafs.selenium.core.ElementAction.waitUntilLocatorVisible(ElementAction.java:451) (DriverListner:334) 
[22:36:57.663] [ERROR] - 	at: com.github.wasiqb.coteafs.selenium.core.ElementAction.waitUntilVisible(ElementAction.java:397) (DriverListner:334) 
[22:36:57.664] [ERROR] - 	at: com.github.wasiqb.coteafs.selenium.core.ElementAction.prepareForAction(ElementAction.java:424) (DriverListner:334) 
[22:36:57.665] [ERROR] - 	at: com.github.wasiqb.coteafs.selenium.core.ElementAction.perform(ElementAction.java:419) (DriverListner:334) 
[22:36:57.666] [ERROR] - 	at: com.github.wasiqb.coteafs.selenium.core.ElementAction.click(ElementAction.java:142) (DriverListner:334) 
[22:36:57.667] [ERROR] - 	at: com.wizonsoft.action.SignoutAction.signoutWebsite(SignoutAction.java:28) (DriverListner:334) 
[22:36:57.667] [ERROR] - 	at: com.wizonsoft.action.SignoutAction.perform(SignoutAction.java:23) (DriverListner:334) 
[22:36:57.668] [ERROR] - 	at: com.wizonsoft.tests.SignoutTests.testSignOut(SignoutTests.java:20) (DriverListner:334) 
[22:36:57.669] [ERROR] - 	at: sun.reflect.NativeMethodAccessorImpl.invoke0(Native Method) (DriverListner:334) 
[22:36:57.669] [ERROR] - 	at: sun.reflect.NativeMethodAccessorImpl.invoke(NativeMethodAccessorImpl.java:62) (DriverListner:334) 
[22:36:57.670] [ERROR] - 	at: sun.reflect.DelegatingMethodAccessorImpl.invoke(DelegatingMethodAccessorImpl.java:43) (DriverListner:334) 
[22:36:57.671] [ERROR] - 	at: java.lang.reflect.Method.invoke(Method.java:498) (DriverListner:334) 
[22:36:57.671] [ERROR] - 	at: org.testng.internal.MethodInvocationHelper.invokeMethod(MethodInvocationHelper.java:124) (DriverListner:334) 
[22:36:57.672] [ERROR] - 	at: org.testng.internal.Invoker.invokeMethod(Invoker.java:583) (DriverListner:334) 
[22:36:57.672] [ERROR] - 	at: org.testng.internal.Invoker.invokeTestMethod(Invoker.java:719) (DriverListner:334) 
[22:36:57.673] [ERROR] - 	at: org.testng.internal.Invoker.invokeTestMethods(Invoker.java:989) (DriverListner:334) 
[22:36:57.674] [ERROR] - 	at: org.testng.internal.TestMethodWorker.invokeTestMethods(TestMethodWorker.java:125) (DriverListner:334) 
[22:36:57.674] [ERROR] - 	at: org.testng.internal.TestMethodWorker.run(TestMethodWorker.java:109) (DriverListner:334) 
[22:36:57.675] [ERROR] - 	at: org.testng.TestRunner.privateRun(TestRunner.java:648) (DriverListner:334) 
[22:36:57.676] [ERROR] - 	at: org.testng.TestRunner.run(TestRunner.java:505) (DriverListner:334) 
[22:36:57.676] [ERROR] - 	at: org.testng.SuiteRunner.runTest(SuiteRunner.java:455) (DriverListner:334) 
[22:36:57.677] [ERROR] - 	at: org.testng.SuiteRunner.access$000(SuiteRunner.java:40) (DriverListner:334) 
[22:36:57.677] [ERROR] - 	at: org.testng.SuiteRunner$SuiteWorker.run(SuiteRunner.java:489) (DriverListner:334) 
[22:36:57.678] [ERROR] - 	at: org.testng.internal.thread.ThreadUtil$1.call(ThreadUtil.java:52) (DriverListner:334) 
[22:36:57.678] [ERROR] - 	at: java.util.concurrent.FutureTask.run(FutureTask.java:266) (DriverListner:334) 
[22:36:57.679] [ERROR] - 	at: java.util.concurrent.ThreadPoolExecutor.runWorker(ThreadPoolExecutor.java:1149) (DriverListner:334) 
[22:36:57.679] [ERROR] - 	at: java.util.concurrent.ThreadPoolExecutor$Worker.run(ThreadPoolExecutor.java:624) (DriverListner:334) 
[22:36:57.680] [ERROR] - 	at: java.lang.Thread.run(Thread.java:748) (DriverListner:334) 
[22:36:57.681] [ERROR] - Catching (DriverListner:336) no such element: Unable to locate element: {"method":"link text","selector":"Sign out"}
  (Session info: chrome=75.0.3770.100)
For documentation on this error, please visit: https://www.seleniumhq.org/exceptions/no_such_element.html
Build info: version: '3.141.59', revision: 'e82be7d358', time: '2018-11-14T08:17:03'
System info: host: 'FAISALKHATRI', ip: '10.0.75.1', os.name: 'Windows 10', os.arch: 'amd64', os.version: '10.0', java.version: '1.8.0_212'
Driver info: org.openqa.selenium.chrome.ChromeDriver
Capabilities {acceptInsecureCerts: false, browserName: chrome, browserVersion: 75.0.3770.100, chrome: {chromedriverVersion: 75.0.3770.8 (681f24ea911fe7..., userDataDir: C:\Users\ADMIN\AppData\Loca...}, goog:chromeOptions: {debuggerAddress: localhost:56725}, javascriptEnabled: true, networkConnectionEnabled: false, pageLoadStrategy: normal, platform: XP, platformName: XP, proxy: Proxy(), setWindowRect: true, strictFileInteractability: false, timeouts: {implicit: 0, pageLoad: 300000, script: 30000}, unhandledPromptBehavior: dismiss and notify}
Session ID: 9015a3dea4c721a9511a12a2cae0c282
*** Element info: {Using=link text, value=Sign out}
[22:36:57.698] [INFO ] - Stopping the browser... (Browser:232) 
[22:36:58.729] [INFO ] - Starting the browser... (Browser:212) 
[22:36:58.732] [INFO ] - Setting up Chrome driver... (Browser:75) 
[22:37:04.665] [INFO ] - Setting screen size of Browser to NORMAL... (Browser:253) 
[22:37:04.667] [INFO ] - Setting screen resolution to [ScreenResolution{height=768, width=1280}]... (Browser:264) 
[22:37:05.808] [INFO ] - Finding elements available on the page. (PageFactory:51) 
[22:37:05.809] [INFO ] - Finding element signInLink using locator By.linkText: Sign in. (PageFactory:83) 
[22:37:05.809] [INFO ] - Navigating to [http://automationpractice.com/index.php]... (DriverListner:299) 
[22:37:22.873] [TRACE] - Navigated to url [http://automationpractice.com/index.php]... (DriverListner:154) 
[22:37:22.873] [INFO ] - Finding elements available on the page. (PageFactory:51) 
[22:37:22.874] [INFO ] - Finding element signInLink using locator By.linkText: Sign in. (PageFactory:83) 
[22:37:22.875] [TRACE] - Finding element by [By.linkText: Sign in] (DriverListner:236) 
[22:37:22.923] [TRACE] - Element found using [By.linkText: Sign in]... (DriverListner:91) 
[22:37:23.567] [INFO ] - Clicking on Element... (DriverListner:224) 
[22:37:36.955] [TRACE] - Clicked on element... (DriverListner:79) 
[22:37:36.958] [INFO ] - Finding elements available on the page. (PageFactory:51) 
[22:37:36.959] [INFO ] - Finding element createAccountButton using locator By.id: SubmitCreate. (PageFactory:83) 
[22:37:36.960] [INFO ] - Finding element emailId using locator By.id: email_create. (PageFactory:83) 
[22:37:36.960] [INFO ] - Finding element password using locator By.id: passwd. (PageFactory:83) 
[22:37:36.961] [INFO ] - Finding element signInButton using locator By.id: SubmitLogin. (PageFactory:83) 
[22:37:36.962] [INFO ] - Finding element signInEmail using locator By.id: email. (PageFactory:83) 
[22:37:36.965] [TRACE] - Finding element by [By.id: email_create] (DriverListner:236) 
[22:37:37.005] [TRACE] - Element found using [By.id: email_create]... (DriverListner:91) 
[22:37:37.632] [INFO ] - Clicking on Element... (DriverListner:224) 
[22:37:37.923] [TRACE] - Clicked on element... (DriverListner:79) 
[22:37:37.924] [TRACE] - Finding element by [By.id: email_create] (DriverListner:236) 
[22:37:37.949] [TRACE] - Element found using [By.id: email_create]... (DriverListner:91) 
[22:37:38.715] [TRACE] - Finding element by [By.id: email_create] (DriverListner:236) 
[22:37:38.734] [TRACE] - Element found using [By.id: email_create]... (DriverListner:91) 
[22:37:39.262] [INFO ] - Writing text [isaac.konopelski@gmail.com]... (DriverListner:212) 
[22:37:39.635] [TRACE] - Text [isaac.konopelski@gmail.com] has been entered... (DriverListner:67) 
[22:37:39.636] [TRACE] - Finding element by [By.id: SubmitCreate] (DriverListner:236) 
[22:37:39.671] [TRACE] - Element found using [By.id: SubmitCreate]... (DriverListner:91) 
[22:37:40.275] [INFO ] - Clicking on Element... (DriverListner:224) 
[22:37:40.556] [TRACE] - Clicked on element... (DriverListner:79) 
[22:37:40.556] [INFO ] - Finding elements available on the page. (PageFactory:51) 
[22:37:40.557] [INFO ] - Finding element addressLine1 using locator By.id: address1. (PageFactory:83) 
[22:37:40.558] [INFO ] - Finding element addressLine2 using locator By.id: address2. (PageFactory:83) 
[22:37:40.559] [INFO ] - Finding element city using locator By.id: city. (PageFactory:83) 
[22:37:40.560] [INFO ] - Finding element company using locator By.id: company. (PageFactory:83) 
[22:37:40.560] [INFO ] - Finding element country using locator By.id: id_country. (PageFactory:83) 
[22:37:40.561] [INFO ] - Finding element day using locator By.id: uniform-days. (PageFactory:83) 
[22:37:40.562] [INFO ] - Finding element firstName using locator By.name: customer_firstname. (PageFactory:83) 
[22:37:40.563] [INFO ] - Finding element lastName using locator By.name: customer_lastname. (PageFactory:83) 
[22:37:40.564] [INFO ] - Finding element mobilePhone using locator By.id: phone_mobile. (PageFactory:83) 
[22:37:40.564] [INFO ] - Finding element month using locator By.id: uniform-months. (PageFactory:83) 
[22:37:40.565] [INFO ] - Finding element mrRadioBtn using locator By.id: id_gender1. (PageFactory:83) 
[22:37:40.565] [INFO ] - Finding element mrsRadioBtn using locator By.id: id_gender2. (PageFactory:83) 
[22:37:40.566] [INFO ] - Finding element password using locator By.id: passwd. (PageFactory:83) 
[22:37:40.567] [INFO ] - Finding element receiveOffers using locator By.id: optin. (PageFactory:83) 
[22:37:40.567] [INFO ] - Finding element registerButton using locator By.id: submitAccount. (PageFactory:83) 
[22:37:40.568] [INFO ] - Finding element signUp using locator By.id: newsletter. (PageFactory:83) 
[22:37:40.569] [INFO ] - Finding element state using locator By.id: uniform-id_state. (PageFactory:83) 
[22:37:40.569] [INFO ] - Finding element year using locator By.id: uniform-years. (PageFactory:83) 
[22:37:40.571] [INFO ] - Finding element zipCode using locator By.id: postcode. (PageFactory:83) 
[22:37:40.573] [TRACE] - Finding element by [By.id: id_gender1] (DriverListner:236) 
[22:37:45.579] [TRACE] - Element found using [By.id: id_gender1]... (DriverListner:91) 
[22:37:46.373] [INFO ] - Clicking on Element... (DriverListner:224) 
[22:37:46.553] [TRACE] - Clicked on element... (DriverListner:79) 
[22:37:47.208] [TRACE] - Finding element by [By.name: customer_firstname] (DriverListner:236) 
[22:37:47.255] [TRACE] - Element found using [By.name: customer_firstname]... (DriverListner:91) 
[22:37:48.010] [INFO ] - Writing text [Allene]... (DriverListner:212) 
[22:37:48.250] [TRACE] - Text [Allene] has been entered... (DriverListner:67) 
[22:37:48.250] [TRACE] - Finding element by [By.name: customer_lastname] (DriverListner:236) 
[22:37:48.285] [TRACE] - Element found using [By.name: customer_lastname]... (DriverListner:91) 
[22:37:48.889] [INFO ] - Writing text [Blanda]... (DriverListner:212) 
[22:37:49.139] [TRACE] - Text [Blanda] has been entered... (DriverListner:67) 
[22:37:49.139] [TRACE] - Finding element by [By.id: passwd] (DriverListner:236) 
[22:37:49.177] [TRACE] - Element found using [By.id: passwd]... (DriverListner:91) 
[22:37:49.798] [INFO ] - Writing text [Pass@123]... (DriverListner:212) 
[22:37:50.032] [TRACE] - Text [Pass@123] has been entered... (DriverListner:67) 
[22:37:50.034] [TRACE] - Finding element by [By.id: uniform-days] (DriverListner:236) 
[22:37:50.071] [TRACE] - Element found using [By.id: uniform-days]... (DriverListner:91) 
[22:37:50.725] [INFO ] - Finding elements available on the page. (PageFactory:51) 
[22:37:50.726] [INFO ] - Finding element signInLink using locator By.linkText: Sign in. (PageFactory:83) 
[22:37:50.727] [TRACE] - Finding element by [By.linkText: Sign out] (DriverListner:236) 
[22:38:50.815] [ERROR] - Error occurred: no such element: Unable to locate element: {"method":"link text","selector":"Sign out"}
  (Session info: chrome=75.0.3770.100)
For documentation on this error, please visit: https://www.seleniumhq.org/exceptions/no_such_element.html
Build info: version: '3.141.59', revision: 'e82be7d358', time: '2018-11-14T08:17:03'
System info: host: 'FAISALKHATRI', ip: '10.0.75.1', os.name: 'Windows 10', os.arch: 'amd64', os.version: '10.0', java.version: '1.8.0_212'
Driver info: org.openqa.selenium.chrome.ChromeDriver
Capabilities {acceptInsecureCerts: false, browserName: chrome, browserVersion: 75.0.3770.100, chrome: {chromedriverVersion: 75.0.3770.8 (681f24ea911fe7..., userDataDir: C:\Users\ADMIN\AppData\Loca...}, goog:chromeOptions: {debuggerAddress: localhost:56997}, javascriptEnabled: true, networkConnectionEnabled: false, pageLoadStrategy: normal, platform: XP, platformName: XP, proxy: Proxy(), setWindowRect: true, strictFileInteractability: false, timeouts: {implicit: 0, pageLoad: 300000, script: 30000}, unhandledPromptBehavior: dismiss and notify}
Session ID: b5269fcea41c0d1542c54c22af990180
*** Element info: {Using=link text, value=Sign out} (DriverListner:332) 
[22:38:50.816] [ERROR] - 	at: sun.reflect.NativeConstructorAccessorImpl.newInstance0(Native Method) (DriverListner:334) 
[22:38:50.817] [ERROR] - 	at: sun.reflect.NativeConstructorAccessorImpl.newInstance(NativeConstructorAccessorImpl.java:62) (DriverListner:334) 
[22:38:50.817] [ERROR] - 	at: sun.reflect.DelegatingConstructorAccessorImpl.newInstance(DelegatingConstructorAccessorImpl.java:45) (DriverListner:334) 
[22:38:50.818] [ERROR] - 	at: java.lang.reflect.Constructor.newInstance(Constructor.java:423) (DriverListner:334) 
[22:38:50.819] [ERROR] - 	at: org.openqa.selenium.remote.http.W3CHttpResponseCodec.createException(W3CHttpResponseCodec.java:187) (DriverListner:334) 
[22:38:50.819] [ERROR] - 	at: org.openqa.selenium.remote.http.W3CHttpResponseCodec.decode(W3CHttpResponseCodec.java:122) (DriverListner:334) 
[22:38:50.820] [ERROR] - 	at: org.openqa.selenium.remote.http.W3CHttpResponseCodec.decode(W3CHttpResponseCodec.java:49) (DriverListner:334) 
[22:38:50.821] [ERROR] - 	at: org.openqa.selenium.remote.HttpCommandExecutor.execute(HttpCommandExecutor.java:158) (DriverListner:334) 
[22:38:50.821] [ERROR] - 	at: org.openqa.selenium.remote.service.DriverCommandExecutor.execute(DriverCommandExecutor.java:83) (DriverListner:334) 
[22:38:50.822] [ERROR] - 	at: org.openqa.selenium.remote.RemoteWebDriver.execute(RemoteWebDriver.java:552) (DriverListner:334) 
[22:38:50.822] [ERROR] - 	at: org.openqa.selenium.remote.RemoteWebDriver.findElement(RemoteWebDriver.java:323) (DriverListner:334) 
[22:38:50.823] [ERROR] - 	at: org.openqa.selenium.remote.RemoteWebDriver.findElementByLinkText(RemoteWebDriver.java:380) (DriverListner:334) 
[22:38:50.823] [ERROR] - 	at: org.openqa.selenium.By$ByLinkText.findElement(By.java:220) (DriverListner:334) 
[22:38:50.824] [ERROR] - 	at: org.openqa.selenium.remote.RemoteWebDriver.findElement(RemoteWebDriver.java:315) (DriverListner:334) 
[22:38:50.824] [ERROR] - 	at: sun.reflect.GeneratedMethodAccessor7.invoke(Unknown Source) (DriverListner:334) 
[22:38:50.825] [ERROR] - 	at: sun.reflect.DelegatingMethodAccessorImpl.invoke(DelegatingMethodAccessorImpl.java:43) (DriverListner:334) 
[22:38:50.825] [ERROR] - 	at: java.lang.reflect.Method.invoke(Method.java:498) (DriverListner:334) 
[22:38:50.826] [ERROR] - 	at: org.openqa.selenium.support.events.EventFiringWebDriver.lambda$new$1(EventFiringWebDriver.java:105) (DriverListner:334) 
[22:38:50.827] [ERROR] - 	at: com.sun.proxy.$Proxy27.findElement(Unknown Source) (DriverListner:334) 
[22:38:50.827] [ERROR] - 	at: org.openqa.selenium.support.events.EventFiringWebDriver.findElement(EventFiringWebDriver.java:194) (DriverListner:334) 
[22:38:50.828] [ERROR] - 	at: org.openqa.selenium.support.ui.ExpectedConditions$7.apply(ExpectedConditions.java:205) (DriverListner:334) 
[22:38:50.829] [ERROR] - 	at: org.openqa.selenium.support.ui.ExpectedConditions$7.apply(ExpectedConditions.java:201) (DriverListner:334) 
[22:38:50.829] [ERROR] - 	at: org.openqa.selenium.support.ui.FluentWait.until(FluentWait.java:249) (DriverListner:334) 
[22:38:50.830] [ERROR] - 	at: com.github.wasiqb.coteafs.selenium.core.ElementAction.waitUntilLocatorVisible(ElementAction.java:451) (DriverListner:334) 
[22:38:50.831] [ERROR] - 	at: com.github.wasiqb.coteafs.selenium.core.ElementAction.waitUntilVisible(ElementAction.java:397) (DriverListner:334) 
[22:38:50.832] [ERROR] - 	at: com.github.wasiqb.coteafs.selenium.core.ElementAction.prepareForAction(ElementAction.java:424) (DriverListner:334) 
[22:38:50.832] [ERROR] - 	at: com.github.wasiqb.coteafs.selenium.core.ElementAction.perform(ElementAction.java:419) (DriverListner:334) 
[22:38:50.833] [ERROR] - 	at: com.github.wasiqb.coteafs.selenium.core.ElementAction.click(ElementAction.java:142) (DriverListner:334) 
[22:38:50.834] [ERROR] - 	at: com.wizonsoft.action.SignoutAction.signoutWebsite(SignoutAction.java:28) (DriverListner:334) 
[22:38:50.834] [ERROR] - 	at: com.wizonsoft.action.SignoutAction.perform(SignoutAction.java:23) (DriverListner:334) 
[22:38:50.835] [ERROR] - 	at: com.wizonsoft.tests.SignoutTests.testSignOut(SignoutTests.java:20) (DriverListner:334) 
[22:38:50.836] [ERROR] - 	at: sun.reflect.NativeMethodAccessorImpl.invoke0(Native Method) (DriverListner:334) 
[22:38:50.836] [ERROR] - 	at: sun.reflect.NativeMethodAccessorImpl.invoke(NativeMethodAccessorImpl.java:62) (DriverListner:334) 
[22:38:50.837] [ERROR] - 	at: sun.reflect.DelegatingMethodAccessorImpl.invoke(DelegatingMethodAccessorImpl.java:43) (DriverListner:334) 
[22:38:50.838] [ERROR] - 	at: java.lang.reflect.Method.invoke(Method.java:498) (DriverListner:334) 
[22:38:50.839] [ERROR] - 	at: org.testng.internal.MethodInvocationHelper.invokeMethod(MethodInvocationHelper.java:124) (DriverListner:334) 
[22:38:50.840] [ERROR] - 	at: org.testng.internal.Invoker.invokeMethod(Invoker.java:583) (DriverListner:334) 
[22:38:50.840] [ERROR] - 	at: org.testng.internal.Invoker.invokeTestMethod(Invoker.java:719) (DriverListner:334) 
[22:38:50.841] [ERROR] - 	at: org.testng.internal.Invoker.invokeTestMethods(Invoker.java:989) (DriverListner:334) 
[22:38:50.842] [ERROR] - 	at: org.testng.internal.TestMethodWorker.invokeTestMethods(TestMethodWorker.java:125) (DriverListner:334) 
[22:38:50.842] [ERROR] - 	at: org.testng.internal.TestMethodWorker.run(TestMethodWorker.java:109) (DriverListner:334) 
[22:38:50.843] [ERROR] - 	at: org.testng.TestRunner.privateRun(TestRunner.java:648) (DriverListner:334) 
[22:38:50.843] [ERROR] - 	at: org.testng.TestRunner.run(TestRunner.java:505) (DriverListner:334) 
[22:38:50.844] [ERROR] - 	at: org.testng.SuiteRunner.runTest(SuiteRunner.java:455) (DriverListner:334) 
[22:38:50.844] [ERROR] - 	at: org.testng.SuiteRunner.access$000(SuiteRunner.java:40) (DriverListner:334) 
[22:38:50.845] [ERROR] - 	at: org.testng.SuiteRunner$SuiteWorker.run(SuiteRunner.java:489) (DriverListner:334) 
[22:38:50.845] [ERROR] - 	at: org.testng.internal.thread.ThreadUtil$1.call(ThreadUtil.java:52) (DriverListner:334) 
[22:38:50.846] [ERROR] - 	at: java.util.concurrent.FutureTask.run(FutureTask.java:266) (DriverListner:334) 
[22:38:50.846] [ERROR] - 	at: java.util.concurrent.ThreadPoolExecutor.runWorker(ThreadPoolExecutor.java:1149) (DriverListner:334) 
[22:38:50.847] [ERROR] - 	at: java.util.concurrent.ThreadPoolExecutor$Worker.run(ThreadPoolExecutor.java:624) (DriverListner:334) 
[22:38:50.848] [ERROR] - 	at: java.lang.Thread.run(Thread.java:748) (DriverListner:334) 
[22:38:50.848] [ERROR] - Catching (DriverListner:336) no such element: Unable to locate element: {"method":"link text","selector":"Sign out"}
  (Session info: chrome=75.0.3770.100)
For documentation on this error, please visit: https://www.seleniumhq.org/exceptions/no_such_element.html
Build info: version: '3.141.59', revision: 'e82be7d358', time: '2018-11-14T08:17:03'
System info: host: 'FAISALKHATRI', ip: '10.0.75.1', os.name: 'Windows 10', os.arch: 'amd64', os.version: '10.0', java.version: '1.8.0_212'
Driver info: org.openqa.selenium.chrome.ChromeDriver
Capabilities {acceptInsecureCerts: false, browserName: chrome, browserVersion: 75.0.3770.100, chrome: {chromedriverVersion: 75.0.3770.8 (681f24ea911fe7..., userDataDir: C:\Users\ADMIN\AppData\Loca...}, goog:chromeOptions: {debuggerAddress: localhost:56997}, javascriptEnabled: true, networkConnectionEnabled: false, pageLoadStrategy: normal, platform: XP, platformName: XP, proxy: Proxy(), setWindowRect: true, strictFileInteractability: false, timeouts: {implicit: 0, pageLoad: 300000, script: 30000}, unhandledPromptBehavior: dismiss and notify}
Session ID: b5269fcea41c0d1542c54c22af990180
*** Element info: {Using=link text, value=Sign out}
[22:38:50.863] [INFO ] - Stopping the browser... (Browser:232) 
[22:38:51.835] [INFO ] - Starting the browser... (Browser:212) 
[22:38:51.836] [INFO ] - Setting up Chrome driver... (Browser:75) 
[22:38:58.440] [INFO ] - Setting screen size of Browser to NORMAL... (Browser:253) 
[22:38:58.441] [INFO ] - Setting screen resolution to [ScreenResolution{height=768, width=1280}]... (Browser:264) 
[22:38:59.573] [INFO ] - Finding elements available on the page. (PageFactory:51) 
[22:38:59.574] [INFO ] - Finding element signInLink using locator By.linkText: Sign in. (PageFactory:83) 
[22:38:59.575] [INFO ] - Navigating to [http://automationpractice.com/index.php]... (DriverListner:299) 
[22:39:31.112] [TRACE] - Navigated to url [http://automationpractice.com/index.php]... (DriverListner:154) 
[22:39:31.112] [INFO ] - Finding elements available on the page. (PageFactory:51) 
[22:39:31.113] [INFO ] - Finding element signInLink using locator By.linkText: Sign in. (PageFactory:83) 
[22:39:31.114] [TRACE] - Finding element by [By.linkText: Sign in] (DriverListner:236) 
[22:39:31.157] [TRACE] - Element found using [By.linkText: Sign in]... (DriverListner:91) 
[22:39:31.781] [INFO ] - Clicking on Element... (DriverListner:224) 
[22:39:41.420] [TRACE] - Clicked on element... (DriverListner:79) 
[22:39:41.425] [INFO ] - Finding elements available on the page. (PageFactory:51) 
[22:39:41.426] [INFO ] - Finding element createAccountButton using locator By.id: SubmitCreate. (PageFactory:83) 
[22:39:41.427] [INFO ] - Finding element emailId using locator By.id: email_create. (PageFactory:83) 
[22:39:41.428] [INFO ] - Finding element password using locator By.id: passwd. (PageFactory:83) 
[22:39:41.428] [INFO ] - Finding element signInButton using locator By.id: SubmitLogin. (PageFactory:83) 
[22:39:41.429] [INFO ] - Finding element signInEmail using locator By.id: email. (PageFactory:83) 
[22:39:41.431] [TRACE] - Finding element by [By.id: email_create] (DriverListner:236) 
[22:39:41.477] [TRACE] - Element found using [By.id: email_create]... (DriverListner:91) 
[22:39:42.104] [INFO ] - Clicking on Element... (DriverListner:224) 
[22:39:42.318] [TRACE] - Clicked on element... (DriverListner:79) 
[22:39:42.319] [TRACE] - Finding element by [By.id: email_create] (DriverListner:236) 
[22:39:42.348] [TRACE] - Element found using [By.id: email_create]... (DriverListner:91) 
[22:39:43.005] [TRACE] - Finding element by [By.id: email_create] (DriverListner:236) 
[22:39:43.026] [TRACE] - Element found using [By.id: email_create]... (DriverListner:91) 
[22:39:43.551] [INFO ] - Writing text [lavon.ziemann@gmail.com]... (DriverListner:212) 
[22:39:43.909] [TRACE] - Text [lavon.ziemann@gmail.com] has been entered... (DriverListner:67) 
[22:39:43.910] [TRACE] - Finding element by [By.id: SubmitCreate] (DriverListner:236) 
[22:39:43.943] [TRACE] - Element found using [By.id: SubmitCreate]... (DriverListner:91) 
[22:39:44.560] [INFO ] - Clicking on Element... (DriverListner:224) 
[22:39:44.760] [TRACE] - Clicked on element... (DriverListner:79) 
[22:39:44.761] [INFO ] - Finding elements available on the page. (PageFactory:51) 
[22:39:44.761] [INFO ] - Finding element addressLine1 using locator By.id: address1. (PageFactory:83) 
[22:39:44.762] [INFO ] - Finding element addressLine2 using locator By.id: address2. (PageFactory:83) 
[22:39:44.763] [INFO ] - Finding element city using locator By.id: city. (PageFactory:83) 
[22:39:44.764] [INFO ] - Finding element company using locator By.id: company. (PageFactory:83) 
[22:39:44.764] [INFO ] - Finding element country using locator By.id: id_country. (PageFactory:83) 
[22:39:44.765] [INFO ] - Finding element day using locator By.id: uniform-days. (PageFactory:83) 
[22:39:44.765] [INFO ] - Finding element firstName using locator By.name: customer_firstname. (PageFactory:83) 
[22:39:44.766] [INFO ] - Finding element lastName using locator By.name: customer_lastname. (PageFactory:83) 
[22:39:44.766] [INFO ] - Finding element mobilePhone using locator By.id: phone_mobile. (PageFactory:83) 
[22:39:44.767] [INFO ] - Finding element month using locator By.id: uniform-months. (PageFactory:83) 
[22:39:44.768] [INFO ] - Finding element mrRadioBtn using locator By.id: id_gender1. (PageFactory:83) 
[22:39:44.769] [INFO ] - Finding element mrsRadioBtn using locator By.id: id_gender2. (PageFactory:83) 
[22:39:44.770] [INFO ] - Finding element password using locator By.id: passwd. (PageFactory:83) 
[22:39:44.771] [INFO ] - Finding element receiveOffers using locator By.id: optin. (PageFactory:83) 
[22:39:44.772] [INFO ] - Finding element registerButton using locator By.id: submitAccount. (PageFactory:83) 
[22:39:44.773] [INFO ] - Finding element signUp using locator By.id: newsletter. (PageFactory:83) 
[22:39:44.774] [INFO ] - Finding element state using locator By.id: uniform-id_state. (PageFactory:83) 
[22:39:44.775] [INFO ] - Finding element year using locator By.id: uniform-years. (PageFactory:83) 
[22:39:44.776] [INFO ] - Finding element zipCode using locator By.id: postcode. (PageFactory:83) 
[22:39:44.778] [TRACE] - Finding element by [By.id: id_gender1] (DriverListner:236) 
[22:39:56.429] [TRACE] - Element found using [By.id: id_gender1]... (DriverListner:91) 
[22:39:57.080] [INFO ] - Clicking on Element... (DriverListner:224) 
[22:39:57.292] [TRACE] - Clicked on element... (DriverListner:79) 
[22:39:57.914] [TRACE] - Finding element by [By.name: customer_firstname] (DriverListner:236) 
[22:39:57.946] [TRACE] - Element found using [By.name: customer_firstname]... (DriverListner:91) 
[22:39:58.556] [INFO ] - Writing text [Casey]... (DriverListner:212) 
[22:39:58.854] [TRACE] - Text [Casey] has been entered... (DriverListner:67) 
[22:39:58.855] [TRACE] - Finding element by [By.name: customer_lastname] (DriverListner:236) 
[22:39:58.888] [TRACE] - Element found using [By.name: customer_lastname]... (DriverListner:91) 
[22:39:59.497] [INFO ] - Writing text [Reilly]... (DriverListner:212) 
[22:39:59.716] [TRACE] - Text [Reilly] has been entered... (DriverListner:67) 
[22:39:59.716] [TRACE] - Finding element by [By.id: passwd] (DriverListner:236) 
[22:39:59.756] [TRACE] - Element found using [By.id: passwd]... (DriverListner:91) 
[22:40:00.369] [INFO ] - Writing text [Pass@123]... (DriverListner:212) 
[22:40:00.678] [TRACE] - Text [Pass@123] has been entered... (DriverListner:67) 
[22:40:00.679] [TRACE] - Finding element by [By.id: uniform-days] (DriverListner:236) 
[22:40:00.713] [TRACE] - Element found using [By.id: uniform-days]... (DriverListner:91) 
[22:40:01.373] [INFO ] - Finding elements available on the page. (PageFactory:51) 
[22:40:01.374] [INFO ] - Finding element signInLink using locator By.linkText: Sign in. (PageFactory:83) 
[22:40:01.376] [TRACE] - Finding element by [By.linkText: Sign out] (DriverListner:236) 
[22:41:01.412] [ERROR] - Error occurred: no such element: Unable to locate element: {"method":"link text","selector":"Sign out"}
  (Session info: chrome=75.0.3770.100)
For documentation on this error, please visit: https://www.seleniumhq.org/exceptions/no_such_element.html
Build info: version: '3.141.59', revision: 'e82be7d358', time: '2018-11-14T08:17:03'
System info: host: 'FAISALKHATRI', ip: '10.0.75.1', os.name: 'Windows 10', os.arch: 'amd64', os.version: '10.0', java.version: '1.8.0_212'
Driver info: org.openqa.selenium.chrome.ChromeDriver
Capabilities {acceptInsecureCerts: false, browserName: chrome, browserVersion: 75.0.3770.100, chrome: {chromedriverVersion: 75.0.3770.8 (681f24ea911fe7..., userDataDir: C:\Users\ADMIN\AppData\Loca...}, goog:chromeOptions: {debuggerAddress: localhost:57312}, javascriptEnabled: true, networkConnectionEnabled: false, pageLoadStrategy: normal, platform: XP, platformName: XP, proxy: Proxy(), setWindowRect: true, strictFileInteractability: false, timeouts: {implicit: 0, pageLoad: 300000, script: 30000}, unhandledPromptBehavior: dismiss and notify}
Session ID: 394337011a3cd7867abb0fcadf5b0003
*** Element info: {Using=link text, value=Sign out} (DriverListner:332) 
[22:41:01.413] [ERROR] - 	at: sun.reflect.NativeConstructorAccessorImpl.newInstance0(Native Method) (DriverListner:334) 
[22:41:01.414] [ERROR] - 	at: sun.reflect.NativeConstructorAccessorImpl.newInstance(NativeConstructorAccessorImpl.java:62) (DriverListner:334) 
[22:41:01.414] [ERROR] - 	at: sun.reflect.DelegatingConstructorAccessorImpl.newInstance(DelegatingConstructorAccessorImpl.java:45) (DriverListner:334) 
[22:41:01.415] [ERROR] - 	at: java.lang.reflect.Constructor.newInstance(Constructor.java:423) (DriverListner:334) 
[22:41:01.416] [ERROR] - 	at: org.openqa.selenium.remote.http.W3CHttpResponseCodec.createException(W3CHttpResponseCodec.java:187) (DriverListner:334) 
[22:41:01.416] [ERROR] - 	at: org.openqa.selenium.remote.http.W3CHttpResponseCodec.decode(W3CHttpResponseCodec.java:122) (DriverListner:334) 
[22:41:01.417] [ERROR] - 	at: org.openqa.selenium.remote.http.W3CHttpResponseCodec.decode(W3CHttpResponseCodec.java:49) (DriverListner:334) 
[22:41:01.418] [ERROR] - 	at: org.openqa.selenium.remote.HttpCommandExecutor.execute(HttpCommandExecutor.java:158) (DriverListner:334) 
[22:41:01.418] [ERROR] - 	at: org.openqa.selenium.remote.service.DriverCommandExecutor.execute(DriverCommandExecutor.java:83) (DriverListner:334) 
[22:41:01.419] [ERROR] - 	at: org.openqa.selenium.remote.RemoteWebDriver.execute(RemoteWebDriver.java:552) (DriverListner:334) 
[22:41:01.420] [ERROR] - 	at: org.openqa.selenium.remote.RemoteWebDriver.findElement(RemoteWebDriver.java:323) (DriverListner:334) 
[22:41:01.421] [ERROR] - 	at: org.openqa.selenium.remote.RemoteWebDriver.findElementByLinkText(RemoteWebDriver.java:380) (DriverListner:334) 
[22:41:01.421] [ERROR] - 	at: org.openqa.selenium.By$ByLinkText.findElement(By.java:220) (DriverListner:334) 
[22:41:01.422] [ERROR] - 	at: org.openqa.selenium.remote.RemoteWebDriver.findElement(RemoteWebDriver.java:315) (DriverListner:334) 
[22:41:01.422] [ERROR] - 	at: sun.reflect.GeneratedMethodAccessor7.invoke(Unknown Source) (DriverListner:334) 
[22:41:01.423] [ERROR] - 	at: sun.reflect.DelegatingMethodAccessorImpl.invoke(DelegatingMethodAccessorImpl.java:43) (DriverListner:334) 
[22:41:01.423] [ERROR] - 	at: java.lang.reflect.Method.invoke(Method.java:498) (DriverListner:334) 
[22:41:01.424] [ERROR] - 	at: org.openqa.selenium.support.events.EventFiringWebDriver.lambda$new$1(EventFiringWebDriver.java:105) (DriverListner:334) 
[22:41:01.424] [ERROR] - 	at: com.sun.proxy.$Proxy27.findElement(Unknown Source) (DriverListner:334) 
[22:41:01.425] [ERROR] - 	at: org.openqa.selenium.support.events.EventFiringWebDriver.findElement(EventFiringWebDriver.java:194) (DriverListner:334) 
[22:41:01.425] [ERROR] - 	at: org.openqa.selenium.support.ui.ExpectedConditions$7.apply(ExpectedConditions.java:205) (DriverListner:334) 
[22:41:01.426] [ERROR] - 	at: org.openqa.selenium.support.ui.ExpectedConditions$7.apply(ExpectedConditions.java:201) (DriverListner:334) 
[22:41:01.426] [ERROR] - 	at: org.openqa.selenium.support.ui.FluentWait.until(FluentWait.java:249) (DriverListner:334) 
[22:41:01.427] [ERROR] - 	at: com.github.wasiqb.coteafs.selenium.core.ElementAction.waitUntilLocatorVisible(ElementAction.java:451) (DriverListner:334) 
[22:41:01.427] [ERROR] - 	at: com.github.wasiqb.coteafs.selenium.core.ElementAction.waitUntilVisible(ElementAction.java:397) (DriverListner:334) 
[22:41:01.428] [ERROR] - 	at: com.github.wasiqb.coteafs.selenium.core.ElementAction.prepareForAction(ElementAction.java:424) (DriverListner:334) 
[22:41:01.429] [ERROR] - 	at: com.github.wasiqb.coteafs.selenium.core.ElementAction.perform(ElementAction.java:419) (DriverListner:334) 
[22:41:01.429] [ERROR] - 	at: com.github.wasiqb.coteafs.selenium.core.ElementAction.click(ElementAction.java:142) (DriverListner:334) 
[22:41:01.430] [ERROR] - 	at: com.wizonsoft.action.SignoutAction.signoutWebsite(SignoutAction.java:28) (DriverListner:334) 
[22:41:01.430] [ERROR] - 	at: com.wizonsoft.action.SignoutAction.perform(SignoutAction.java:23) (DriverListner:334) 
[22:41:01.431] [ERROR] - 	at: com.wizonsoft.tests.SignoutTests.testSignOut(SignoutTests.java:20) (DriverListner:334) 
[22:41:01.431] [ERROR] - 	at: sun.reflect.NativeMethodAccessorImpl.invoke0(Native Method) (DriverListner:334) 
[22:41:01.432] [ERROR] - 	at: sun.reflect.NativeMethodAccessorImpl.invoke(NativeMethodAccessorImpl.java:62) (DriverListner:334) 
[22:41:01.432] [ERROR] - 	at: sun.reflect.DelegatingMethodAccessorImpl.invoke(DelegatingMethodAccessorImpl.java:43) (DriverListner:334) 
[22:41:01.433] [ERROR] - 	at: java.lang.reflect.Method.invoke(Method.java:498) (DriverListner:334) 
[22:41:01.433] [ERROR] - 	at: org.testng.internal.MethodInvocationHelper.invokeMethod(MethodInvocationHelper.java:124) (DriverListner:334) 
[22:41:01.433] [ERROR] - 	at: org.testng.internal.Invoker.invokeMethod(Invoker.java:583) (DriverListner:334) 
[22:41:01.434] [ERROR] - 	at: org.testng.internal.Invoker.invokeTestMethod(Invoker.java:719) (DriverListner:334) 
[22:41:01.435] [ERROR] - 	at: org.testng.internal.Invoker.invokeTestMethods(Invoker.java:989) (DriverListner:334) 
[22:41:01.435] [ERROR] - 	at: org.testng.internal.TestMethodWorker.invokeTestMethods(TestMethodWorker.java:125) (DriverListner:334) 
[22:41:01.436] [ERROR] - 	at: org.testng.internal.TestMethodWorker.run(TestMethodWorker.java:109) (DriverListner:334) 
[22:41:01.436] [ERROR] - 	at: org.testng.TestRunner.privateRun(TestRunner.java:648) (DriverListner:334) 
[22:41:01.437] [ERROR] - 	at: org.testng.TestRunner.run(TestRunner.java:505) (DriverListner:334) 
[22:41:01.437] [ERROR] - 	at: org.testng.SuiteRunner.runTest(SuiteRunner.java:455) (DriverListner:334) 
[22:41:01.438] [ERROR] - 	at: org.testng.SuiteRunner.access$000(SuiteRunner.java:40) (DriverListner:334) 
[22:41:01.438] [ERROR] - 	at: org.testng.SuiteRunner$SuiteWorker.run(SuiteRunner.java:489) (DriverListner:334) 
[22:41:01.439] [ERROR] - 	at: org.testng.internal.thread.ThreadUtil$1.call(ThreadUtil.java:52) (DriverListner:334) 
[22:41:01.439] [ERROR] - 	at: java.util.concurrent.FutureTask.run(FutureTask.java:266) (DriverListner:334) 
[22:41:01.440] [ERROR] - 	at: java.util.concurrent.ThreadPoolExecutor.runWorker(ThreadPoolExecutor.java:1149) (DriverListner:334) 
[22:41:01.440] [ERROR] - 	at: java.util.concurrent.ThreadPoolExecutor$Worker.run(ThreadPoolExecutor.java:624) (DriverListner:334) 
[22:41:01.441] [ERROR] - 	at: java.lang.Thread.run(Thread.java:748) (DriverListner:334) 
[22:41:01.441] [ERROR] - Catching (DriverListner:336) no such element: Unable to locate element: {"method":"link text","selector":"Sign out"}
  (Session info: chrome=75.0.3770.100)
For documentation on this error, please visit: https://www.seleniumhq.org/exceptions/no_such_element.html
Build info: version: '3.141.59', revision: 'e82be7d358', time: '2018-11-14T08:17:03'
System info: host: 'FAISALKHATRI', ip: '10.0.75.1', os.name: 'Windows 10', os.arch: 'amd64', os.version: '10.0', java.version: '1.8.0_212'
Driver info: org.openqa.selenium.chrome.ChromeDriver
Capabilities {acceptInsecureCerts: false, browserName: chrome, browserVersion: 75.0.3770.100, chrome: {chromedriverVersion: 75.0.3770.8 (681f24ea911fe7..., userDataDir: C:\Users\ADMIN\AppData\Loca...}, goog:chromeOptions: {debuggerAddress: localhost:57312}, javascriptEnabled: true, networkConnectionEnabled: false, pageLoadStrategy: normal, platform: XP, platformName: XP, proxy: Proxy(), setWindowRect: true, strictFileInteractability: false, timeouts: {implicit: 0, pageLoad: 300000, script: 30000}, unhandledPromptBehavior: dismiss and notify}
Session ID: 394337011a3cd7867abb0fcadf5b0003
*** Element info: {Using=link text, value=Sign out}
[22:41:01.459] [INFO ] - Stopping the browser... (Browser:232) 
