[22:00:23.579] [INFO ] - Starting the browser... (Browser:212) 
[22:00:23.641] [INFO ] - Setting up Chrome driver... (Browser:75) 
[22:01:38.371] [INFO ] - Setting screen size of Browser to NORMAL... (Browser:253) 
[22:01:38.372] [INFO ] - Setting screen resolution to [ScreenResolution{height=768, width=1280}]... (Browser:264) 
[22:01:39.589] [INFO ] - Finding elements available on the page. (PageFactory:51) 
[22:01:39.603] [INFO ] - Finding element signInLink using locator By.linkText: Sign in. (PageFactory:83) 
[22:01:39.651] [INFO ] - Navigating to [http://automationpractice.com/index.php]... (DriverListner:299) 
[22:01:56.778] [TRACE] - Navigated to url [http://automationpractice.com/index.php]... (DriverListner:154) 
[22:01:56.784] [INFO ] - Finding elements available on the page. (PageFactory:51) 
[22:01:56.785] [INFO ] - Finding element signInLink using locator By.linkText: Sign in. (PageFactory:83) 
[22:01:56.795] [TRACE] - Finding element by [By.linkText: Sign in] (DriverListner:236) 
[22:01:56.847] [TRACE] - Element found using [By.linkText: Sign in]... (DriverListner:91) 
[22:01:57.594] [INFO ] - Clicking on Element... (DriverListner:224) 
[22:01:59.729] [TRACE] - Clicked on element... (DriverListner:79) 
[22:01:59.766] [INFO ] - Finding elements available on the page. (PageFactory:51) 
[22:01:59.768] [INFO ] - Finding element createAccountButton using locator By.id: SubmitCreate. (PageFactory:83) 
[22:01:59.769] [INFO ] - Finding element emailId using locator By.id: email_create. (PageFactory:83) 
[22:01:59.771] [INFO ] - Finding element password using locator By.id: passwd. (PageFactory:83) 
[22:01:59.773] [INFO ] - Finding element signInButton using locator By.id: SubmitLogin. (PageFactory:83) 
[22:01:59.774] [INFO ] - Finding element signInEmail using locator By.id: email. (PageFactory:83) 
[22:01:59.884] [TRACE] - Finding element by [By.id: email_create] (DriverListner:236) 
[22:01:59.936] [TRACE] - Element found using [By.id: email_create]... (DriverListner:91) 
[22:02:00.610] [INFO ] - Clicking on Element... (DriverListner:224) 
[22:02:00.782] [TRACE] - Clicked on element... (DriverListner:79) 
[22:02:00.785] [TRACE] - Finding element by [By.id: email_create] (DriverListner:236) 
[22:02:00.817] [TRACE] - Element found using [By.id: email_create]... (DriverListner:91) 
[22:02:01.604] [TRACE] - Finding element by [By.id: email_create] (DriverListner:236) 
[22:02:01.629] [TRACE] - Element found using [By.id: email_create]... (DriverListner:91) 
[22:02:02.188] [INFO ] - Writing text [coleen.mitchell@hotmail.com]... (DriverListner:212) 
[22:02:02.633] [TRACE] - Text [coleen.mitchell@hotmail.com] has been entered... (DriverListner:67) 
[22:02:02.634] [TRACE] - Finding element by [By.id: SubmitCreate] (DriverListner:236) 
[22:02:02.673] [TRACE] - Element found using [By.id: SubmitCreate]... (DriverListner:91) 
[22:02:03.328] [INFO ] - Clicking on Element... (DriverListner:224) 
[22:02:03.624] [TRACE] - Clicked on element... (DriverListner:79) 
[22:03:39.925] [INFO ] - Finding elements available on the page. (PageFactory:51) 
[22:03:39.927] [INFO ] - Finding element signInLink using locator By.linkText: Sign in. (PageFactory:83) 
[22:03:39.931] [TRACE] - Finding element by [By.linkText: Sign out] (DriverListner:236) 
[22:04:40.003] [ERROR] - Error occurred: no such element: Unable to locate element: {"method":"link text","selector":"Sign out"}
  (Session info: chrome=75.0.3770.100)
For documentation on this error, please visit: https://www.seleniumhq.org/exceptions/no_such_element.html
Build info: version: '3.141.59', revision: 'e82be7d358', time: '2018-11-14T08:17:03'
System info: host: 'FAISALKHATRI', ip: '10.0.75.1', os.name: 'Windows 10', os.arch: 'amd64', os.version: '10.0', java.version: '1.8.0_212'
Driver info: org.openqa.selenium.chrome.ChromeDriver
Capabilities {acceptInsecureCerts: false, browserName: chrome, browserVersion: 75.0.3770.100, chrome: {chromedriverVersion: 75.0.3770.8 (681f24ea911fe7..., userDataDir: C:\Users\ADMIN\AppData\Loca...}, goog:chromeOptions: {debuggerAddress: localhost:52084}, javascriptEnabled: true, networkConnectionEnabled: false, pageLoadStrategy: normal, platform: XP, platformName: XP, proxy: Proxy(), setWindowRect: true, strictFileInteractability: false, timeouts: {implicit: 0, pageLoad: 300000, script: 30000}, unhandledPromptBehavior: dismiss and notify}
Session ID: 66b366e41c67e3f47742713da281ae5e
*** Element info: {Using=link text, value=Sign out} (DriverListner:332) 
[22:04:40.007] [ERROR] - 	at: sun.reflect.NativeConstructorAccessorImpl.newInstance0(Native Method) (DriverListner:334) 
[22:04:40.009] [ERROR] - 	at: sun.reflect.NativeConstructorAccessorImpl.newInstance(NativeConstructorAccessorImpl.java:62) (DriverListner:334) 
[22:04:40.010] [ERROR] - 	at: sun.reflect.DelegatingConstructorAccessorImpl.newInstance(DelegatingConstructorAccessorImpl.java:45) (DriverListner:334) 
[22:04:40.011] [ERROR] - 	at: java.lang.reflect.Constructor.newInstance(Constructor.java:423) (DriverListner:334) 
[22:04:40.011] [ERROR] - 	at: org.openqa.selenium.remote.http.W3CHttpResponseCodec.createException(W3CHttpResponseCodec.java:187) (DriverListner:334) 
[22:04:40.012] [ERROR] - 	at: org.openqa.selenium.remote.http.W3CHttpResponseCodec.decode(W3CHttpResponseCodec.java:122) (DriverListner:334) 
[22:04:40.013] [ERROR] - 	at: org.openqa.selenium.remote.http.W3CHttpResponseCodec.decode(W3CHttpResponseCodec.java:49) (DriverListner:334) 
[22:04:40.014] [ERROR] - 	at: org.openqa.selenium.remote.HttpCommandExecutor.execute(HttpCommandExecutor.java:158) (DriverListner:334) 
[22:04:40.015] [ERROR] - 	at: org.openqa.selenium.remote.service.DriverCommandExecutor.execute(DriverCommandExecutor.java:83) (DriverListner:334) 
[22:04:40.016] [ERROR] - 	at: org.openqa.selenium.remote.RemoteWebDriver.execute(RemoteWebDriver.java:552) (DriverListner:334) 
[22:04:40.017] [ERROR] - 	at: org.openqa.selenium.remote.RemoteWebDriver.findElement(RemoteWebDriver.java:323) (DriverListner:334) 
[22:04:40.018] [ERROR] - 	at: org.openqa.selenium.remote.RemoteWebDriver.findElementByLinkText(RemoteWebDriver.java:380) (DriverListner:334) 
[22:04:40.019] [ERROR] - 	at: org.openqa.selenium.By$ByLinkText.findElement(By.java:220) (DriverListner:334) 
[22:04:40.020] [ERROR] - 	at: org.openqa.selenium.remote.RemoteWebDriver.findElement(RemoteWebDriver.java:315) (DriverListner:334) 
[22:04:40.021] [ERROR] - 	at: sun.reflect.NativeMethodAccessorImpl.invoke0(Native Method) (DriverListner:334) 
[22:04:40.021] [ERROR] - 	at: sun.reflect.NativeMethodAccessorImpl.invoke(NativeMethodAccessorImpl.java:62) (DriverListner:334) 
[22:04:40.022] [ERROR] - 	at: sun.reflect.DelegatingMethodAccessorImpl.invoke(DelegatingMethodAccessorImpl.java:43) (DriverListner:334) 
[22:04:40.023] [ERROR] - 	at: java.lang.reflect.Method.invoke(Method.java:498) (DriverListner:334) 
[22:04:40.024] [ERROR] - 	at: org.openqa.selenium.support.events.EventFiringWebDriver.lambda$new$1(EventFiringWebDriver.java:105) (DriverListner:334) 
[22:04:40.025] [ERROR] - 	at: com.sun.proxy.$Proxy28.findElement(Unknown Source) (DriverListner:334) 
[22:04:40.026] [ERROR] - 	at: org.openqa.selenium.support.events.EventFiringWebDriver.findElement(EventFiringWebDriver.java:194) (DriverListner:334) 
[22:04:40.027] [ERROR] - 	at: org.openqa.selenium.support.ui.ExpectedConditions$7.apply(ExpectedConditions.java:205) (DriverListner:334) 
[22:04:40.028] [ERROR] - 	at: org.openqa.selenium.support.ui.ExpectedConditions$7.apply(ExpectedConditions.java:201) (DriverListner:334) 
[22:04:40.029] [ERROR] - 	at: org.openqa.selenium.support.ui.FluentWait.until(FluentWait.java:249) (DriverListner:334) 
[22:04:40.029] [ERROR] - 	at: com.github.wasiqb.coteafs.selenium.core.ElementAction.waitUntilLocatorVisible(ElementAction.java:451) (DriverListner:334) 
[22:04:40.030] [ERROR] - 	at: com.github.wasiqb.coteafs.selenium.core.ElementAction.waitUntilVisible(ElementAction.java:397) (DriverListner:334) 
[22:04:40.031] [ERROR] - 	at: com.github.wasiqb.coteafs.selenium.core.ElementAction.prepareForAction(ElementAction.java:424) (DriverListner:334) 
[22:04:40.031] [ERROR] - 	at: com.github.wasiqb.coteafs.selenium.core.ElementAction.perform(ElementAction.java:419) (DriverListner:334) 
[22:04:40.032] [ERROR] - 	at: com.github.wasiqb.coteafs.selenium.core.ElementAction.click(ElementAction.java:142) (DriverListner:334) 
[22:04:40.032] [ERROR] - 	at: com.wizonsoft.action.SignoutAction.signoutWebsite(SignoutAction.java:28) (DriverListner:334) 
[22:04:40.033] [ERROR] - 	at: com.wizonsoft.action.SignoutAction.perform(SignoutAction.java:23) (DriverListner:334) 
[22:04:40.034] [ERROR] - 	at: com.wizonsoft.tests.SignoutTests.testSignOut(SignoutTests.java:20) (DriverListner:334) 
[22:04:40.035] [ERROR] - 	at: sun.reflect.NativeMethodAccessorImpl.invoke0(Native Method) (DriverListner:334) 
[22:04:40.036] [ERROR] - 	at: sun.reflect.NativeMethodAccessorImpl.invoke(NativeMethodAccessorImpl.java:62) (DriverListner:334) 
[22:04:40.036] [ERROR] - 	at: sun.reflect.DelegatingMethodAccessorImpl.invoke(DelegatingMethodAccessorImpl.java:43) (DriverListner:334) 
[22:04:40.037] [ERROR] - 	at: java.lang.reflect.Method.invoke(Method.java:498) (DriverListner:334) 
[22:04:40.038] [ERROR] - 	at: org.testng.internal.MethodInvocationHelper.invokeMethod(MethodInvocationHelper.java:124) (DriverListner:334) 
[22:04:40.039] [ERROR] - 	at: org.testng.internal.Invoker.invokeMethod(Invoker.java:583) (DriverListner:334) 
[22:04:40.040] [ERROR] - 	at: org.testng.internal.Invoker.invokeTestMethod(Invoker.java:719) (DriverListner:334) 
[22:04:40.041] [ERROR] - 	at: org.testng.internal.Invoker.invokeTestMethods(Invoker.java:989) (DriverListner:334) 
[22:04:40.042] [ERROR] - 	at: org.testng.internal.TestMethodWorker.invokeTestMethods(TestMethodWorker.java:125) (DriverListner:334) 
[22:04:40.042] [ERROR] - 	at: org.testng.internal.TestMethodWorker.run(TestMethodWorker.java:109) (DriverListner:334) 
[22:04:40.043] [ERROR] - 	at: org.testng.TestRunner.privateRun(TestRunner.java:648) (DriverListner:334) 
[22:04:40.044] [ERROR] - 	at: org.testng.TestRunner.run(TestRunner.java:505) (DriverListner:334) 
[22:04:40.045] [ERROR] - 	at: org.testng.SuiteRunner.runTest(SuiteRunner.java:455) (DriverListner:334) 
[22:04:40.046] [ERROR] - 	at: org.testng.SuiteRunner.access$000(SuiteRunner.java:40) (DriverListner:334) 
[22:04:40.047] [ERROR] - 	at: org.testng.SuiteRunner$SuiteWorker.run(SuiteRunner.java:489) (DriverListner:334) 
[22:04:40.047] [ERROR] - 	at: org.testng.internal.thread.ThreadUtil$1.call(ThreadUtil.java:52) (DriverListner:334) 
[22:04:40.048] [ERROR] - 	at: java.util.concurrent.FutureTask.run(FutureTask.java:266) (DriverListner:334) 
[22:04:40.048] [ERROR] - 	at: java.util.concurrent.ThreadPoolExecutor.runWorker(ThreadPoolExecutor.java:1149) (DriverListner:334) 
[22:04:40.049] [ERROR] - 	at: java.util.concurrent.ThreadPoolExecutor$Worker.run(ThreadPoolExecutor.java:624) (DriverListner:334) 
[22:04:40.050] [ERROR] - 	at: java.lang.Thread.run(Thread.java:748) (DriverListner:334) 
[22:04:40.051] [ERROR] - Catching (DriverListner:336) no such element: Unable to locate element: {"method":"link text","selector":"Sign out"}
  (Session info: chrome=75.0.3770.100)
For documentation on this error, please visit: https://www.seleniumhq.org/exceptions/no_such_element.html
Build info: version: '3.141.59', revision: 'e82be7d358', time: '2018-11-14T08:17:03'
System info: host: 'FAISALKHATRI', ip: '10.0.75.1', os.name: 'Windows 10', os.arch: 'amd64', os.version: '10.0', java.version: '1.8.0_212'
Driver info: org.openqa.selenium.chrome.ChromeDriver
Capabilities {acceptInsecureCerts: false, browserName: chrome, browserVersion: 75.0.3770.100, chrome: {chromedriverVersion: 75.0.3770.8 (681f24ea911fe7..., userDataDir: C:\Users\ADMIN\AppData\Loca...}, goog:chromeOptions: {debuggerAddress: localhost:52084}, javascriptEnabled: true, networkConnectionEnabled: false, pageLoadStrategy: normal, platform: XP, platformName: XP, proxy: Proxy(), setWindowRect: true, strictFileInteractability: false, timeouts: {implicit: 0, pageLoad: 300000, script: 30000}, unhandledPromptBehavior: dismiss and notify}
Session ID: 66b366e41c67e3f47742713da281ae5e
*** Element info: {Using=link text, value=Sign out}
[22:04:40.075] [INFO ] - Stopping the browser... (Browser:232) 
[22:04:41.273] [INFO ] - Starting the browser... (Browser:212) 
[22:04:41.283] [INFO ] - Setting up Chrome driver... (Browser:75) 
[22:04:45.679] [INFO ] - Setting screen size of Browser to NORMAL... (Browser:253) 
[22:04:45.681] [INFO ] - Setting screen resolution to [ScreenResolution{height=768, width=1280}]... (Browser:264) 
[22:04:46.863] [INFO ] - Finding elements available on the page. (PageFactory:51) 
[22:04:46.865] [INFO ] - Finding element signInLink using locator By.linkText: Sign in. (PageFactory:83) 
[22:04:46.867] [INFO ] - Navigating to [http://automationpractice.com/index.php]... (DriverListner:299) 
[22:05:03.100] [TRACE] - Navigated to url [http://automationpractice.com/index.php]... (DriverListner:154) 
[22:05:03.100] [INFO ] - Finding elements available on the page. (PageFactory:51) 
[22:05:03.101] [INFO ] - Finding element signInLink using locator By.linkText: Sign in. (PageFactory:83) 
[22:05:03.102] [TRACE] - Finding element by [By.linkText: Sign in] (DriverListner:236) 
[22:05:03.146] [TRACE] - Element found using [By.linkText: Sign in]... (DriverListner:91) 
[22:05:03.790] [INFO ] - Clicking on Element... (DriverListner:224) 
[22:05:07.671] [TRACE] - Clicked on element... (DriverListner:79) 
[22:05:07.679] [INFO ] - Finding elements available on the page. (PageFactory:51) 
[22:05:07.681] [INFO ] - Finding element createAccountButton using locator By.id: SubmitCreate. (PageFactory:83) 
[22:05:07.682] [INFO ] - Finding element emailId using locator By.id: email_create. (PageFactory:83) 
[22:05:07.683] [INFO ] - Finding element password using locator By.id: passwd. (PageFactory:83) 
[22:05:07.684] [INFO ] - Finding element signInButton using locator By.id: SubmitLogin. (PageFactory:83) 
[22:05:07.685] [INFO ] - Finding element signInEmail using locator By.id: email. (PageFactory:83) 
[22:05:07.691] [TRACE] - Finding element by [By.id: email_create] (DriverListner:236) 
[22:05:07.738] [TRACE] - Element found using [By.id: email_create]... (DriverListner:91) 
[22:05:08.392] [INFO ] - Clicking on Element... (DriverListner:224) 
[22:05:08.606] [TRACE] - Clicked on element... (DriverListner:79) 
[22:05:08.608] [TRACE] - Finding element by [By.id: email_create] (DriverListner:236) 
[22:05:08.656] [TRACE] - Element found using [By.id: email_create]... (DriverListner:91) 
[22:05:09.399] [TRACE] - Finding element by [By.id: email_create] (DriverListner:236) 
[22:05:09.426] [TRACE] - Element found using [By.id: email_create]... (DriverListner:91) 
[22:05:09.967] [INFO ] - Writing text [beau.marquardt@gmail.com]... (DriverListner:212) 
[22:05:10.336] [TRACE] - Text [beau.marquardt@gmail.com] has been entered... (DriverListner:67) 
[22:05:10.337] [TRACE] - Finding element by [By.id: SubmitCreate] (DriverListner:236) 
[22:05:10.380] [TRACE] - Element found using [By.id: SubmitCreate]... (DriverListner:91) 
[22:05:11.006] [INFO ] - Clicking on Element... (DriverListner:224) 
[22:05:11.221] [TRACE] - Clicked on element... (DriverListner:79) 
